2018-11-21 18:05:26.968194: I tensorflow/core/platform/cpu_feature_guard.cc:141] Your CPU supports instructions that this TensorFlow binary was not compiled to use: AVX2 FMA
Using TensorFlow backend.
/scratch/jl8429/venv1/lib/python3.6/site-packages/keras/callbacks.py:122: UserWarning: Method on_batch_end() is slow compared to the batch update (0.180127). Check your callbacks.
  % delta_t_median)
/scratch/jl8429/venv1/lib/python3.6/site-packages/keras/callbacks.py:122: UserWarning: Method on_batch_end() is slow compared to the batch update (0.154160). Check your callbacks.
  % delta_t_median)
8dqn
sgdn, 0.00001, 128k5, 128 hidden, batch 16, mem500k, gamma 0.8, reward10 self only, 2mil+
All scores: [4834, 1198, 5142, 4986]
All scores: [4894, 1388, 5064, 5103]
All scores: [4711, 1314, 5127, 5138]
All scores: [4880, 1312, 5080, 5125]
All scores: [4891, 1308, 5123, 5086]
0.5289990901947021 b
[17.36444091796875, 17.302818298339844, 19.80637550354004, 17.306055068969727, 17.230716705322266]
All scores: [4871, 1265, 5133, 5222]
[18.146167755126953, 16.676755905151367, 16.93915557861328, 17.0026798248291, 17.097843170166016]
All scores: [4913, 1196, 5235, 5124]
[18.575231552124023, 16.8433895111084, 17.00834846496582, 17.05879020690918, 17.092357635498047]
All scores: [4740, 1409, 5210, 5282]
[17.312231063842773, 15.827457427978516, 15.958683013916016, 15.98106575012207, 16.057453155517578]
All scores: [4828, 1270, 5266, 5101]
[16.387025833129883, 16.368488311767578, 18.55213737487793, 16.426115036010742, 16.293855667114258]
All scores: [4799, 1248, 5060, 5204]
[17.121307373046875, 17.18581199645996, 19.46124267578125, 17.253353118896484, 16.99378204345703]
All scores: [5035, 1309, 5221, 5210]
[17.236690521240234, 17.22848129272461, 19.49772071838379, 17.31352424621582, 17.2455997467041]
All scores: [4699, 1276, 5158, 5154]
[18.16364860534668, 16.761423110961914, 16.987886428833008, 16.994970321655273, 16.992570877075195]
All scores: [4810, 1222, 5045, 5159]
[17.641313552856445, 17.62118148803711, 20.192901611328125, 17.69607925415039, 17.581600189208984]
All scores: [4916, 1376, 5102, 5225]
[18.077810287475586, 16.667110443115234, 16.945642471313477, 16.847156524658203, 16.889596939086914]
All scores: [4985, 1405, 5116, 5022]
0.6840456128120422 b
[16.587188720703125, 16.682870864868164, 18.817493438720703, 16.650615692138672, 16.667255401611328]
All scores: [4961, 1271, 4930, 5190]
[17.931198120117188, 16.453718185424805, 16.634017944335938, 16.67291831970215, 16.738666534423828]
All scores: [4739, 1350, 5115, 5158]
[18.444643020629883, 17.035350799560547, 17.183181762695312, 17.18515396118164, 17.15988540649414]
All scores: [4696, 1322, 5139, 5122]
[17.292362213134766, 17.45361328125, 19.606678009033203, 17.485319137573242, 17.347047805786133]
All scores: [4696, 1405, 5053, 4988]
[17.60969352722168, 19.95282554626465, 17.472206115722656, 17.36147117614746, 17.25481414794922]
All scores: [4871, 1290, 4974, 5026]
[17.2017879486084, 17.022747039794922, 16.85492706298828, 21.397960662841797, 16.752317428588867]
All scores: [4921, 1291, 4996, 5120]
[16.353849411010742, 18.705671310424805, 16.08658790588379, 16.142475128173828, 16.12603759765625]
All scores: [4826, 1372, 5034, 5170]
[17.596738815307617, 20.015844345092773, 17.38728904724121, 17.265106201171875, 17.255762100219727]
All scores: [4857, 1241, 5245, 5252]
[16.24159812927246, 16.06123924255371, 16.071853637695312, 20.07240104675293, 15.845309257507324]
All scores: [4828, 1346, 5142, 5068]
[19.47461700439453, 17.911224365234375, 18.021791458129883, 17.94395637512207, 17.922496795654297]
All scores: [4918, 1346, 4935, 5057]
0.7837137579917908 b
[16.944814682006836, 16.790122985839844, 16.831998825073242, 20.98503303527832, 16.476354598999023]
All scores: [4937, 1325, 5185, 4994]
[16.809946060180664, 16.601768493652344, 16.634992599487305, 20.802446365356445, 16.377992630004883]
All scores: [4899, 1307, 5087, 4912]
[17.914432525634766, 16.497072219848633, 16.592124938964844, 16.62761688232422, 16.617919921875]
All scores: [4893, 1366, 5164, 5147]
[18.36292266845703, 20.836698532104492, 18.04047966003418, 18.14114761352539, 17.931015014648438]
All scores: [4930, 1328, 5092, 5108]
[16.845327377319336, 19.334369659423828, 16.885576248168945, 16.68895149230957, 16.59319305419922]
All scores: [4848, 1341, 5005, 5196]
[17.394845962524414, 17.4945125579834, 19.872116088867188, 17.482135772705078, 17.347427368164062]
All scores: [4858, 1234, 5146, 4982]
[16.667028427124023, 19.26118278503418, 16.519277572631836, 16.614748001098633, 16.50847816467285]
All scores: [4737, 1354, 5200, 5085]
[17.121501922607422, 17.18757438659668, 19.30512237548828, 17.151588439941406, 17.24810791015625]
All scores: [4811, 1381, 5024, 5159]
[17.857473373413086, 20.362060546875, 17.837583541870117, 17.761445999145508, 17.58953857421875]
All scores: [4846, 1234, 5319, 5038]
[17.727561950683594, 17.84653663635254, 20.10038185119629, 17.87404441833496, 17.767433166503906]
All scores: [4835, 1287, 5229, 5063]
0.6728532910346985 b
[18.169151306152344, 16.84832763671875, 16.83495330810547, 16.827054977416992, 16.754682540893555]
All scores: [4881, 1300, 5112, 5126]
[16.69733428955078, 16.648141860961914, 19.01406478881836, 16.71407127380371, 16.665876388549805]
All scores: [4880, 1334, 5103, 5091]
[18.691577911376953, 17.259525299072266, 17.19257354736328, 17.246051788330078, 17.312047958374023]
All scores: [4729, 1250, 5059, 5137]
[18.090913772583008, 17.970796585083008, 17.98290252685547, 22.36042594909668, 17.75140953063965]
All scores: [5014, 1237, 5003, 5148]
[17.883420944213867, 20.39491844177246, 17.652734756469727, 17.755943298339844, 17.64658546447754]
All scores: [4834, 1332, 5108, 5031]
[18.036048889160156, 16.94131088256836, 16.804075241088867, 17.01690101623535, 16.91304588317871]
All scores: [4945, 1229, 5146, 5211]
[17.92288589477539, 16.454605102539062, 16.55610466003418, 16.623571395874023, 16.55944061279297]
All scores: [4762, 1215, 5020, 5237]
[16.685606002807617, 16.657413482666016, 19.167707443237305, 16.848020553588867, 16.642858505249023]
All scores: [4849, 1302, 4958, 5019]
[16.858888626098633, 19.08812141418457, 16.834741592407227, 16.822214126586914, 16.637889862060547]
All scores: [4802, 1334, 5070, 5205]
[17.09429168701172, 16.97918128967285, 19.5124454498291, 16.98394203186035, 17.042556762695312]
All scores: [4893, 1352, 5045, 5056]
0.7345103025436401 b
[17.5195369720459, 17.59967041015625, 17.521068572998047, 21.721193313598633, 17.330848693847656]
All scores: [4859, 1224, 5124, 5113]
[17.259790420532227, 19.732126235961914, 17.14136505126953, 17.32634162902832, 17.12774658203125]
All scores: [4909, 1221, 5070, 5146]
[16.370187759399414, 16.431791305541992, 18.81528663635254, 16.458877563476562, 16.352863311767578]
All scores: [4896, 1245, 5143, 4986]
[16.715805053710938, 16.643524169921875, 18.95255470275879, 16.745140075683594, 16.50797462463379]
All scores: [5030, 1156, 5256, 4934]
[17.281173706054688, 20.017635345458984, 17.33725929260254, 17.315839767456055, 17.271209716796875]
All scores: [4866, 1259, 5210, 5188]
[16.750272750854492, 16.74044418334961, 16.66319465637207, 20.76848793029785, 16.384300231933594]
All scores: [5010, 1288, 5181, 5118]
[17.611135482788086, 20.14352035522461, 17.632722854614258, 17.53350067138672, 17.559200286865234]
All scores: [4817, 1373, 5113, 5142]
[17.316143035888672, 17.147802352905273, 17.203458786010742, 21.2414493560791, 16.957077026367188]
All scores: [4826, 1283, 5198, 5024]
[17.222055435180664, 19.615036010742188, 17.09654998779297, 17.19109535217285, 16.989561080932617]
All scores: [4732, 1371, 5079, 5198]
[17.230918884277344, 19.673809051513672, 17.13982582092285, 17.04452133178711, 17.104637145996094]
All scores: [4980, 1271, 5107, 5039]
0.6001623868942261 b
[17.6776123046875, 16.662843704223633, 16.431554794311523, 16.59705924987793, 16.401094436645508]
All scores: [4749, 1391, 5176, 5027]
[17.183372497558594, 19.597820281982422, 17.037382125854492, 17.04494857788086, 17.11992645263672]
All scores: [4850, 1307, 4946, 5135]
[16.614316940307617, 16.688278198242188, 19.075345993041992, 16.784223556518555, 16.689922332763672]
All scores: [4824, 1416, 5031, 5120]
[16.893735885620117, 17.031803131103516, 19.319034576416016, 16.938905715942383, 17.091020584106445]
All scores: [4904, 1276, 5033, 5169]
[17.074230194091797, 16.92869758605957, 19.601749420166016, 17.039119720458984, 16.883495330810547]
All scores: [4934, 1253, 5041, 5272]
[17.650087356567383, 17.696815490722656, 20.300647735595703, 17.730365753173828, 17.434589385986328]
All scores: [4957, 1355, 5083, 5035]
[19.017196655273438, 17.839759826660156, 17.70429801940918, 17.869091033935547, 17.81374740600586]
All scores: [4818, 1403, 5140, 5078]
[17.430484771728516, 19.80437469482422, 17.564756393432617, 17.44590187072754, 17.226104736328125]
All scores: [4820, 1431, 5049, 5145]
[16.222230911254883, 16.26691436767578, 18.714662551879883, 16.234228134155273, 16.14813995361328]
All scores: [4871, 1228, 5130, 5056]
[16.598764419555664, 16.785879135131836, 16.864530563354492, 20.658750534057617, 16.493614196777344]
All scores: [4965, 1144, 5181, 5199]
0.8482191562652588 b
[18.80555534362793, 17.617576599121094, 17.54806900024414, 17.442472457885742, 17.593534469604492]
All scores: [4753, 1220, 5159, 5193]
[17.521961212158203, 19.930770874023438, 17.453067779541016, 17.338178634643555, 17.285608291625977]
All scores: [4880, 1324, 5102, 5033]
[16.836999893188477, 19.182004928588867, 16.824264526367188, 16.77437973022461, 16.616674423217773]
All scores: [4873, 1363, 4965, 5304]
[16.2733211517334, 16.336862564086914, 18.762338638305664, 16.24334716796875, 16.39752769470215]
All scores: [4850, 1304, 5130, 5167]
[18.000280380249023, 16.65162467956543, 16.5073184967041, 16.519800186157227, 16.51645851135254]
All scores: [4851, 1344, 5233, 5161]
[17.691389083862305, 17.817399978637695, 20.18341064453125, 17.88848304748535, 17.786643981933594]
All scores: [4984, 1274, 5160, 5216]
[16.551025390625, 18.9874267578125, 16.49860382080078, 16.543800354003906, 16.587493896484375]
All scores: [4781, 1358, 5131, 5112]
[18.927751541137695, 17.60987091064453, 17.512041091918945, 17.64981460571289, 17.634830474853516]
All scores: [4864, 1396, 5133, 5152]
[19.077810287475586, 17.916566848754883, 17.80350685119629, 17.885311126708984, 17.829059600830078]
All scores: [4682, 1344, 5118, 5028]
[15.908914566040039, 16.09786033630371, 18.25861167907715, 16.125244140625, 16.036413192749023]
All scores: [4664, 1337, 4957, 5219]
0.6148788332939148 b
[17.57318115234375, 17.565296173095703, 17.70655632019043, 21.932092666625977, 17.448118209838867]
All scores: [4941, 1438, 5246, 5097]
[18.386445999145508, 17.136079788208008, 16.95841407775879, 16.94883918762207, 17.07048225402832]
All scores: [4812, 1350, 5077, 5234]
[16.955114364624023, 16.735759735107422, 17.00605010986328, 20.730012893676758, 16.64788055419922]
All scores: [4965, 1258, 5181, 5192]
[17.261648178100586, 19.372234344482422, 17.036128997802734, 16.906139373779297, 16.9078426361084]
All scores: [4854, 1318, 5127, 5098]
[18.84130859375, 17.494611740112305, 17.51190757751465, 17.562530517578125, 17.513139724731445]
All scores: [4926, 1249, 5086, 5050]
[17.9674072265625, 16.675859451293945, 16.62318992614746, 16.6651668548584, 16.54133415222168]
All scores: [4830, 1416, 5157, 5179]
[17.812210083007812, 17.711158752441406, 17.8306827545166, 21.90349006652832, 17.524616241455078]
All scores: [4806, 1304, 5242, 4958]
[17.001005172729492, 17.275911331176758, 19.588685989379883, 17.167787551879883, 17.022951126098633]
All scores: [4625, 1412, 5217, 5153]
[17.965890884399414, 16.729938507080078, 16.561738967895508, 16.702726364135742, 16.541601181030273]
All scores: [4915, 1228, 5207, 5113]
[16.65707015991211, 16.6701717376709, 18.965288162231445, 16.624235153198242, 16.615737915039062]
All scores: [4829, 1334, 5168, 5025]
0.4541327953338623 b
[17.437089920043945, 17.528263092041016, 19.945659637451172, 17.4698429107666, 17.361560821533203]
All scores: [4931, 1296, 5105, 5111]
[17.291990280151367, 17.198530197143555, 17.247352600097656, 21.26982879638672, 16.96996307373047]
All scores: [4804, 1217, 5109, 5245]
[18.790327072143555, 17.339420318603516, 17.359220504760742, 17.22916603088379, 17.25956153869629]
All scores: [4878, 1176, 5113, 5322]
[16.522132873535156, 16.739013671875, 16.690448760986328, 20.43861961364746, 16.406923294067383]
All scores: [4732, 1473, 5127, 5072]
[16.802766799926758, 19.0770263671875, 16.617504119873047, 16.612117767333984, 16.64260482788086]
All scores: [4833, 1230, 5054, 5084]
[17.048274993896484, 19.375154495239258, 16.939369201660156, 17.192893981933594, 16.881147384643555]
All scores: [4774, 1331, 4848, 5090]
[17.102209091186523, 17.111061096191406, 17.248592376708984, 21.065261840820312, 16.87412452697754]
All scores: [4730, 1318, 4819, 5272]
[16.19320297241211, 18.4435977935791, 16.037242889404297, 16.17339324951172, 15.973821640014648]
All scores: [4843, 1221, 5086, 5016]
[19.037235260009766, 17.706377029418945, 17.550315856933594, 17.60015869140625, 17.60400390625]
All scores: [4878, 1348, 5042, 5130]
[17.62740135192871, 19.987422943115234, 17.475419998168945, 17.419301986694336, 17.38618278503418]
All scores: [4987, 1317, 4952, 5132]
0.5771215558052063 b
[16.624568939208984, 19.064062118530273, 16.426902770996094, 16.48187255859375, 16.511964797973633]
All scores: [4950, 1299, 5228, 5086]
[16.549108505249023, 16.554475784301758, 19.021196365356445, 16.597143173217773, 16.425148010253906]
All scores: [4951, 1242, 5067, 5149]
[18.230571746826172, 16.718538284301758, 16.721637725830078, 16.82002830505371, 16.743167877197266]
All scores: [4991, 1269, 4861, 5130]
[15.872886657714844, 18.315706253051758, 15.969001770019531, 15.931817054748535, 15.919039726257324]
All scores: [4861, 1308, 5080, 5160]
[16.44700813293457, 16.403446197509766, 16.436763763427734, 20.3678035736084, 16.37065315246582]
All scores: [4720, 1281, 5164, 5056]
[16.380260467529297, 16.30753517150879, 18.56290626525879, 16.425838470458984, 16.3050537109375]
All scores: [4968, 1255, 5078, 5138]
[17.16971778869629, 17.304523468017578, 19.574806213378906, 17.233577728271484, 17.286914825439453]
All scores: [4953, 1281, 5097, 5164]
[17.323543548583984, 17.182783126831055, 17.293609619140625, 21.272594451904297, 17.110506057739258]
All scores: [4907, 1329, 4983, 5213]
[17.642019271850586, 20.064817428588867, 17.46084976196289, 17.58631706237793, 17.374431610107422]
All scores: [4771, 1300, 5102, 5089]
[18.458608627319336, 16.939430236816406, 16.92734718322754, 17.080787658691406, 16.87385368347168]
All scores: [4894, 1300, 5223, 4878]
0.82691490650177 b
[19.267915725708008, 17.840801239013672, 17.884286880493164, 17.81570816040039, 17.699472427368164]
All scores: [4735, 1393, 5134, 5205]
[16.27813148498535, 16.475168228149414, 16.588319778442383, 20.43959617614746, 16.335285186767578]
All scores: [4831, 1305, 5061, 5119]
[17.728919982910156, 16.253700256347656, 16.199642181396484, 16.358081817626953, 16.219985961914062]
All scores: [4799, 1354, 4985, 5122]
[16.80821418762207, 16.65741539001465, 16.774606704711914, 20.788860321044922, 16.616310119628906]
All scores: [4663, 1297, 5165, 4986]
[17.255186080932617, 17.08679962158203, 17.164093017578125, 21.32749366760254, 17.048931121826172]
All scores: [4840, 1326, 5010, 5235]
[16.89873504638672, 19.286968231201172, 16.803936004638672, 16.834720611572266, 16.734901428222656]
All scores: [4996, 1299, 5179, 5074]
[16.98952293395996, 19.365476608276367, 16.989734649658203, 17.005319595336914, 16.758132934570312]
All scores: [4875, 1216, 5031, 5064]
[16.51136589050293, 18.828571319580078, 16.424779891967773, 16.458356857299805, 16.384931564331055]
All scores: [4655, 1379, 5131, 5103]
[17.30139923095703, 17.346670150756836, 19.879409790039062, 17.44295310974121, 17.312257766723633]
All scores: [4936, 1351, 4843, 5156]
[16.303939819335938, 16.438037872314453, 18.861406326293945, 16.397584915161133, 16.334657669067383]
All scores: [5042, 1122, 5276, 5037]
0.7885914444923401 b
[16.25236701965332, 16.14118766784668, 16.23991584777832, 20.06316566467285, 16.124235153198242]
All scores: [4832, 1329, 5025, 5188]
[17.81153106689453, 17.976343154907227, 17.82586669921875, 22.144107818603516, 17.588268280029297]
All scores: [4788, 1324, 5111, 4999]
[18.803964614868164, 21.175464630126953, 18.715274810791016, 18.517976760864258, 18.427255630493164]
All scores: [4883, 1363, 5095, 5043]
[17.561717987060547, 17.409820556640625, 20.072742462158203, 17.51161003112793, 17.295827865600586]
All scores: [4868, 1289, 5117, 5096]
[16.548110961914062, 16.530715942382812, 18.873027801513672, 16.644948959350586, 16.382328033447266]
All scores: [4945, 1314, 5193, 5198]
[19.007673263549805, 17.661495208740234, 17.450515747070312, 17.46898651123047, 17.604032516479492]
All scores: [4703, 1297, 4989, 5241]
[16.610822677612305, 19.078290939331055, 16.66375732421875, 16.531919479370117, 16.538057327270508]
All scores: [4825, 1362, 5063, 5266]
[16.227413177490234, 16.169004440307617, 16.34095001220703, 20.255685806274414, 16.167734146118164]
All scores: [4833, 1285, 5085, 5118]
[17.393394470214844, 17.08234214782715, 17.24698257446289, 21.337055206298828, 17.194541931152344]
All scores: [4940, 1259, 5091, 5155]
[17.53800392150879, 17.68184471130371, 20.049144744873047, 17.620363235473633, 17.595596313476562]
All scores: [4733, 1328, 5089, 4848]
0.7263128757476807 b
[16.658029556274414, 19.20539665222168, 16.698226928710938, 16.658613204956055, 16.592653274536133]
All scores: [4855, 1338, 5148, 5045]
[18.31907081604004, 16.87264633178711, 16.727901458740234, 16.694522857666016, 16.857261657714844]
All scores: [4959, 1255, 5231, 5111]
[18.998046875, 17.511394500732422, 17.45075798034668, 17.729785919189453, 17.492172241210938]
All scores: [4904, 1269, 5072, 5194]
[16.884273529052734, 16.865896224975586, 19.513195037841797, 16.92938995361328, 16.7927303314209]
All scores: [4762, 1228, 5071, 5116]
[17.200679779052734, 17.202600479125977, 19.871217727661133, 17.16510581970215, 17.100811004638672]
All scores: [4806, 1290, 5025, 5247]
[17.316987991333008, 19.694835662841797, 17.19567108154297, 17.084575653076172, 17.09348487854004]
All scores: [4921, 1371, 5072, 5110]
[17.82362174987793, 17.600841522216797, 20.524024963378906, 17.76035499572754, 17.6307373046875]
All scores: [4638, 1348, 5067, 5228]
[17.406320571899414, 15.966194152832031, 15.987386703491211, 16.056848526000977, 15.915547370910645]
All scores: [4708, 1379, 5170, 5288]
[17.848928451538086, 17.97414207458496, 18.02569007873535, 22.260501861572266, 17.688125610351562]
All scores: [4906, 1359, 5110, 5105]
[18.080739974975586, 17.981910705566406, 17.957773208618164, 22.546825408935547, 17.956268310546875]
All scores: [4748, 1378, 5082, 5272]
1.1063480377197266 b
[17.140155792236328, 19.440053939819336, 16.982458114624023, 17.005041122436523, 16.926990509033203]
All scores: [4878, 1357, 5190, 5079]
[16.861059188842773, 16.87525177001953, 19.3148250579834, 16.925132751464844, 16.945083618164062]
All scores: [4829, 1397, 5171, 5132]
[17.51835823059082, 17.595867156982422, 20.05852699279785, 17.713821411132812, 17.517858505249023]
All scores: [4851, 1294, 5034, 5126]
[17.885107040405273, 17.880630493164062, 17.923967361450195, 22.30546760559082, 17.784345626831055]
All scores: [4768, 1416, 4923, 5115]
[16.797996520996094, 16.845935821533203, 16.78124237060547, 20.93390464782715, 16.640953063964844]
All scores: [4828, 1342, 5296, 5065]
[16.582021713256836, 16.536361694335938, 16.58222770690918, 20.4022159576416, 16.332332611083984]
All scores: [4797, 1310, 5118, 5021]
[16.641061782836914, 16.782917022705078, 16.64807891845703, 20.78334617614746, 16.52680778503418]
All scores: [4953, 1306, 5099, 5115]
[17.425949096679688, 17.259029388427734, 17.26094627380371, 21.5485782623291, 17.157974243164062]
All scores: [4884, 1276, 5172, 5147]
[17.66534423828125, 20.013835906982422, 17.648616790771484, 17.527801513671875, 17.389856338500977]
All scores: [4824, 1306, 4969, 5027]
[17.276159286499023, 17.09212875366211, 17.117599487304688, 21.286144256591797, 16.936511993408203]
All scores: [4808, 1356, 5157, 5056]
0.542352020740509 b
[17.36427116394043, 17.58893394470215, 19.787599563598633, 17.60049057006836, 17.466938018798828]
All scores: [4908, 1156, 4967, 5162]
[16.90726661682129, 16.75701332092285, 19.31631851196289, 16.79538917541504, 16.829931259155273]
All scores: [4874, 1380, 5064, 4925]
[16.203535079956055, 16.25952911376953, 18.538854598999023, 16.18214225769043, 16.16541290283203]
All scores: [4700, 1266, 5005, 5191]
[18.378238677978516, 20.968103408813477, 18.331777572631836, 18.202062606811523, 18.30025291442871]
All scores: [4792, 1334, 5067, 5208]
[16.52189826965332, 16.555908203125, 16.701908111572266, 20.727506637573242, 16.458019256591797]
All scores: [4881, 1345, 5051, 5096]
[17.494050979614258, 20.01861572265625, 17.508920669555664, 17.447473526000977, 17.258651733398438]
All scores: [4939, 1222, 5215, 5020]
[17.275066375732422, 17.39557647705078, 17.42989730834961, 21.384550094604492, 17.169254302978516]
All scores: [4889, 1341, 5194, 5144]
[17.913814544677734, 17.924150466918945, 17.955846786499023, 22.29793357849121, 17.90951919555664]
All scores: [4994, 1271, 5037, 5171]
[16.238628387451172, 16.227527618408203, 18.586036682128906, 16.218460083007812, 16.194108963012695]
All scores: [4811, 1305, 5090, 4967]
[16.874069213867188, 19.16193199157715, 16.89784049987793, 16.838956832885742, 16.650253295898438]
All scores: [4933, 1313, 5140, 5053]
0.5000517964363098 b
[18.766887664794922, 21.201705932617188, 18.619298934936523, 18.463634490966797, 18.379304885864258]
All scores: [4865, 1366, 5163, 5139]
[18.109731674194336, 17.985158920288086, 17.94999122619629, 22.36821746826172, 17.758333206176758]
All scores: [4815, 1343, 4963, 4996]
[17.253389358520508, 19.737773895263672, 17.183517456054688, 17.10184097290039, 17.11646842956543]
All scores: [4899, 1201, 5039, 5052]
[16.92111587524414, 16.96131706237793, 16.963346481323242, 21.1632022857666, 16.887042999267578]
All scores: [4838, 1356, 5158, 4941]
[16.892812728881836, 19.58016014099121, 16.862382888793945, 16.904155731201172, 16.87781524658203]
All scores: [4832, 1193, 5125, 5230]
[17.185569763183594, 17.218570709228516, 19.59290313720703, 17.187294006347656, 17.065895080566406]
All scores: [4980, 1256, 5127, 5059]
[20.41010284423828, 18.730857849121094, 18.736854553222656, 18.677993774414062, 18.747343063354492]
All scores: [4816, 1336, 5098, 5223]
[15.917486190795898, 15.955672264099121, 18.303070068359375, 15.956250190734863, 15.829587936401367]
All scores: [4794, 1296, 5050, 5176]
[16.41402244567871, 16.412675857543945, 16.513086318969727, 20.41956329345703, 16.336151123046875]
All scores: [4826, 1403, 5138, 5152]
[17.60625457763672, 16.261484146118164, 16.16097068786621, 16.35065460205078, 16.245262145996094]
All scores: [4738, 1440, 5125, 4982]
0.8326905965805054 b
[16.17621612548828, 18.607820510864258, 16.096731185913086, 16.154470443725586, 16.082578659057617]
All scores: [4771, 1401, 5216, 4936]
[16.35683250427246, 16.336502075195312, 18.693540573120117, 16.37495994567871, 16.408618927001953]
All scores: [4874, 1363, 5188, 5148]
[16.9901123046875, 16.81375503540039, 19.435577392578125, 16.932973861694336, 16.76287078857422]
All scores: [4979, 1175, 5254, 5091]
[17.79001235961914, 17.526697158813477, 17.594755172729492, 21.79500961303711, 17.501575469970703]
All scores: [4758, 1273, 5132, 5199]
[20.048654556274414, 18.80863380432129, 18.727787017822266, 18.700227737426758, 18.671175003051758]
All scores: [4759, 1344, 5158, 5021]
[16.46050453186035, 18.784597396850586, 16.435644149780273, 16.42957878112793, 16.28285789489746]
All scores: [4897, 1256, 5131, 5046]
[16.03201675415039, 16.110837936401367, 18.370372772216797, 16.095251083374023, 16.02783966064453]
All scores: [4819, 1232, 5258, 5048]
[17.098194122314453, 17.204572677612305, 19.509767532348633, 17.108448028564453, 16.99560546875]
All scores: [4783, 1337, 5258, 5009]
[17.169466018676758, 17.06969451904297, 19.53942108154297, 17.10749626159668, 17.151968002319336]
All scores: [4823, 1202, 5343, 5147]
[17.50105857849121, 17.639142990112305, 20.016319274902344, 17.46135902404785, 17.3880615234375]
All scores: [4851, 1224, 5111, 5201]
0.559907078742981 b
[16.647722244262695, 16.60381507873535, 16.644248962402344, 20.673519134521484, 16.375890731811523]
All scores: [4879, 1367, 5160, 5026]
[16.613067626953125, 16.54292869567871, 18.997957229614258, 16.547950744628906, 16.472347259521484]
All scores: [4917, 1251, 4947, 5079]
[17.231842041015625, 17.139448165893555, 17.20134735107422, 21.412267684936523, 17.129236221313477]
All scores: [4941, 1261, 5235, 5049]
[19.199277877807617, 17.773170471191406, 17.879608154296875, 17.94014549255371, 17.707189559936523]
All scores: [4902, 1350, 5121, 5012]
[17.448978424072266, 19.855924606323242, 17.345905303955078, 17.54494857788086, 17.26888084411621]
All scores: [4987, 1299, 5121, 5121]
[17.464189529418945, 17.542699813842773, 20.03740119934082, 17.582250595092773, 17.417800903320312]
All scores: [4831, 1227, 5161, 5146]
[18.101770401000977, 16.861135482788086, 16.91286849975586, 16.862998962402344, 16.78846549987793]
All scores: [4921, 1328, 5014, 5111]
[18.381427764892578, 20.843505859375, 18.25670623779297, 18.154273986816406, 18.24927520751953]
All scores: [4731, 1302, 5199, 5100]
[17.59598731994629, 16.17744255065918, 16.39931869506836, 16.237091064453125, 16.10076141357422]
All scores: [4733, 1329, 5096, 5085]
[18.9029541015625, 17.428546905517578, 17.244976043701172, 17.449512481689453, 17.490001678466797]
All scores: [4802, 1274, 5137, 5255]
0.33381685614585876 b
[18.689655303955078, 17.25054359436035, 17.309307098388672, 17.47312355041504, 17.357337951660156]
All scores: [4849, 1215, 5115, 5128]
[16.82669448852539, 19.169292449951172, 16.67017936706543, 16.683361053466797, 16.698152542114258]
All scores: [4831, 1286, 5031, 5342]
[17.133312225341797, 19.6419677734375, 17.15479850769043, 17.06167221069336, 17.076276779174805]
All scores: [4879, 1282, 5078, 5016]
[18.830442428588867, 17.590362548828125, 17.744091033935547, 17.881473541259766, 17.72763442993164]
All scores: [4791, 1294, 5024, 5125]
[16.11142349243164, 18.46068000793457, 16.138795852661133, 16.155954360961914, 16.032920837402344]
All scores: [4996, 1340, 5103, 5166]
[17.776872634887695, 17.689239501953125, 17.768152236938477, 22.142160415649414, 17.590633392333984]
All scores: [4980, 1202, 5033, 5213]
[17.18883514404297, 17.284873962402344, 19.523242950439453, 17.292490005493164, 17.201335906982422]
All scores: [4859, 1282, 5066, 5010]
[16.116186141967773, 15.94179630279541, 16.16509437561035, 19.984689712524414, 16.02511215209961]
All scores: [4969, 1355, 5056, 5197]
[18.593223571777344, 17.121299743652344, 17.08930206298828, 17.1517276763916, 17.180377960205078]
All scores: [4855, 1262, 5060, 5047]
[17.903162002563477, 17.880924224853516, 20.43621826171875, 17.853412628173828, 17.981664657592773]
All scores: [5078, 1362, 5042, 4944]
0.16714566946029663 b
[17.18990707397461, 17.15659523010254, 17.383338928222656, 21.38468360900879, 17.12413215637207]
All scores: [4846, 1161, 5075, 5106]
[18.77190589904785, 21.560810089111328, 18.644121170043945, 18.81772804260254, 18.65499496459961]
All scores: [4742, 1305, 5275, 5058]
[16.779476165771484, 16.738393783569336, 19.47683334350586, 16.806055068969727, 16.81947135925293]
All scores: [4695, 1437, 5073, 5370]
[16.366193771362305, 16.522520065307617, 18.88853645324707, 16.32823371887207, 16.51247215270996]
All scores: [4983, 1167, 5193, 5092]
[16.534711837768555, 16.733869552612305, 18.987585067749023, 16.570066452026367, 16.499189376831055]
All scores: [4833, 1376, 5236, 5189]
[17.712865829467773, 16.37824058532715, 16.31260108947754, 16.384334564208984, 16.336200714111328]
All scores: [4875, 1307, 5032, 5191]
[17.452730178833008, 19.701614379882812, 17.332775115966797, 17.306249618530273, 17.11314582824707]
All scores: [4820, 1342, 5242, 5080]
[18.70720100402832, 17.09984588623047, 17.170833587646484, 17.371902465820312, 17.232677459716797]
All scores: [4835, 1232, 5116, 5225]
[16.517980575561523, 16.523910522460938, 19.00058364868164, 16.57243537902832, 16.449453353881836]
All scores: [4636, 1264, 5136, 5157]
[17.27611541748047, 19.637500762939453, 17.338401794433594, 17.239755630493164, 17.151378631591797]
All scores: [4941, 1269, 5074, 5061]
0.7106829881668091 b
[16.40179443359375, 18.7831974029541, 16.378692626953125, 16.45668601989746, 16.313974380493164]
All scores: [4894, 1215, 5208, 5102]
[16.790264129638672, 16.81200408935547, 19.08632469177246, 16.59025764465332, 16.693756103515625]
All scores: [4838, 1256, 5179, 4987]
[18.021528244018555, 16.783926010131836, 16.67148208618164, 16.850112915039062, 16.705503463745117]
All scores: [4812, 1306, 5078, 4959]
[19.007083892822266, 17.685850143432617, 18.007476806640625, 17.80216407775879, 17.750089645385742]
All scores: [4920, 1247, 4999, 5151]
[18.169132232666016, 16.77415657043457, 16.91448974609375, 16.679859161376953, 16.73477554321289]
All scores: [4798, 1340, 5050, 5129]
[19.86350440979004, 18.378456115722656, 18.4483699798584, 18.483665466308594, 18.41709327697754]
All scores: [1018947, 273818, 1072425, 1074199]
Team scores: [1292765, 2146624]
