Using TensorFlow backend.
/scratch/jl8429/coopai/agents12g2.py:159: UserWarning: Update your `Model` call to the Keras 2 API: `Model(inputs=[<tf.Tenso..., outputs=Tensor("mu...)`
  model = Model(input=[frames_input, actions_input], output=filtered_output)
/scratch/jl8429/venv1/lib/python3.6/site-packages/keras/callbacks.py:122: UserWarning: Method on_batch_end() is slow compared to the batch update (0.236006). Check your callbacks.
  % delta_t_median)
/scratch/jl8429/venv1/lib/python3.6/site-packages/keras/callbacks.py:122: UserWarning: Method on_batch_end() is slow compared to the batch update (0.281477). Check your callbacks.
  % delta_t_median)
/scratch/jl8429/venv1/lib/python3.6/site-packages/keras/callbacks.py:122: UserWarning: Method on_batch_end() is slow compared to the batch update (0.151839). Check your callbacks.
  % delta_t_median)
/scratch/jl8429/venv1/lib/python3.6/site-packages/keras/callbacks.py:122: UserWarning: Method on_batch_end() is slow compared to the batch update (0.224524). Check your callbacks.
  % delta_t_median)
/scratch/jl8429/venv1/lib/python3.6/site-packages/keras/callbacks.py:122: UserWarning: Method on_batch_end() is slow compared to the batch update (0.188468). Check your callbacks.
  % delta_t_median)
/scratch/jl8429/venv1/lib/python3.6/site-packages/keras/callbacks.py:122: UserWarning: Method on_batch_end() is slow compared to the batch update (0.166632). Check your callbacks.
  % delta_t_median)
/scratch/jl8429/venv1/lib/python3.6/site-packages/keras/callbacks.py:122: UserWarning: Method on_batch_end() is slow compared to the batch update (0.181357). Check your callbacks.
  % delta_t_median)
/scratch/jl8429/venv1/lib/python3.6/site-packages/keras/callbacks.py:122: UserWarning: Method on_batch_end() is slow compared to the batch update (0.274389). Check your callbacks.
  % delta_t_median)
/scratch/jl8429/venv1/lib/python3.6/site-packages/keras/callbacks.py:122: UserWarning: Method on_batch_end() is slow compared to the batch update (0.412050). Check your callbacks.
  % delta_t_median)
/scratch/jl8429/venv1/lib/python3.6/site-packages/keras/callbacks.py:122: UserWarning: Method on_batch_end() is slow compared to the batch update (0.342390). Check your callbacks.
  % delta_t_median)
/scratch/jl8429/venv1/lib/python3.6/site-packages/keras/callbacks.py:122: UserWarning: Method on_batch_end() is slow compared to the batch update (0.435483). Check your callbacks.
  % delta_t_median)
/scratch/jl8429/venv1/lib/python3.6/site-packages/keras/callbacks.py:122: UserWarning: Method on_batch_end() is slow compared to the batch update (0.414219). Check your callbacks.
  % delta_t_median)
12dqn
12dqn2, sgdn, 0.00001, 256k5, batch 8, rewardall10
All scores: [3180, 320, 3210, 3234]
All scores: [3417, 303, 3217, 3177]
All scores: [3294, 321, 3334, 3232]
All scores: [3281, 271, 3160, 3317]
All scores: [3278, 253, 3093, 3295]
10.047748565673828 b
[0.06617196649312973, 0.04403945803642273, -0.045586973428726196, -0.0023852260783314705, -0.03032616898417473]
All scores: [3121, 284, 3271, 3341]
[0.11619751900434494, -0.06563859432935715, -0.03014775738120079, 0.03820449113845825, -0.003963209223002195]
All scores: [3159, 290, 3198, 3259]
[0.10407969355583191, -0.054312512278556824, -0.01563708856701851, 0.06420598924160004, -0.002041236963123083]
All scores: [3259, 343, 3262, 3203]
[0.026489101350307465, -0.04081794247031212, 0.023259969428181648, -0.04340347647666931, -0.05027857422828674]
All scores: [3367, 281, 3410, 3302]
[-0.05277964100241661, -0.015198247507214546, 0.0299069806933403, 0.03235899284482002, -0.042275477200746536]
All scores: [3076, 306, 2990, 3292]
[-0.023392541334033012, -0.023496802896261215, 0.010509978048503399, 0.03405332937836647, -0.03199775144457817]
All scores: [3174, 318, 3273, 3127]
[0.021411191672086716, -0.06519771367311478, -0.06506640464067459, -0.024787504225969315, -0.041531775146722794]
All scores: [3267, 276, 3342, 3229]
[0.039704810827970505, -0.07693975418806076, -0.051391229033470154, -0.005498647689819336, -0.02225201576948166]
All scores: [3252, 236, 3198, 3159]
[-0.028064768761396408, -0.09139677882194519, -0.08187542110681534, 0.020157465711236, -0.1020803153514862]
All scores: [3322, 306, 3173, 3275]
[0.017048286274075508, -0.07240547984838486, -0.02023366093635559, -0.025723114609718323, -0.0033648982644081116]
All scores: [3201, 298, 3296, 3047]
0.0005454777274280787 b
[-0.08890163153409958, -0.026425275951623917, -0.06930943578481674, -0.07968290150165558, -0.0772487074136734]
All scores: [3182, 259, 3228, 3290]
[-0.015758058056235313, -0.0424199178814888, -0.04496186226606369, -0.02101253718137741, -0.08920099586248398]
All scores: [3187, 246, 3387, 3228]
[-0.07354720681905746, -0.001590389758348465, 0.018178917467594147, -0.053909845650196075, -0.008724557235836983]
All scores: [3088, 312, 3181, 3210]
[-0.059530243277549744, -0.08445107936859131, -0.012287076562643051, -0.030609386041760445, -0.0529966838657856]
All scores: [3139, 299, 3178, 3306]
[-0.0025664567947387695, -0.07549041509628296, -0.05691029131412506, -0.050545964390039444, -0.02708509936928749]
All scores: [3069, 290, 3118, 3247]
[-0.05680590122938156, -0.10807004570960999, -0.054664671421051025, -0.017712382599711418, 0.03035719133913517]
All scores: [3280, 300, 3162, 3134]
[-0.05873049050569534, -0.034896790981292725, -0.08819735050201416, -0.04914359375834465, -0.08384900540113449]
All scores: [3214, 289, 3226, 3236]
[-0.04765468090772629, -0.11413108557462692, -0.10521608591079712, -0.05540512129664421, -0.1094321608543396]
All scores: [3216, 281, 3128, 3181]
[-0.027945883572101593, -0.09776690602302551, -0.07120977342128754, -0.04754337668418884, -0.08683105558156967]
All scores: [3221, 276, 3363, 3276]
[-0.060042623430490494, -0.012269408442080021, -0.015851791948080063, -0.041091859340667725, -0.048907194286584854]
All scores: [3120, 301, 3308, 3252]
3.9570817947387695 b
[-0.07194770127534866, -0.06702686101198196, -0.08865262567996979, -0.10193421691656113, -0.004623115062713623]
All scores: [3193, 240, 3165, 3206]
[-0.026086753234267235, -0.16837845742702484, -0.07969516515731812, -0.15932226181030273, -0.12091471254825592]
All scores: [3170, 274, 3263, 3187]
[-0.136101633310318, -0.05488171428442001, -0.09683540463447571, -0.11798064410686493, -0.09253280609846115]
All scores: [3293, 254, 3136, 3268]
[-0.037858061492443085, -0.044541582465171814, -0.0401628352701664, -0.039501436054706573, -0.0045763049274683]
All scores: [3178, 307, 3300, 3058]
[-0.07207390666007996, -0.12805761396884918, -0.13691525161266327, -0.06122998148202896, -0.13245593011379242]
All scores: [3268, 282, 3211, 3266]
[-0.11547538638114929, -0.17813685536384583, -0.09060841053724289, -0.1195538341999054, -0.15074196457862854]
All scores: [3203, 247, 3145, 3234]
[-0.11838624626398087, -0.18421292304992676, -0.15600571036338806, -0.19767320156097412, -0.10632261633872986]
All scores: [3282, 290, 3152, 3232]
[-0.04176781326532364, -0.07094185799360275, 0.00814633909612894, -0.07420157641172409, -0.056109584867954254]
All scores: [3337, 258, 3249, 3056]
[-0.15952351689338684, -0.23813775181770325, -0.15531820058822632, -0.1582198143005371, -0.2393016219139099]
All scores: [3366, 305, 3207, 3285]
[-0.12244641035795212, -0.15072856843471527, -0.152170330286026, -0.08696513622999191, -0.06858298182487488]
All scores: [3270, 314, 3228, 3285]
1.9324978590011597 b
[-0.1849934458732605, -0.26282942295074463, -0.14689137041568756, -0.27265655994415283, -0.3170730769634247]
All scores: [3181, 282, 3196, 3187]
[-0.17317788302898407, -0.12829770147800446, -0.1515686810016632, -0.1348741054534912, -0.07354173064231873]
All scores: [3203, 280, 3314, 3252]
[-0.1422501802444458, -0.06266094744205475, -0.10660336911678314, -0.060640402138233185, -0.1264701783657074]
All scores: [3130, 312, 3406, 3214]
[-0.1720017045736313, -0.06735313683748245, -0.11424346268177032, -0.20192623138427734, -0.058603208512067795]
All scores: [3169, 360, 3127, 3340]
[-0.05145322531461716, -0.07795002311468124, 0.021457362920045853, -0.15464529395103455, -0.06829763203859329]
All scores: [3220, 284, 3208, 3155]
[-0.20973049104213715, -0.2755110263824463, -0.2885288596153259, -0.3266560733318329, -0.18927499651908875]
All scores: [3070, 296, 3181, 3292]
[-0.33909595012664795, -0.3561708927154541, -0.3169730305671692, -0.3200511038303375, -0.4234605133533478]
All scores: [3228, 350, 3229, 3216]
[-0.2380778193473816, -0.3283190429210663, -0.2570188641548157, -0.17723962664604187, -0.17530030012130737]
All scores: [3187, 334, 3335, 3132]
[-0.4185771048069, -0.43362951278686523, -0.3263735771179199, -0.48406463861465454, -0.44511157274246216]
All scores: [3325, 299, 3279, 3326]
[-0.4815191924571991, -0.3474140763282776, -0.31822794675827026, -0.42263928055763245, -0.428484171628952]
All scores: [3231, 311, 3213, 3094]
7.991137981414795 b
[-0.30677780508995056, -0.36132416129112244, -0.29348328709602356, -0.39678511023521423, -0.3525700271129608]
All scores: [3146, 341, 3321, 3110]
[-0.3041459321975708, -0.42181268334388733, -0.41636666655540466, -0.39372673630714417, -0.3533855080604553]
All scores: [3179, 317, 3372, 3080]
[-0.6200095415115356, -0.5213577747344971, -0.4374486207962036, -0.4964207410812378, -0.5159717798233032]
All scores: [3093, 287, 3201, 3122]
[-0.5820034742355347, -0.5148535966873169, -0.4166126251220703, -0.5015914440155029, -0.59232497215271]
All scores: [3225, 322, 3353, 3232]
[-0.6479604840278625, -0.600628137588501, -0.5199273824691772, -0.5739919543266296, -0.7029038667678833]
All scores: [3228, 363, 3240, 3244]
[-0.42674189805984497, -0.6754871606826782, -0.4127413332462311, -0.2113034427165985, -0.2846902310848236]
All scores: [3235, 325, 3140, 3134]
[-0.368696004152298, -0.6498292684555054, -0.5472053289413452, -0.19495801627635956, -0.31571459770202637]
All scores: [3388, 308, 3175, 3256]
[-0.26803213357925415, -0.29172420501708984, -0.19909131526947021, -0.2745126783847809, -0.27167144417762756]
All scores: [3338, 277, 3167, 3100]
[-0.5213597416877747, -0.6152716875076294, -0.5646405816078186, -0.6668795943260193, -0.6433126330375671]
All scores: [3190, 252, 3285, 3151]
[-0.9018952250480652, -0.8895959854125977, -0.7503185272216797, -0.7271022796630859, -0.9679401516914368]
All scores: [3315, 360, 3147, 3209]
1.8849307298660278 b
[-0.5151801705360413, -0.8890596628189087, -0.5402802228927612, -0.4232107400894165, -0.45188504457473755]
All scores: [3153, 305, 3331, 3219]
[-1.0466169118881226, -0.9395207166671753, -0.9564857482910156, -0.8811348080635071, -1.0608855485916138]
All scores: [3305, 280, 3288, 3196]
[-0.7230850458145142, -0.7332735657691956, -0.7060814499855042, -0.9498770236968994, -0.8372718095779419]
All scores: [3320, 297, 3361, 3127]
[-0.32038670778274536, -0.2592867910861969, -0.31288567185401917, -0.3543342351913452, -0.38155293464660645]
All scores: [3247, 330, 3280, 3250]
[-1.3380175828933716, -1.1333427429199219, -1.1603049039840698, -1.1393110752105713, -1.2682238817214966]
All scores: [3158, 341, 3126, 3228]
[-1.4399659633636475, -1.2510122060775757, -1.2030131816864014, -1.3373281955718994, -1.3384276628494263]
All scores: [3156, 287, 3299, 3279]
[-1.501379132270813, -1.3446885347366333, -1.3092947006225586, -1.2734047174453735, -1.4102768898010254]
All scores: [3128, 296, 3178, 3220]
[-0.4327596127986908, -0.3788580894470215, -0.47014081478118896, -0.5695115923881531, -0.559758722782135]
All scores: [3261, 257, 3409, 3187]
[-1.2097481489181519, -1.1499767303466797, -1.1288851499557495, -1.3052005767822266, -1.2213199138641357]
All scores: [3347, 294, 3148, 3203]
[-1.2604538202285767, -1.2353230714797974, -1.1612203121185303, -1.3774746656417847, -1.2210112810134888]
All scores: [3272, 278, 3177, 3201]
9.524005889892578 b
[-1.3627102375030518, -1.2492191791534424, -1.2879278659820557, -1.4854496717453003, -1.3709690570831299]
All scores: [3173, 315, 3240, 3278]
[-1.3922266960144043, -1.2656153440475464, -1.2517640590667725, -1.4524847269058228, -1.3831582069396973]
All scores: [3278, 250, 3202, 3266]
[-1.207707405090332, -1.8460830450057983, -1.0846357345581055, -1.2271792888641357, -1.2087050676345825]
All scores: [3158, 305, 3155, 3303]
[-1.6086914539337158, -1.4233068227767944, -1.424198031425476, -1.7440353631973267, -1.4335095882415771]
All scores: [3359, 238, 3161, 3358]
[-1.6121671199798584, -1.5044238567352295, -1.5021852254867554, -1.7193002700805664, -1.5555243492126465]
All scores: [3195, 275, 3112, 3305]
[-1.215243935585022, -1.9188730716705322, -1.2661495208740234, -1.3368383646011353, -1.3898859024047852]
All scores: [3199, 252, 3266, 3358]
[-1.8779546022415161, -1.7381731271743774, -1.6279411315917969, -1.9318987131118774, -1.6242828369140625]
All scores: [3237, 242, 3190, 3287]
[-1.7705063819885254, -1.6560415029525757, -1.6454453468322754, -1.8652476072311401, -1.6638401746749878]
All scores: [3317, 250, 3264, 3111]
[-1.9536361694335938, -1.6862537860870361, -1.7661778926849365, -1.9858880043029785, -1.7757127285003662]
All scores: [3128, 234, 3078, 3252]
[-0.5329172611236572, -0.6667501330375671, -0.5458455085754395, -0.6973743438720703, -0.7946733832359314]
All scores: [3363, 208, 3271, 3274]
1.7849421501159668 b
[-0.6408900022506714, -0.5846067070960999, -0.5780118703842163, -0.706889271736145, -0.8135508298873901]
All scores: [3189, 233, 3292, 3296]
[-1.5431524515151978, -2.270495891571045, -1.6081898212432861, -1.6918237209320068, -1.6966410875320435]
All scores: [3189, 200, 3204, 3215]
[-1.5886929035186768, -2.2679295539855957, -1.6086066961288452, -1.6718060970306396, -1.8536378145217896]
All scores: [3187, 203, 3127, 3205]
[-2.8921477794647217, -2.847231864929199, -3.038724422454834, -2.8452305793762207, -2.9262566566467285]
All scores: [3325, 141, 3154, 3268]
[-1.8610904216766357, -2.4895284175872803, -1.7343926429748535, -1.8141981363296509, -1.8505682945251465]
All scores: [3241, 142, 3304, 3322]
[-2.9495506286621094, -2.8647818565368652, -3.0538103580474854, -2.953709125518799, -2.9492363929748535]
All scores: [3185, 173, 3217, 3257]
[-2.0810582637786865, -1.9222586154937744, -1.7962089776992798, -2.0739939212799072, -1.8722376823425293]
All scores: [3137, 154, 3203, 3268]
[-2.001507043838501, -1.9333465099334717, -1.8681395053863525, -2.231440305709839, -1.9457590579986572]
All scores: [3326, 189, 3191, 3288]
[-1.8191003799438477, -2.3969991207122803, -1.7422616481781006, -1.903036117553711, -1.9830981492996216]
All scores: [3201, 251, 3279, 3197]
[-2.1570544242858887, -2.0241239070892334, -1.8251793384552002, -2.0694258213043213, -1.8463257551193237]
All scores: [3143, 226, 3217, 3248]
11.820245742797852 b
[-2.2590065002441406, -2.0630111694335938, -1.769005537033081, -2.0942916870117188, -1.8452702760696411]
All scores: [3218, 212, 3258, 3382]
[-2.157301902770996, -2.043893337249756, -1.9495660066604614, -2.2110912799835205, -1.8702635765075684]
All scores: [3234, 231, 3126, 3297]
[-0.4640042185783386, -0.6330401301383972, -0.4459720849990845, -0.5216037631034851, -0.8938608765602112]
All scores: [3316, 297, 3297, 3226]
[-3.0814476013183594, -3.1645069122314453, -3.1244237422943115, -3.1244800090789795, -3.146493434906006]
All scores: [3261, 259, 3311, 3332]
[-0.45395106077194214, -0.7197903990745544, -0.4138015806674957, -0.5383858680725098, -0.9580767154693604]
All scores: [3205, 296, 3160, 3261]
[-2.0987181663513184, -1.9691585302352905, -1.8609813451766968, -2.169210910797119, -1.89999258518219]
All scores: [3223, 305, 3343, 3127]
[-0.46602118015289307, -0.6619154214859009, -0.4659736156463623, -0.5768752694129944, -0.9381451606750488]
All scores: [3225, 317, 3095, 3013]
[-0.35973429679870605, -0.7391156554222107, -0.40870001912117004, -0.5709558129310608, -0.9368994235992432]
All scores: [3286, 265, 3265, 3308]
[-0.3996337354183197, -0.6645320057868958, -0.4155762195587158, -0.5386338829994202, -1.001503586769104]
All scores: [3073, 268, 3211, 3214]
[-2.1709508895874023, -2.02311110496521, -1.8122016191482544, -2.0007522106170654, -1.957985758781433]
All scores: [3311, 280, 3223, 3165]
8.384056091308594 b
[-2.040942668914795, -2.0325498580932617, -1.8994427919387817, -2.0795743465423584, -1.9892981052398682]
All scores: [3341, 265, 3284, 3329]
[-2.0136678218841553, -1.9821642637252808, -1.7906324863433838, -2.098154306411743, -1.9243377447128296]
All scores: [3264, 238, 3239, 3240]
[-0.3548971116542816, -0.7176983952522278, -0.28578564524650574, -0.49225249886512756, -0.8849358558654785]
All scores: [3275, 193, 3049, 3185]
[-0.36064794659614563, -0.6846004724502563, -0.355312705039978, -0.4314088225364685, -0.9732695817947388]
All scores: [3138, 154, 3295, 3034]
[-0.2865099608898163, -0.6756314635276794, -0.2954472303390503, -0.3736442029476166, -0.9153891801834106]
All scores: [3145, 182, 3169, 3210]
[-2.0156731605529785, -2.072936534881592, -1.7506178617477417, -2.1048738956451416, -1.9729962348937988]
All scores: [3112, 193, 3309, 3331]
[-2.003296136856079, -2.5768985748291016, -2.1283373832702637, -2.109999895095825, -2.1978800296783447]
All scores: [3337, 187, 3115, 3266]
[-2.090940237045288, -2.039973497390747, -1.84746253490448, -2.0629048347473145, -2.0470290184020996]
All scores: [3193, 185, 3054, 3389]
[-0.25760403275489807, -0.6228982210159302, -0.260139137506485, -0.4701926112174988, -0.8901466727256775]
All scores: [3261, 156, 3313, 3347]
[-3.3964781761169434, -3.32773756980896, -3.365724563598633, -3.3736042976379395, -3.3527252674102783]
All scores: [3319, 207, 3416, 3249]
3.1682868003845215 b
[-1.960128903388977, -2.005505084991455, -1.7551738023757935, -2.116044044494629, -1.9852712154388428]
All scores: [3265, 251, 3241, 3177]
[-2.15682315826416, -2.6463778018951416, -2.356358289718628, -2.0323023796081543, -2.263868570327759]
All scores: [3257, 215, 3413, 3317]
[-1.9762427806854248, -1.9506804943084717, -1.6944129467010498, -2.0756609439849854, -1.8895083665847778]
All scores: [3392, 258, 3265, 3085]
[-2.0539162158966064, -1.9421850442886353, -1.7213901281356812, -2.096867084503174, -2.0241196155548096]
All scores: [3158, 229, 3164, 3317]
[-2.057685375213623, -2.576481819152832, -2.2017877101898193, -2.1027896404266357, -2.2412877082824707]
All scores: [3378, 262, 3186, 3237]
[-0.2856830954551697, -0.6233953833580017, -0.21009747684001923, -0.23535223305225372, -0.900463879108429]
All scores: [3271, 175, 3401, 3180]
[-1.9475188255310059, -1.9059736728668213, -1.7192749977111816, -1.9690525531768799, -1.963072657585144]
All scores: [3201, 169, 3294, 3228]
[-2.1295855045318604, -2.500774621963501, -2.3234357833862305, -2.109884023666382, -2.312591791152954]
All scores: [3412, 156, 3167, 3212]
[-2.169534683227539, -2.5899436473846436, -2.2812395095825195, -2.1063218116760254, -2.3152964115142822]
All scores: [3176, 164, 3166, 3176]
[-2.021171808242798, -1.9153095483779907, -1.6914187669754028, -2.0737144947052, -2.0096383094787598]
All scores: [3232, 184, 3258, 3287]
1.9049006700515747 b
[-2.0233755111694336, -1.9772359132766724, -1.8024115562438965, -2.0551583766937256, -2.07309627532959]
All scores: [3105, 208, 3205, 3044]
[-2.167711019515991, -2.5793142318725586, -2.2905733585357666, -2.1815879344940186, -2.2675490379333496]
All scores: [3159, 177, 3191, 3255]
[-1.9798325300216675, -2.0098559856414795, -1.6980209350585938, -2.0174977779388428, -2.066559314727783]
All scores: [3280, 208, 3185, 3270]
[-3.4404048919677734, -3.396225929260254, -3.3657710552215576, -3.2896828651428223, -3.395477294921875]
All scores: [3196, 162, 3294, 3237]
[-2.0198187828063965, -1.9731168746948242, -1.6388977766036987, -2.0543763637542725, -2.0442681312561035]
All scores: [3278, 192, 3363, 3263]
[-0.30698877573013306, -0.7031919956207275, -0.12991809844970703, -0.3262958824634552, -0.8385207056999207]
All scores: [3196, 192, 3342, 3317]
[-1.9233869314193726, -1.9203027486801147, -1.6862740516662598, -2.0610389709472656, -2.0834872722625732]
All scores: [3222, 168, 3136, 3178]
[-2.2059617042541504, -2.5176479816436768, -2.26225209236145, -2.0976903438568115, -2.23929500579834]
All scores: [3160, 221, 3399, 3189]
[-2.0038578510284424, -1.9062564373016357, -1.657723307609558, -2.1461732387542725, -2.0012364387512207]
All scores: [3247, 194, 3096, 3302]
[-2.227123737335205, -2.4950475692749023, -2.418288469314575, -2.277296304702759, -2.2243499755859375]
All scores: [3142, 224, 3252, 3183]
11.162031173706055 b
[-2.0836758613586426, -2.497922420501709, -2.219395875930786, -2.2525687217712402, -2.2377665042877197]
All scores: [3255, 245, 3270, 3248]
[-0.24993985891342163, -0.7043276429176331, -0.282025009393692, -0.38860124349594116, -0.8243566155433655]
All scores: [3322, 225, 3378, 3158]
[-2.072234630584717, -2.585376739501953, -2.2329819202423096, -2.29410982131958, -2.213094472885132]
All scores: [3253, 277, 3175, 3209]
[-1.8950444459915161, -2.0051956176757812, -1.7247565984725952, -2.0943145751953125, -2.064687967300415]
All scores: [3283, 263, 3232, 3326]
[-1.977730393409729, -2.0717170238494873, -1.7631710767745972, -2.1158394813537598, -2.0755796432495117]
All scores: [3291, 208, 3225, 3238]
[-0.3361293375492096, -0.6401224732398987, -0.30314764380455017, -0.27437394857406616, -0.8747814893722534]
All scores: [3257, 221, 3174, 3332]
[-2.239083766937256, -2.6406328678131104, -2.27199125289917, -2.4571032524108887, -2.346625804901123]
All scores: [3271, 240, 3231, 3356]
[-2.2911155223846436, -2.6566553115844727, -2.384430170059204, -2.2599408626556396, -2.321385383605957]
All scores: [3211, 212, 3235, 3191]
[-2.1326231956481934, -2.6331498622894287, -2.287947177886963, -2.2262537479400635, -2.364328384399414]
All scores: [3230, 230, 3403, 3341]
[-2.165663242340088, -2.5559580326080322, -2.2909390926361084, -2.2170257568359375, -2.351724863052368]
All scores: [3328, 196, 3319, 3089]
6.864998817443848 b
[-2.1969804763793945, -2.4907500743865967, -2.3363678455352783, -2.2763853073120117, -2.241847038269043]
All scores: [3422, 173, 3281, 3254]
[-0.27074092626571655, -0.6801750659942627, -0.2364753931760788, -0.3045320510864258, -0.9295580387115479]
All scores: [3233, 159, 3144, 3272]
[-1.908636212348938, -1.9320523738861084, -1.6589707136154175, -2.080174446105957, -2.0362601280212402]
All scores: [3269, 170, 3327, 3261]
[-1.84456467628479, -1.9102380275726318, -1.6413601636886597, -1.9954266548156738, -1.977871060371399]
All scores: [3224, 185, 3221, 3178]
[-1.8672349452972412, -1.9636749029159546, -1.767207384109497, -1.996427297592163, -2.087332248687744]
All scores: [3249, 239, 3402, 3324]
[-1.9005749225616455, -1.9334551095962524, -1.7481963634490967, -2.1343560218811035, -2.005448818206787]
All scores: [3189, 217, 3140, 3391]
[-0.23775964975357056, -0.7198930382728577, -0.18598414957523346, -0.24537788331508636, -0.9382345080375671]
All scores: [3297, 150, 3200, 3287]
[-0.20100857317447662, -0.6416983604431152, -0.26397690176963806, -0.2993841767311096, -0.8713815808296204]
All scores: [3373, 120, 3248, 3203]
[-0.36737215518951416, -0.6341791152954102, -0.2656214237213135, -0.28006288409233093, -0.8072856068611145]
All scores: [3223, 131, 3246, 3298]
[-3.4713516235351562, -3.539109230041504, -3.286526679992676, -3.2372071743011475, -3.287909984588623]
All scores: [3157, 117, 3303, 3073]
13.078536987304688 b
[-3.4031994342803955, -3.482178211212158, -3.2522292137145996, -3.2398316860198975, -3.2364535331726074]
All scores: [3222, 138, 3245, 3284]
[-2.2345774173736572, -2.5474021434783936, -2.340848445892334, -2.2840054035186768, -2.1759555339813232]
All scores: [3179, 121, 3275, 3247]
[-3.3646864891052246, -3.5150301456451416, -3.275829553604126, -3.359670877456665, -3.361344814300537]
All scores: [3398, 144, 3191, 3293]
[-1.8397530317306519, -1.893172264099121, -1.6785945892333984, -2.0270566940307617, -2.03765869140625]
All scores: [3138, 149, 3270, 3393]
[-1.898648738861084, -1.8566230535507202, -1.7069793939590454, -2.144038677215576, -2.0389316082000732]
All scores: [3270, 129, 3127, 3072]
[-2.3097145557403564, -2.5296566486358643, -2.327017307281494, -2.360311508178711, -2.358158826828003]
All scores: [3167, 137, 3170, 3326]
[-0.34948092699050903, -0.5899580121040344, -0.3164544403553009, -0.293368935585022, -0.8136429190635681]
All scores: [3205, 130, 3216, 3251]
[-2.2923827171325684, -2.5598692893981934, -2.419485569000244, -2.3337855339050293, -2.2565388679504395]
All scores: [3276, 141, 3328, 3213]
[-2.164621114730835, -2.4486422538757324, -2.309189796447754, -2.32239031791687, -2.2751245498657227]
All scores: [3233, 121, 3212, 3186]
[-3.31387996673584, -3.4832348823547363, -3.204031229019165, -3.356210470199585, -3.3396518230438232]
All scores: [3200, 119, 3171, 3132]
6.718968868255615 b
[-2.228355884552002, -2.5801827907562256, -2.3085737228393555, -2.3054091930389404, -2.274895668029785]
All scores: [3198, 116, 3181, 3358]
[-1.8929842710494995, -1.8730218410491943, -1.7024283409118652, -2.0633673667907715, -1.974835991859436]
All scores: [3285, 142, 3147, 3178]
[-1.9549680948257446, -1.982252597808838, -1.7391875982284546, -2.034189224243164, -2.0972671508789062]
All scores: [3217, 123, 3229, 3185]
[-1.8134151697158813, -1.8622857332229614, -1.6395803689956665, -1.937635898590088, -1.9248406887054443]
All scores: [3284, 147, 3133, 3131]
[-1.774916410446167, -1.9344154596328735, -1.8477725982666016, -2.0189614295959473, -2.136540651321411]
All scores: [3195, 121, 3129, 3313]
[-3.5400571823120117, -3.572636127471924, -3.3002500534057617, -3.3447980880737305, -3.3568010330200195]
All scores: [3170, 132, 3150, 3074]
[-2.1677043437957764, -2.537832260131836, -2.2667417526245117, -2.226947784423828, -2.242730140686035]
All scores: [3239, 164, 3268, 3158]
[-0.2562057077884674, -0.5694944858551025, -0.20839154720306396, -0.14700213074684143, -0.9023756384849548]
All scores: [3173, 118, 3239, 3134]
[-1.9400389194488525, -1.82361900806427, -1.751593828201294, -2.0804359912872314, -1.9934688806533813]
All scores: [3110, 121, 3280, 3319]
[-1.845336675643921, -1.7880873680114746, -1.6645442247390747, -2.0055887699127197, -1.9692500829696655]
All scores: [3410, 156, 3214, 3267]
8.362848281860352 b
[-3.5421369075775146, -3.5173463821411133, -3.2609055042266846, -3.398782253265381, -3.403965950012207]
All scores: [3176, 130, 3298, 3267]
[-2.207564353942871, -2.48876690864563, -2.3406994342803955, -2.3128459453582764, -2.3018929958343506]
All scores: [3150, 164, 3052, 3218]
[-3.489814519882202, -3.5572474002838135, -3.220625877380371, -3.388338565826416, -3.32833194732666]
All scores: [3338, 161, 3125, 3290]
[-1.8397819995880127, -1.815081000328064, -1.6106207370758057, -1.996689796447754, -1.9879789352416992]
All scores: [3192, 139, 3091, 3280]
[-1.9333287477493286, -1.8465721607208252, -1.6704792976379395, -2.0631966590881348, -2.0054352283477783]
All scores: [3175, 120, 3320, 3275]
[-1.869583249092102, -1.7616328001022339, -1.6627148389816284, -1.9955894947052002, -1.948233962059021]
All scores: [3205, 118, 3225, 3133]
[-0.37723639607429504, -0.5586020350456238, -0.33517563343048096, -0.0978783518075943, -0.8035006523132324]
All scores: [3131, 133, 3331, 3244]
[-1.8143559694290161, -1.792418360710144, -1.5780348777770996, -1.9747216701507568, -2.039872646331787]
All scores: [3281, 138, 3215, 3263]
[-0.3791806995868683, -0.6259146928787231, -0.24276003241539001, -0.10163719207048416, -0.7436746954917908]
All scores: [3325, 129, 3287, 3192]
[-2.2227354049682617, -2.5463082790374756, -2.262390613555908, -2.356739044189453, -2.2629616260528564]
All scores: [3257, 79, 3324, 3374]
9.361571311950684 b
[-1.8351449966430664, -1.832390308380127, -1.6550694704055786, -2.0365071296691895, -1.9820750951766968]
All scores: [3361, 161, 3311, 3303]
[-3.4690046310424805, -3.5015528202056885, -3.258678674697876, -3.352395534515381, -3.2753682136535645]
All scores: [3286, 100, 3189, 3204]
[-1.7800959348678589, -1.8157271146774292, -1.662704348564148, -1.9984476566314697, -1.9480358362197876]
All scores: [3126, 110, 3190, 3251]
[-2.339756965637207, -2.6448304653167725, -2.2936370372772217, -2.2985525131225586, -2.4820809364318848]
All scores: [3169, 43, 3216, 3098]
[-2.251389980316162, -2.500757932662964, -2.197781562805176, -2.2811081409454346, -2.2896695137023926]
All scores: [3214, 43, 3162, 3203]
[-3.3725624084472656, -3.4745850563049316, -3.2226250171661377, -3.2533416748046875, -3.31485652923584]
All scores: [3094, 50, 3358, 3122]
[-2.2368760108947754, -2.5158960819244385, -2.186774730682373, -2.3257436752319336, -2.2764389514923096]
All scores: [3181, 50, 3034, 3243]
[-0.2904140055179596, -0.5725738406181335, -0.19176538288593292, -0.10335636138916016, -0.7515493631362915]
All scores: [3213, 47, 3142, 3210]
[-2.212916851043701, -2.511471748352051, -2.269807815551758, -2.3246171474456787, -2.311826467514038]
All scores: [3215, 46, 3334, 3301]
[-3.3535726070404053, -3.373715400695801, -3.1985132694244385, -3.3220221996307373, -3.3000011444091797]
All scores: [3231, 56, 3237, 3103]
4.462376594543457 b
[-0.22079597413539886, -0.5917457342147827, -0.24347810447216034, -0.13341401517391205, -0.6978158950805664]
All scores: [3390, 86, 3311, 3205]
[-2.2225918769836426, -2.505849838256836, -2.41278338432312, -2.179276704788208, -2.3266420364379883]
All scores: [3242, 79, 3264, 3164]
[-0.270217627286911, -0.43094730377197266, -0.2163291722536087, -0.0630597472190857, -0.734735369682312]
All scores: [3224, 98, 3188, 3436]
[-2.2585198879241943, -2.452188730239868, -2.1677212715148926, -2.200207233428955, -2.3222765922546387]
All scores: [3305, 99, 3184, 3198]
[-1.8390743732452393, -1.713955044746399, -1.61033296585083, -1.9990540742874146, -1.9242393970489502]
All scores: [3347, 110, 3095, 3238]
[-2.2441461086273193, -2.4663054943084717, -2.1681199073791504, -2.1979663372039795, -2.323132038116455]
All scores: [3273, 98, 3308, 3176]
[-1.7968311309814453, -1.691391944885254, -1.6734185218811035, -1.9800713062286377, -1.8976799249649048]
All scores: [3250, 97, 3202, 3191]
[-1.81124746799469, -1.7537379264831543, -1.7254705429077148, -1.9231250286102295, -2.0188755989074707]
All scores: [3161, 125, 3144, 3188]
[-3.328146457672119, -3.335712432861328, -3.2408909797668457, -3.32320237159729, -3.2453103065490723]
All scores: [3210, 99, 3175, 3182]
[-0.210104838013649, -0.5880377888679504, -0.22839003801345825, -0.14477381110191345, -0.6847578287124634]
All scores: [3276, 83, 3118, 3241]
7.580430030822754 b
[-0.28002500534057617, -0.5449355840682983, -0.18060052394866943, -0.1356918066740036, -0.6865699291229248]
All scores: [3285, 84, 3222, 3283]
[-3.374857187271118, -3.4628419876098633, -3.3062241077423096, -3.371915578842163, -3.3558835983276367]
All scores: [3313, 67, 3096, 3108]
[-2.2768731117248535, -2.49237060546875, -2.290703296661377, -2.173046350479126, -2.3965578079223633]
All scores: [3177, 98, 3227, 3180]
[-2.2381577491760254, -2.5262279510498047, -2.1470816135406494, -2.1819581985473633, -2.261992931365967]
All scores: [3270, 121, 3295, 3249]
[-2.2417125701904297, -2.484480619430542, -2.2102670669555664, -2.1743574142456055, -2.2861506938934326]
All scores: [3210, 92, 3162, 3219]
[-0.22985616326332092, -0.49522075057029724, -0.1731673628091812, -0.1797483265399933, -0.6781436204910278]
All scores: [3248, 74, 3261, 3097]
[-3.365142345428467, -3.39563250541687, -3.2371199131011963, -3.3552353382110596, -3.3233277797698975]
All scores: [3326, 109, 3249, 3285]
[-0.2123691588640213, -0.5661411285400391, -0.16836954653263092, -0.25675979256629944, -0.6534215211868286]
All scores: [3140, 63, 3222, 3172]
[-0.18270087242126465, -0.7017956376075745, -0.164530411362648, -0.2358573079109192, -0.7148231267929077]
All scores: [3283, 110, 3285, 3357]
[-1.7968107461929321, -1.7291430234909058, -1.6404492855072021, -1.9534279108047485, -1.877945065498352]
All scores: [3169, 143, 3284, 3298]
13.584985733032227 b
[-0.22465568780899048, -0.5560829639434814, -0.18828518688678741, -0.2550623416900635, -0.6222124695777893]
All scores: [3169, 134, 3306, 3209]
[-3.250404119491577, -3.3362503051757812, -3.2798192501068115, -3.2358760833740234, -3.207955837249756]
All scores: [3266, 159, 3174, 3301]
[-0.20915627479553223, -0.4531063139438629, -0.08590060472488403, -0.23552921414375305, -0.6138139367103577]
All scores: [3156, 188, 3260, 3124]
[-1.806062936782837, -1.7038257122039795, -1.684911847114563, -1.9863475561141968, -1.976033091545105]
All scores: [3140, 190, 3260, 3036]
[-3.3348822593688965, -3.3990330696105957, -3.208683967590332, -3.268458843231201, -3.150522470474243]
All scores: [3198, 188, 3262, 3462]
[-2.2778799533843994, -2.363194227218628, -2.1748504638671875, -2.171187400817871, -2.2680470943450928]
All scores: [3266, 184, 3285, 3284]
[-3.267408847808838, -3.4025096893310547, -3.2425968647003174, -3.31769061088562, -3.2417750358581543]
All scores: [3098, 170, 3300, 3033]
[-2.196200132369995, -2.418266773223877, -2.2231993675231934, -2.256906747817993, -2.4033961296081543]
All scores: [3266, 155, 3165, 3424]
[-2.2613704204559326, -2.4932126998901367, -2.285937547683716, -2.2377989292144775, -2.400128126144409]
All scores: [3253, 184, 3174, 3245]
[-3.3475186824798584, -3.3982763290405273, -3.2767245769500732, -3.319817304611206, -3.222720146179199]
All scores: [3322, 172, 3232, 3072]
2.1943156719207764 b
[-1.796656608581543, -1.7840579748153687, -1.6076200008392334, -1.9598443508148193, -1.9968724250793457]
All scores: [3207, 191, 3117, 3225]
[-0.165811687707901, -0.4780195355415344, -0.16270309686660767, -0.1897377222776413, -0.6823254823684692]
All scores: [3194, 172, 3204, 3208]
[-3.370382785797119, -3.3279082775115967, -3.20489239692688, -3.3053932189941406, -3.2394652366638184]
All scores: [3173, 148, 3140, 3168]
[-0.11569913476705551, -0.45301559567451477, -0.1973782181739807, -0.17156340181827545, -0.7041044235229492]
All scores: [3165, 107, 3268, 3191]
[-3.3211610317230225, -3.384474754333496, -3.245903730392456, -3.3536176681518555, -3.3766090869903564]
All scores: [3259, 133, 3326, 3118]
[-0.1977054327726364, -0.5286389589309692, -0.21250773966312408, -0.170500710606575, -0.7075871229171753]
All scores: [3338, 151, 3089, 3374]
[-3.5120689868927, -3.387514114379883, -3.259657382965088, -3.2763404846191406, -3.2972302436828613]
All scores: [3246, 195, 3230, 3116]
[-3.366384744644165, -3.389176368713379, -3.2390716075897217, -3.2222282886505127, -3.386164426803589]
All scores: [3280, 192, 3299, 3166]
[-2.166800022125244, -2.464353322982788, -2.248764991760254, -2.253549575805664, -2.401412010192871]
All scores: [3193, 206, 3259, 3294]
[-1.7271686792373657, -1.7975566387176514, -1.7056490182876587, -2.00358510017395, -1.9756132364273071]
All scores: [3151, 227, 3281, 3408]
7.8605146408081055 b
[-2.142500162124634, -2.475541353225708, -2.247706413269043, -2.24825119972229, -2.3199193477630615]
All scores: [3163, 182, 3267, 3376]
[-3.3645217418670654, -3.3626632690429688, -3.2708370685577393, -3.244345188140869, -3.269662380218506]
All scores: [3277, 217, 3249, 3296]
[-3.3427906036376953, -3.36356520652771, -3.1304259300231934, -3.1994802951812744, -3.2752485275268555]
All scores: [3175, 212, 3370, 3216]
[-3.443293571472168, -3.394629955291748, -3.2419610023498535, -3.277667284011841, -3.4091787338256836]
All scores: [3299, 213, 3302, 3184]
[-1.9045590162277222, -1.7978452444076538, -1.6998919248580933, -1.9734587669372559, -1.9537415504455566]
All scores: [3294, 200, 3356, 3211]
[-2.2331089973449707, -2.4558544158935547, -2.394455909729004, -2.230191469192505, -2.322110176086426]
All scores: [3157, 181, 3462, 3163]
[-3.346208095550537, -3.353239059448242, -3.247800350189209, -3.2069830894470215, -3.3231968879699707]
All scores: [3323, 152, 3088, 3277]
[-0.24527834355831146, -0.4772929549217224, -0.23625969886779785, -0.18249593675136566, -0.6282840967178345]
All scores: [3148, 169, 3154, 3215]
[-3.3340957164764404, -3.32991886138916, -3.1988701820373535, -3.1899380683898926, -3.378723621368408]
All scores: [3328, 191, 3283, 3146]
[-3.3805270195007324, -3.4441158771514893, -3.2160871028900146, -3.282149076461792, -3.3546671867370605]
All scores: [3234, 226, 3228, 3181]
5.979768753051758 b
[-1.832000970840454, -1.7951058149337769, -1.6548993587493896, -1.9293452501296997, -1.878066062927246]
All scores: [3273, 223, 3112, 3220]
[-0.26557281613349915, -0.5296029448509216, -0.30751335620880127, -0.2672808766365051, -0.5961878895759583]
All scores: [3309, 197, 3053, 3221]
[-1.908682942390442, -1.9445769786834717, -1.7866958379745483, -2.044985771179199, -2.0183920860290527]
All scores: [3268, 168, 3316, 3228]
[-3.5575482845306396, -3.523346424102783, -3.2544193267822266, -3.3373587131500244, -3.3338513374328613]
All scores: [3285, 204, 3356, 3324]
[-0.26823464035987854, -0.4974161684513092, -0.3399893641471863, -0.12544766068458557, -0.6063834428787231]
All scores: [3289, 177, 3271, 3262]
[-1.8022255897521973, -1.8750624656677246, -1.6824617385864258, -2.0132436752319336, -1.904821515083313]
All scores: [3249, 226, 3310, 3229]
[-1.8515682220458984, -1.8172764778137207, -1.644966959953308, -1.9859308004379272, -1.8172634840011597]
All scores: [3296, 187, 3288, 3194]
[-2.3178131580352783, -2.605046510696411, -2.3814620971679688, -2.3422865867614746, -2.37419056892395]
All scores: [3205, 200, 3266, 3360]
[-2.3159477710723877, -2.53945255279541, -2.3190338611602783, -2.4420700073242188, -2.4395265579223633]
All scores: [3228, 193, 3245, 3165]
[-1.9659345149993896, -1.8461815118789673, -1.661417841911316, -1.9023493528366089, -1.8558176755905151]
All scores: [3375, 196, 3139, 3199]
6.041750431060791 b
[-0.1671534925699234, -0.4578193724155426, -0.268269419670105, -0.07004675269126892, -0.631533145904541]
All scores: [2983, 187, 3189, 3209]
[-0.20533952116966248, -0.5580183863639832, -0.22098153829574585, -0.03133663535118103, -0.6477108001708984]
All scores: [3185, 123, 3274, 3430]
[-1.8172885179519653, -1.7921479940414429, -1.5834221839904785, -1.9730618000030518, -1.8596456050872803]
All scores: [3206, 127, 3173, 3244]
[-2.1879656314849854, -2.4886860847473145, -2.340602159500122, -2.3690404891967773, -2.323378324508667]
All scores: [3322, 128, 3193, 3295]
[-1.899988055229187, -1.832687258720398, -1.6584055423736572, -1.994672179222107, -1.8941386938095093]
All scores: [3174, 117, 3276, 3210]
[-1.804741382598877, -1.8933517932891846, -1.6303772926330566, -2.017110824584961, -1.893295168876648]
All scores: [3289, 178, 3148, 3254]
[-0.1909341812133789, -0.45837873220443726, -0.20506538450717926, -0.09211349487304688, -0.6403586864471436]
All scores: [3114, 129, 3147, 3437]
[-3.3290622234344482, -3.3847944736480713, -3.163522243499756, -3.327363967895508, -3.324613571166992]
All scores: [3202, 130, 3332, 3227]
[-3.4100801944732666, -3.4451043605804443, -3.3096837997436523, -3.382513999938965, -3.295093536376953]
All scores: [3397, 141, 3206, 3341]
[-0.21131454408168793, -0.47450846433639526, -0.268991619348526, -0.15254032611846924, -0.6357918977737427]
All scores: [3234, 117, 3176, 3308]
3.3259949684143066 b
[-3.398437261581421, -3.4088003635406494, -3.2574427127838135, -3.3313090801239014, -3.393472909927368]
All scores: [3265, 129, 3172, 3278]
[-2.169940948486328, -2.382282257080078, -2.3520452976226807, -2.2670795917510986, -2.3721330165863037]
All scores: [3296, 104, 3189, 3245]
[-3.2844388484954834, -3.348939895629883, -3.2744791507720947, -3.262259006500244, -3.3370108604431152]
All scores: [3223, 102, 3209, 3238]
[-1.772492527961731, -1.9062491655349731, -1.5642987489700317, -2.0262227058410645, -1.921878695487976]
All scores: [3115, 105, 3174, 3265]
[-1.9093457460403442, -1.9570543766021729, -1.5742568969726562, -1.95381498336792, -1.8999569416046143]
All scores: [3174, 106, 3179, 3279]
[-2.197174310684204, -2.4336516857147217, -2.368211507797241, -2.2416422367095947, -2.331244945526123]
All scores: [3211, 130, 3111, 3088]
[-3.289883613586426, -3.3475399017333984, -3.1977100372314453, -3.4151337146759033, -3.3152964115142822]
All scores: [3138, 171, 3156, 3246]
[-1.8264453411102295, -1.933300495147705, -1.6868172883987427, -1.901684284210205, -1.8291319608688354]
All scores: [3360, 161, 3116, 3283]
[-2.254261016845703, -2.3709442615509033, -2.337430238723755, -2.3086836338043213, -2.4118306636810303]
All scores: [3212, 151, 3329, 3216]
[-1.8224587440490723, -1.9328398704528809, -1.6326044797897339, -1.9415918588638306, -1.819415807723999]
All scores: [3103, 184, 3227, 3299]
5.953093528747559 b
[-0.15383273363113403, -0.475399911403656, -0.1436961591243744, -0.2229178547859192, -0.5799072980880737]
All scores: [3335, 156, 3255, 3289]
[-2.0992119312286377, -2.4713916778564453, -2.420475959777832, -2.304413318634033, -2.3254058361053467]
All scores: [3210, 205, 3256, 3249]
[-1.8817864656448364, -1.8797136545181274, -1.6257715225219727, -1.977819561958313, -1.8319534063339233]
All scores: [3275, 175, 3384, 3213]
[-0.19221876561641693, -0.38642585277557373, -0.28273192048072815, -0.20873117446899414, -0.7581554651260376]
All scores: [3183, 204, 3208, 3209]
[-0.23054508864879608, -0.3959115147590637, -0.2167746126651764, -0.1959380805492401, -0.6359953880310059]
All scores: [3283, 176, 3008, 3251]
[-1.929154634475708, -2.04473876953125, -1.6797910928726196, -1.9863786697387695, -1.8821016550064087]
All scores: [872877, 54030, 871822, 872909]
Team scores: [926907, 1744731]
