2018-12-05 12:34:52.916873: I tensorflow/core/platform/cpu_feature_guard.cc:141] Your CPU supports instructions that this TensorFlow binary was not compiled to use: AVX2 FMA
Using TensorFlow backend.
/scratch/jl8429/coopai/agents8h.py:159: UserWarning: Update your `Model` call to the Keras 2 API: `Model(inputs=[<tf.Tenso..., outputs=Tensor("mu...)`
  model = Model(input=[frames_input, actions_input], output=filtered_output)
/scratch/jl8429/venv1/lib/python3.6/site-packages/keras/callbacks.py:122: UserWarning: Method on_batch_end() is slow compared to the batch update (0.233062). Check your callbacks.
  % delta_t_median)
/scratch/jl8429/venv1/lib/python3.6/site-packages/keras/callbacks.py:122: UserWarning: Method on_batch_end() is slow compared to the batch update (0.174592). Check your callbacks.
  % delta_t_median)
8dqn
8dqn, sgdn, 0.00001, 256k5, batch 8, rewardself1
All scores: [5238, 470, 5391, 5203]
All scores: [5112, 472, 5207, 5141]
All scores: [4960, 498, 5137, 5183]
All scores: [5244, 543, 5087, 5234]
All scores: [5182, 527, 5093, 5153]
0.00030766360578127205 b
[0.05843670293688774, 0.06506767123937607, -0.038792770355939865, -0.02436850219964981, 0.020384851843118668]
All scores: [5094, 548, 5216, 5126]
[0.01354333944618702, -0.009845194406807423, 0.02997048757970333, 0.044441524893045425, 0.10737179219722748]
All scores: [5251, 485, 5132, 5264]
[-0.10727283358573914, -0.06710731983184814, 0.008227623999118805, -0.014641307294368744, 0.06828272342681885]
All scores: [5243, 512, 5230, 5142]
[0.02610320784151554, -0.036472298204898834, -0.015967458486557007, -0.07907020300626755, -0.08947242796421051]
All scores: [5308, 503, 5253, 5237]
[-0.033153194934129715, -4.741933662444353e-05, -0.05126449093222618, -0.07298784703016281, 0.05554975941777229]
All scores: [5123, 556, 5154, 5153]
[0.11884088814258575, 0.08423122763633728, -0.01778622344136238, 0.01966329663991928, 0.12582717835903168]
All scores: [5288, 472, 5173, 5126]
[-0.04048440605401993, -0.04627089947462082, -0.0022652873303741217, 0.0312625914812088, 0.008298029191792011]
All scores: [5255, 454, 5013, 5099]
[0.061199259012937546, 0.03846282884478569, -0.006533061619848013, -0.03321191668510437, 0.06959504634141922]
All scores: [5090, 540, 5151, 5210]
[-0.07135782390832901, 0.14115497469902039, 0.01696181669831276, 0.1269775778055191, -0.06696976721286774]
All scores: [5275, 472, 5140, 5246]
[-0.0606822669506073, -0.09819301217794418, -0.002246858086436987, -0.05063382908701897, 0.07975573092699051]
All scores: [5300, 468, 5198, 5124]
0.0008228153456002474 b
[-0.0093117980286479, -0.01959841698408127, 0.0075008017010986805, -0.060538701713085175, 0.053044140338897705]
All scores: [5227, 499, 5284, 5144]
[0.018053535372018814, 0.1308242380619049, -0.08285139501094818, -0.03700410574674606, -0.0415419265627861]
All scores: [5225, 469, 5208, 5095]
[0.06714220345020294, 0.04366486519575119, -0.03895090892910957, -0.05272957682609558, -0.043098390102386475]
All scores: [5225, 482, 5261, 5270]
[-0.09615816920995712, 0.03794592618942261, 0.0012392442440614104, -0.0021284916438162327, -0.11954184621572495]
All scores: [5166, 487, 5164, 5229]
[-0.057689908891916275, -0.09993591904640198, -0.047754015773534775, 0.03271029517054558, 0.044847793877124786]
All scores: [5210, 529, 5166, 5302]
[-0.025984831154346466, -0.1045893058180809, 0.030647823587059975, -0.03631481155753136, -0.04185006767511368]
All scores: [5179, 467, 5154, 5124]
[-0.0016678707906976342, -0.008480722084641457, -0.09310704469680786, -0.060822587460279465, 0.02275807410478592]
All scores: [5282, 513, 5283, 5305]
[-0.03824712708592415, -0.03273177891969681, 0.014299916103482246, 0.006199055351316929, -0.022043200209736824]
All scores: [5187, 482, 5222, 5183]
[-0.004251820035278797, -0.00695841945707798, 0.03398999199271202, -0.04803299531340599, -0.07648638635873795]
All scores: [5180, 415, 5044, 5196]
[-0.03135132044553757, -0.03724868595600128, -0.05368858575820923, 0.0580860935151577, -0.1289716213941574]
All scores: [5084, 534, 5246, 5263]
0.0005849333247169852 b
[0.034522030502557755, 0.016129622235894203, -0.05268636345863342, 0.09037595987319946, -0.01985245943069458]
All scores: [5252, 529, 5104, 5144]
[0.020153962075710297, 0.06980308145284653, 0.04130940139293671, 0.08473990112543106, 0.024990389123558998]
All scores: [5243, 500, 5167, 5086]
[0.08457291126251221, 0.01918664015829563, 0.15301263332366943, 0.007857920601963997, 0.00979272648692131]
All scores: [5174, 467, 5311, 5118]
[0.024971291422843933, -0.0006397292017936707, 0.009578736498951912, 0.0038968620356172323, 0.018412966281175613]
All scores: [5287, 509, 5184, 5202]
[-0.010323241353034973, 0.11540685594081879, 0.004588054958730936, -0.08677130192518234, -0.028378436341881752]
All scores: [5192, 529, 5162, 5157]
[0.11126384884119034, -0.026513006538152695, -0.010071206837892532, 0.0444105863571167, -0.06023118272423744]
All scores: [5140, 495, 5287, 5086]
[0.03233398124575615, 0.05529262125492096, -0.093524269759655, 0.08341863006353378, 0.05076992139220238]
All scores: [5214, 519, 5115, 5182]
[0.03773154318332672, -0.06511253118515015, 0.034554023295640945, 0.11193181574344635, -0.0656537264585495]
All scores: [5161, 447, 5284, 5180]
[-0.06059367582201958, -0.055168818682432175, -0.04097774624824524, 0.0025800494477152824, 0.03423629328608513]
All scores: [5213, 447, 5180, 5183]
[0.09783461689949036, 0.07309690862894058, -0.07447175681591034, -0.05314086377620697, -0.059347379952669144]
All scores: [5184, 473, 5192, 5138]
0.00043209834257140756 b
[-5.6995078921318054e-05, 0.02221020683646202, -0.05687688663601875, 0.013855182565748692, -0.07309590280056]
All scores: [5236, 465, 5160, 5179]
[0.07890443503856659, 0.06911136955022812, -0.10115101933479309, 0.0716610923409462, -0.051566269248723984]
All scores: [5270, 480, 5212, 4924]
[-0.017572833225131035, 0.06579393148422241, 0.02321547083556652, -0.08186399191617966, -0.05846886709332466]
All scores: [5197, 517, 5039, 5179]
[0.05019943416118622, -0.009740978479385376, -0.033840376883745193, 0.07722850143909454, -0.005046619102358818]
All scores: [5310, 508, 5204, 5291]
[0.05248303338885307, 0.024571526795625687, -0.0668623074889183, -0.1832278072834015, 0.1120414212346077]
All scores: [5290, 536, 5171, 5286]
[-0.07966086268424988, 0.1298925280570984, -0.050816625356674194, 0.06506796926259995, 0.03473419323563576]
All scores: [5154, 452, 5299, 5154]
[-0.05596787482500076, 0.04189574718475342, -0.009111166000366211, 0.086620032787323, 0.02961568348109722]
All scores: [5163, 452, 4924, 5274]
[0.004501647315919399, 0.019665692001581192, -0.02951950952410698, 0.10036847740411758, 0.09568901360034943]
All scores: [5186, 464, 5014, 5241]
[0.045338984578847885, -0.10452496260404587, 0.02136465348303318, -0.09159793704748154, -0.09081587940454483]
All scores: [5274, 465, 5066, 5244]
[-0.005807599984109402, 0.0696239247918129, -0.05167519301176071, -0.019984889775514603, 0.05127473548054695]
All scores: [5137, 508, 5068, 5032]
0.0072412253357470036 b
[-0.04517097398638725, 0.06072808802127838, -0.11211726814508438, -0.05693190544843674, -0.06892400234937668]
All scores: [5202, 469, 5167, 5183]
[-0.030571967363357544, -0.0668482854962349, -0.08599384129047394, -0.03910195082426071, 0.007188884541392326]
All scores: [5212, 457, 5064, 5198]
[-0.06311248242855072, 0.03277399763464928, -0.032381828874349594, 0.02472791075706482, -0.027544483542442322]
All scores: [5343, 497, 5343, 5200]
[0.03938782960176468, 0.03916231170296669, -0.03230569139122963, -0.03618747740983963, 0.008384638465940952]
All scores: [5158, 480, 5165, 5330]
[0.028906747698783875, 0.03917780518531799, -0.06348574906587601, -0.019394339993596077, -0.04776256904006004]
All scores: [5287, 473, 5312, 5089]
[-0.0609477199614048, -0.03548043593764305, -0.0749116837978363, -0.005664105527102947, 0.0749816820025444]
All scores: [5243, 490, 5153, 5125]
[0.04408758133649826, -0.015668462961912155, -0.08690346032381058, 0.02011009305715561, -0.12598146498203278]
All scores: [5190, 491, 5210, 5302]
[0.10708487778902054, 0.09644390642642975, -0.041957251727581024, 0.04182697832584381, 0.01316975150257349]
All scores: [5129, 445, 5163, 5157]
[0.13269485533237457, -0.004176228307187557, -0.04718055948615074, -0.05155213922262192, -0.0360882543027401]
All scores: [5194, 500, 5172, 5297]
[0.07329440116882324, 0.0667828768491745, -0.02796337753534317, 0.028841448947787285, 0.012219413183629513]
All scores: [5274, 466, 5183, 5111]
0.0007668912876397371 b
[-0.055768292397260666, -0.011904697865247726, -0.025022149085998535, 0.08062669634819031, -0.00755103025585413]
All scores: [5224, 543, 5292, 5228]
[0.020865626633167267, -0.0037806869950145483, -0.05110389366745949, -0.045079637318849564, -0.04522848129272461]
All scores: [5201, 502, 5236, 5142]
[-0.08517877012491226, -0.055720049887895584, -0.012284452095627785, 0.00882842019200325, 0.14284200966358185]
All scores: [4862, 510, 5360, 5201]
[0.04601352661848068, 0.08547236770391464, -0.045242294669151306, 0.02640869840979576, 0.05069722235202789]
All scores: [5097, 500, 5246, 5272]
[0.03619452193379402, -0.13210640847682953, 2.4165958166122437e-05, 0.02312101051211357, 0.07006582617759705]
All scores: [5216, 479, 5313, 5133]
[0.06521134823560715, 0.0957644060254097, -0.07836268842220306, -0.031939949840307236, -0.08471806347370148]
All scores: [5245, 505, 5252, 5155]
[0.05519181862473488, -0.03637178987264633, -0.0021409979090094566, 0.01612779125571251, 0.04900796338915825]
All scores: [5082, 525, 5195, 5232]
[0.026040613651275635, -0.006044832523912191, -0.09231912344694138, -0.004955488257110119, 0.01425496768206358]
All scores: [5212, 491, 5082, 5327]
[-0.04393957182765007, 0.04367229342460632, 0.02211669273674488, -0.03300631046295166, -0.06685768067836761]
All scores: [5202, 566, 5204, 5165]
[-0.061724815517663956, -0.05225595459342003, -0.06532049924135208, -0.008996408432722092, -0.001038258895277977]
All scores: [5129, 490, 5024, 5075]
0.0005129710189066827 b
[0.03948412463068962, 0.03802220895886421, -0.03479661047458649, -0.06355634331703186, -0.04034518823027611]
All scores: [5187, 475, 5149, 5077]
[-0.12493649870157242, 0.05805851146578789, -0.15520969033241272, 0.0008710762485861778, 0.10438196361064911]
All scores: [5215, 501, 5351, 5022]
[-0.028405290096998215, 0.047021523118019104, -0.04965067282319069, -0.060991477221250534, 0.029053088277578354]
All scores: [5031, 456, 5169, 5276]
[0.02051663212478161, 0.04617604985833168, -0.031709667295217514, -0.027613256126642227, -0.0017864173278212547]
All scores: [5183, 525, 5102, 5033]
[-0.0007818946614861488, 0.005834445357322693, -0.1020212322473526, -0.016851773485541344, -0.05413645878434181]
All scores: [5228, 493, 5254, 5109]
[0.1080232486128807, -0.010937707498669624, -0.0723474994301796, -0.01259578950703144, 0.13240975141525269]
All scores: [5075, 530, 5272, 5123]
[-0.014704488217830658, -0.014049620367586613, -0.010304287075996399, 0.08778180927038193, 0.019698966294527054]
All scores: [5272, 500, 5123, 5143]
[0.10378839820623398, 0.040573302656412125, -0.06088966876268387, 0.03493025526404381, -0.024674352258443832]
All scores: [5055, 490, 5172, 5155]
[0.1216500848531723, -0.007744329050183296, 0.07118873298168182, 0.059704169631004333, -0.02062835358083248]
All scores: [5140, 446, 5226, 5363]
[-0.019602321088314056, -0.06256687641143799, -0.018356401473283768, 0.12752273678779602, 0.05359189212322235]
All scores: [5288, 464, 5269, 5257]
0.011128518730401993 b
[-0.03462490811944008, -0.10636655241250992, 0.0014500617980957031, 0.05519834905862808, 0.05816191807389259]
All scores: [5063, 514, 5237, 5168]
[-0.08473151177167892, 0.04223120957612991, 0.004015836864709854, 0.020202474668622017, 0.010153308510780334]
All scores: [5245, 505, 5221, 5245]
[0.13531403243541718, 0.07506910711526871, -0.12832550704479218, 0.04852859675884247, 0.046661075204610825]
All scores: [5118, 495, 5204, 5094]
[0.028917737305164337, -0.024459142237901688, 0.03904857859015465, -0.03313364461064339, -0.12003226578235626]
All scores: [5236, 527, 5070, 5151]
[-0.03291374817490578, -0.002909548580646515, 0.012248046696186066, 0.08431798964738846, 0.0195942185819149]
All scores: [5302, 449, 5148, 5320]
[0.0786793977022171, -0.03130727633833885, 0.03024618700146675, -0.09047745913267136, -0.052772149443626404]
All scores: [5147, 517, 5244, 5120]
[0.0246229637414217, 0.04700001701712608, -0.0625460296869278, 0.037101492285728455, -0.028735604137182236]
All scores: [5113, 465, 5115, 5126]
[-0.08182515949010849, -0.09495855867862701, -0.05456731840968132, 0.04836805909872055, 0.07566113770008087]
All scores: [5111, 527, 5211, 5083]
[0.07268523424863815, 0.06958744674921036, 0.03506453335285187, -0.04681037366390228, 0.04826553910970688]
All scores: [5224, 511, 5208, 5183]
[-0.019654616713523865, 0.006635727360844612, -0.08362875878810883, 0.025191832333803177, -0.060808442533016205]
All scores: [5262, 514, 5127, 5187]
0.000274150661425665 b
[0.011347484774887562, -0.021234672516584396, 0.005162246059626341, -0.06887929141521454, -0.05326530709862709]
All scores: [5093, 455, 5184, 5394]
[-0.004224494099617004, -0.014991517178714275, -0.008183199912309647, -0.003527288790792227, -0.03940668702125549]
All scores: [5076, 479, 5174, 5159]
[-0.005255045369267464, 0.09462413936853409, 0.06690938025712967, 0.07692272216081619, -0.016858674585819244]
All scores: [5238, 474, 5111, 5276]
[0.024730000644922256, 0.011088976636528969, -0.04510331153869629, -0.012268095277249813, -0.06643866002559662]
All scores: [5149, 476, 5005, 5280]
[0.07631635665893555, 0.002196666318923235, -0.004276977851986885, -0.04667060077190399, -0.013865171000361443]
All scores: [5140, 463, 5262, 5208]
[-0.10066043585538864, 0.05342152714729309, 0.05052584037184715, -0.040640659630298615, 0.016351085156202316]
All scores: [5193, 504, 5270, 5151]
[0.043532900512218475, 0.09784458577632904, -0.00155719555914402, 0.10513308644294739, 0.03998635336756706]
All scores: [5152, 474, 5177, 5205]
[-0.017280366271734238, 0.0373738594353199, 0.002314632525667548, 0.06108938530087471, -0.021612651646137238]
All scores: [5181, 519, 5117, 5197]
[-0.06560470908880234, 0.1311071366071701, 0.044267505407333374, 0.029860228300094604, 0.05546136572957039]
All scores: [5268, 478, 5225, 5192]
[0.12419380992650986, 0.0067290873266756535, -0.1502535492181778, -0.04386335611343384, -0.14528623223304749]
All scores: [5013, 535, 5181, 5148]
0.0002463673590682447 b
[-0.011962120421230793, 0.02990449033677578, -0.024469759315252304, 0.15634286403656006, -0.010319506749510765]
All scores: [5115, 535, 5119, 5310]
[0.017309390008449554, 0.04927187040448189, -0.0845058336853981, 0.026893125846982002, -0.014535789377987385]
All scores: [5193, 521, 5201, 5144]
[0.02807842753827572, 0.043363701552152634, 0.008696005679666996, 0.040458645671606064, -0.0015797021333128214]
All scores: [5212, 439, 5060, 5245]
[0.013629382476210594, 0.030482016503810883, 0.06503095477819443, 0.06786499917507172, 0.04916466772556305]
All scores: [5221, 466, 5109, 5198]
[0.0022175274789333344, 0.027598189190030098, -0.013607801869511604, -0.042691800743341446, -0.021023623645305634]
All scores: [5224, 501, 5314, 5088]
[0.003923721611499786, 0.022478820756077766, -0.042641859501600266, 0.08530353009700775, 0.0973384752869606]
All scores: [5194, 488, 5159, 5211]
[-0.025897623971104622, -0.16242942214012146, -0.15743517875671387, 0.10994080454111099, 0.013921521604061127]
All scores: [5218, 523, 5207, 5171]
[-0.0007861338090151548, -0.0655917078256607, -0.07261927425861359, -0.02423562854528427, 0.030813541263341904]
All scores: [5188, 471, 5234, 5338]
[0.018261265009641647, 0.11935283988714218, -0.038096945732831955, -0.03514817729592323, 0.07786883413791656]
All scores: [5338, 488, 5169, 5108]
[0.06918705999851227, 0.06706241518259048, -0.08806174993515015, -0.04544111341238022, -0.04415668547153473]
All scores: [5231, 469, 5280, 5093]
0.00598133634775877 b
[0.044731467962265015, 0.05217374861240387, -0.05126509442925453, -0.011484531685709953, -0.21811161935329437]
All scores: [5141, 497, 5156, 5110]
[-0.04301232472062111, -0.06310991942882538, 0.09390929341316223, 0.05682375654578209, -0.004221888724714518]
All scores: [5225, 488, 5133, 5238]
[0.04383651539683342, 0.0018385956063866615, -0.03846583887934685, 0.023173268884420395, 0.03274502977728844]
All scores: [5184, 467, 5252, 5040]
[0.1100304126739502, -0.014997368678450584, 0.01620206981897354, 0.09205184876918793, -0.04499265179038048]
All scores: [5319, 436, 5310, 5089]
[-0.09736590832471848, 0.08818298578262329, 0.06706752628087997, 0.07420726865530014, -0.07764289528131485]
All scores: [5231, 507, 5258, 5073]
[0.11773502826690674, 0.11412955820560455, -0.05439849570393562, 0.01402964536100626, 0.08798956871032715]
All scores: [5108, 464, 5182, 5309]
[0.02549765817821026, -0.011101709678769112, -0.004649912938475609, 0.0787375271320343, 0.06505662947893143]
All scores: [5231, 427, 5203, 5252]
[0.06370644271373749, 0.02749142050743103, -0.06152608245611191, 0.04232104867696762, -0.0913853645324707]
All scores: [5097, 451, 5154, 5214]
[0.06343783438205719, 0.10553798824548721, 0.03128533437848091, 0.02766989916563034, 0.111030712723732]
All scores: [5144, 513, 5104, 5225]
[0.07065603882074356, 0.02483031153678894, -0.05132526159286499, -0.0020558666437864304, -0.049966685473918915]
All scores: [5112, 523, 5253, 5162]
0.004853023681789637 b
[0.0654895082116127, 0.007463473826646805, -0.05076167359948158, -0.0307856984436512, -0.057354848831892014]
All scores: [5282, 496, 5205, 5118]
[0.02243254892528057, 0.05357696861028671, 0.0640597864985466, 0.057984139770269394, 0.04719185829162598]
All scores: [5110, 489, 5125, 5195]
[0.021710960194468498, 0.018734928220510483, 0.019992131739854813, 0.02662954293191433, -0.0670420229434967]
All scores: [5181, 505, 5344, 5223]
[0.04421500861644745, 0.026973828673362732, -0.01130907703191042, -0.004024832509458065, -0.024665147066116333]
All scores: [5234, 507, 5306, 5277]
[0.06138726323843002, 0.06151348352432251, -0.06761760264635086, -0.035105086863040924, -0.06766530871391296]
All scores: [5360, 496, 5160, 5140]
[0.08316732943058014, 0.015914419665932655, 0.04065897315740585, -0.0646672323346138, -0.04680050164461136]
All scores: [5237, 494, 5115, 5242]
[0.12080872803926468, 0.06438256800174713, -0.1944890022277832, -0.04895678535103798, -0.22095629572868347]
All scores: [5137, 472, 5254, 5231]
[0.1215684786438942, -0.03200387954711914, -0.12764374911785126, 0.0077675711363554, 0.03867519274353981]
All scores: [5074, 472, 5153, 5253]
[0.0029884828254580498, 0.03441347926855087, -0.09869437664747238, -0.0712863951921463, 0.020651783794164658]
All scores: [5234, 520, 5314, 4994]
[-0.022030221298336983, 0.09087812155485153, 0.017261061817407608, 0.10813622176647186, 0.06435280293226242]
All scores: [5145, 458, 5075, 5352]
0.009844792075455189 b
[-0.06311628222465515, 0.0156671404838562, -0.00020974501967430115, 0.06662501394748688, 0.012128732167184353]
All scores: [5105, 459, 5198, 5299]
[0.09382671862840652, 0.008161869831383228, -0.05448185279965401, -0.01218757126480341, 0.0808439701795578]
All scores: [5277, 466, 5050, 5173]
[-0.024977058172225952, 0.05391516909003258, 0.017966320738196373, -0.10106959939002991, -0.06748172640800476]
All scores: [5049, 513, 5203, 5135]
[0.05050042271614075, -0.054672230035066605, 0.10952701419591904, 0.03364640101790428, -0.03435879200696945]
All scores: [5224, 425, 5318, 5104]
[0.04268941283226013, 0.05410737544298172, -0.08423200249671936, -0.056157875806093216, -0.10673683136701584]
All scores: [4984, 535, 5121, 5192]
[0.06503944844007492, 0.06669318675994873, -0.006882473826408386, 0.034410327672958374, -0.026999356225132942]
All scores: [5260, 541, 5117, 5180]
[0.05235458165407181, 0.09422073513269424, -0.09303858131170273, 0.010712966322898865, -0.015950364992022514]
All scores: [5262, 464, 5275, 5119]
[-0.02785930596292019, -0.019211050122976303, -0.010967775247991085, 0.14345785975456238, 0.006717224605381489]
All scores: [5189, 601, 5194, 5199]
[-0.016597192734479904, -0.1333295851945877, -0.12490130960941315, 0.06754560768604279, -0.04082620143890381]
All scores: [5207, 526, 5202, 5303]
[-0.019354423508048058, -0.006840477231889963, -0.07036183774471283, -0.023347556591033936, 0.07663211971521378]
All scores: [5155, 469, 5273, 5205]
0.00014112860662862659 b
[0.15850672125816345, 0.03802166506648064, -0.07716979086399078, -0.013326480984687805, -0.07378631085157394]
All scores: [5132, 419, 5161, 5285]
[0.11757665872573853, 0.07220006734132767, -0.11376134306192398, -0.05629840865731239, -0.04652600735425949]
All scores: [5183, 464, 5229, 5277]
[0.14605340361595154, 0.015238349325954914, -0.03372512385249138, -0.07201071083545685, -0.07924388349056244]
All scores: [5072, 454, 5259, 5029]
[0.061164021492004395, 0.046429406851530075, 0.0008950922638177872, 0.015632331371307373, -0.03687376528978348]
All scores: [5238, 465, 5245, 5154]
[0.06167113035917282, 0.040781568735837936, -0.012429442256689072, 0.039470378309488297, -0.0124159324914217]
All scores: [5187, 486, 5050, 5205]
[0.029491329565644264, 0.10723934322595596, 0.021938418969511986, -0.012578707188367844, 0.024755313992500305]
All scores: [5256, 442, 5093, 5182]
[-0.07843973487615585, -0.04427485913038254, -0.044158414006233215, -0.07074133306741714, 0.11804146319627762]
All scores: [5063, 471, 5198, 5158]
[-0.005466864909976721, 0.07558051496744156, 0.054752152413129807, 0.08136142790317535, 0.11563227325677872]
All scores: [4983, 434, 5194, 5110]
[-0.06115040183067322, -0.061740390956401825, 0.03336773067712784, -0.0020801934879273176, 0.06022201105952263]
All scores: [5211, 402, 5214, 5104]
[0.03799706697463989, 0.13103580474853516, -0.07270995527505875, 0.04159479960799217, 0.040521763265132904]
All scores: [5101, 485, 5117, 5119]
0.0002740507188718766 b
[0.08073856681585312, -0.017307782545685768, -0.08567909896373749, -0.005224897526204586, -0.02221602015197277]
All scores: [5280, 434, 5054, 5170]
[0.039970532059669495, 0.11868268996477127, -0.0894252210855484, 0.0026224076282233, 0.10234903544187546]
All scores: [5156, 503, 5135, 5177]
[0.1158377155661583, 0.053809646517038345, -0.026294445618987083, -0.036591216921806335, -0.018473979085683823]
All scores: [5130, 434, 5295, 5388]
[0.031945597380399704, -0.040969960391521454, -0.036760032176971436, 0.04859639331698418, 0.11397790908813477]
All scores: [5138, 454, 5183, 5062]
[-0.014203138649463654, 0.14708437025547028, 0.05266471207141876, 0.1024930477142334, -0.01882910169661045]
All scores: [5376, 435, 5120, 5121]
[0.08006423711776733, 0.012639889493584633, -0.06039199233055115, -0.028865255415439606, 0.10739831626415253]
All scores: [5306, 456, 5064, 5346]
[0.1280832588672638, 0.05812864750623703, -0.015952397137880325, -0.04402819648385048, 0.026357267051935196]
All scores: [5209, 406, 5168, 5058]
[0.034940361976623535, -0.03976450487971306, -0.00807994045317173, 0.04249049723148346, 0.1060316264629364]
All scores: [5106, 417, 5337, 5148]
[-0.03426213189959526, 0.09393373131752014, 0.048960935324430466, 0.07734263688325882, -0.11503955721855164]
All scores: [5142, 424, 5156, 5150]
[0.1335190087556839, 0.08806023001670837, 0.018517112359404564, -0.1428947150707245, -0.07673271000385284]
All scores: [5153, 462, 5237, 5150]
9.126092481892556e-05 b
[0.08885085582733154, 0.04928690195083618, -0.03516015410423279, -0.048595089465379715, -0.05821671336889267]
All scores: [5163, 396, 5112, 5101]
[-0.015600582584738731, 0.039085760712623596, 0.009782742708921432, 0.05357660353183746, -0.06054779887199402]
All scores: [5094, 421, 5197, 5313]
[0.0714087262749672, 0.11750748008489609, 0.017385926097631454, 0.05131935700774193, 0.049087874591350555]
All scores: [5034, 430, 5149, 5064]
[0.11225567758083344, 0.027752118185162544, -0.037746984511613846, 0.015762299299240112, -0.03632248938083649]
All scores: [5183, 443, 5367, 5283]
[0.016891464591026306, 0.05959922447800636, -0.010768103413283825, -0.0828191488981247, -0.011803016066551208]
All scores: [5128, 476, 5255, 5376]
[0.0527488999068737, 0.05601070076227188, -0.10805001854896545, -0.05582338571548462, -0.10157710313796997]
All scores: [5143, 423, 5238, 5201]
[0.07200145721435547, 0.05002748593688011, -0.1319921463727951, -0.11060389131307602, -0.08852972090244293]
All scores: [5041, 433, 5130, 5333]
[0.16551081836223602, 0.06720934808254242, -0.07048454135656357, -0.04863579571247101, -0.06963811814785004]
All scores: [5299, 426, 5262, 5444]
[0.07407364249229431, 0.06456704437732697, -0.049570176750421524, 0.004409116692841053, -0.012697648257017136]
All scores: [5112, 441, 5021, 5145]
[-0.032336242496967316, 0.06308873742818832, -0.08804153650999069, -0.01388365589082241, 0.07276035845279694]
All scores: [5215, 446, 5136, 5157]
0.004597666673362255 b
[0.03745830059051514, 0.062154240906238556, 0.02789240889251232, 0.1398932784795761, -0.000418337294831872]
All scores: [5160, 431, 5237, 5284]
[0.005285713821649551, 0.07053685188293457, -0.039317306131124496, 0.060699399560689926, -0.07568872720003128]
All scores: [5078, 322, 5309, 5192]
[-0.027778752148151398, 0.007463426329195499, 0.02900245413184166, 0.15212100744247437, -0.033676955848932266]
All scores: [5240, 397, 5058, 5105]
[0.17812739312648773, 0.04171266406774521, 0.020257165655493736, -0.068850077688694, -0.038199298083782196]
All scores: [5101, 371, 5318, 5099]
[-0.035781219601631165, -0.0912214070558548, 0.06668438017368317, 0.019879458472132683, 0.0795651376247406]
All scores: [5209, 377, 5204, 5095]
[-0.04374111443758011, 0.02626216784119606, -0.019412897527217865, -0.010750972665846348, -0.009568842127919197]
All scores: [5201, 383, 5186, 5223]
[-0.013081950135529041, -0.03011651150882244, 0.024121951311826706, 0.023216083645820618, 0.00974573940038681]
All scores: [5171, 398, 5130, 5109]
[0.14531932771205902, 0.028238913044333458, -0.11700013279914856, -0.014760139398276806, -0.07484135031700134]
All scores: [5256, 425, 5213, 5188]
[-0.04275304824113846, -0.06702536344528198, -0.013901261612772942, 0.059141919016838074, 0.11137513816356659]
All scores: [5112, 381, 5148, 5298]
[0.13114821910858154, 0.012137280777096748, -0.06328783929347992, 0.013540457934141159, -0.12645013630390167]
All scores: [5168, 389, 5203, 5303]
0.0002982653386425227 b
[-0.08688956499099731, -0.09304414689540863, -0.0987812876701355, 0.07166554033756256, 0.07339424639940262]
All scores: [5162, 407, 5243, 5245]
[0.11162994056940079, 0.04017737880349159, -0.023979250341653824, -0.07325691729784012, -0.022165238857269287]
All scores: [5336, 400, 5207, 5265]
[0.10459226369857788, -0.022021997720003128, -0.0024503068998456, -0.03274700045585632, 0.02395276352763176]
All scores: [5183, 310, 5304, 5272]
[0.10446413606405258, 0.11345645040273666, 0.013532273471355438, -0.13353663682937622, -0.06910372525453568]
All scores: [5294, 356, 5260, 5199]
[0.06277559697628021, -0.05905739963054657, -0.05812816321849823, -0.011550594121217728, -0.10105463117361069]
All scores: [5117, 394, 5241, 5335]
[0.13153065741062164, -0.04653218388557434, -0.021311407908797264, 0.11862537264823914, -0.010028007440268993]
All scores: [5173, 419, 5221, 5145]
[0.02545064687728882, 0.07966012507677078, -0.013122603297233582, -0.025425735861063004, 0.06618925929069519]
All scores: [5191, 421, 5305, 5185]
[0.06564716249704361, 0.02815297059714794, 0.019337374716997147, 0.010971136391162872, -0.004390417132526636]
All scores: [5160, 423, 5282, 5218]
[0.16503232717514038, 0.0706639513373375, -0.008120730519294739, -0.015548799186944962, 0.04334298148751259]
All scores: [5292, 343, 5177, 5170]
[0.0009990916587412357, -0.082813560962677, 0.06731482595205307, 0.07905884087085724, 0.07947579771280289]
All scores: [5134, 427, 5271, 5173]
5.64794972888194e-05 b
[0.08248676359653473, 0.12253314256668091, -0.04312608391046524, 0.009989773854613304, -0.0365774929523468]
All scores: [5250, 415, 5045, 5093]
[0.14375846087932587, 0.04537597671151161, 0.011865056119859219, -0.006268023047596216, 0.02856498211622238]
All scores: [5111, 338, 5141, 5112]
[-0.013962856493890285, 0.00378208514302969, -0.04404990002512932, 0.05855564400553703, 0.09160824120044708]
All scores: [4996, 343, 5184, 5291]
[0.16985797882080078, 0.0757826566696167, -0.02788568288087845, -0.010296626947820187, 0.10319043695926666]
All scores: [5187, 333, 5346, 5130]
[0.15707403421401978, -0.0659579485654831, -0.04390963166952133, -0.08336629718542099, 0.029172604903578758]
All scores: [5144, 329, 5074, 5257]
[0.12743382155895233, 0.011575458571314812, 0.011350715532898903, -0.010226955637335777, 0.03960958123207092]
All scores: [5142, 320, 5115, 5231]
[0.11572956293821335, 0.02219550870358944, -0.0524662546813488, -0.025495920330286026, -0.04552977904677391]
All scores: [5127, 317, 5305, 5253]
[0.20043352246284485, 0.05412060022354126, -0.14095860719680786, -0.08436765521764755, -0.1609925478696823]
All scores: [5174, 332, 5088, 4991]
[-0.01212381199002266, 0.0078055597841739655, 0.003085492644459009, 0.009141119197010994, 0.0834479033946991]
All scores: [4955, 315, 5142, 5307]
[0.1938004046678543, 0.030861221253871918, -0.05920157954096794, -0.009178683161735535, -0.05137130618095398]
All scores: [5156, 350, 5264, 5298]
0.000200112015591003 b
[0.0008403116371482611, 0.10162786394357681, -0.014135899022221565, 0.14819127321243286, -0.007945986464619637]
All scores: [5187, 372, 5141, 5060]
[0.03517737239599228, 0.030109001323580742, -0.0558149516582489, 0.023866914212703705, 0.017031529918313026]
All scores: [5057, 310, 5133, 5144]
[0.2105138897895813, 0.005965788383036852, -0.030987171456217766, 0.008082933723926544, -0.07672219723463058]
All scores: [5117, 369, 5293, 5193]
[0.03551594540476799, 0.026745419949293137, 0.09926159679889679, -0.035677239298820496, -0.079195536673069]
All scores: [5193, 330, 5122, 5153]
[0.042831677943468094, -0.04397622123360634, 0.12284508347511292, -0.10085608065128326, -0.011196782812476158]
All scores: [5163, 326, 5183, 5036]
[-0.06401076167821884, -0.04894379898905754, -0.028138354420661926, -0.023409966379404068, 0.10258052498102188]
All scores: [5218, 298, 5282, 5088]
[0.05248238891363144, 0.008432946167886257, -0.09518302232027054, -0.053714584559202194, -0.021715933457016945]
All scores: [5179, 321, 5090, 5025]
[0.08207330107688904, 0.015959180891513824, -0.0386139340698719, -0.012000558897852898, -0.05290737748146057]
All scores: [5168, 339, 5145, 5307]
[-0.04650750756263733, 0.09149926900863647, -0.027548015117645264, 0.21778057515621185, 0.006128227338194847]
All scores: [5185, 336, 5108, 5174]
[0.008760604076087475, 0.08039770275354385, -0.07373309135437012, 0.18227633833885193, -0.039550118148326874]
All scores: [5037, 307, 5538, 5201]
0.005568190477788448 b
[-0.05053899437189102, -0.009756701067090034, 0.024105986580252647, 0.09349337220191956, 0.0034209133591502905]
All scores: [5410, 306, 5196, 4935]
[0.0987032800912857, 0.044106487184762955, -0.034146834164857864, -0.026544485241174698, -0.031004177406430244]
All scores: [5130, 273, 5117, 5044]
[0.07962857931852341, 0.02722972072660923, -0.07138138264417648, -0.052165400236845016, -0.04995344951748848]
All scores: [5028, 296, 5331, 5182]
[0.151777446269989, 0.09136617928743362, -0.03386790305376053, -0.012486785650253296, -0.0719730406999588]
All scores: [5187, 260, 5107, 5203]
[0.040765177458524704, -0.049060314893722534, -0.0920012891292572, -0.11547435820102692, 0.05690779909491539]
All scores: [5103, 304, 5198, 5204]
[0.14203307032585144, 0.012343976646661758, -0.10042508691549301, 0.06700996309518814, 0.06334038078784943]
All scores: [5342, 310, 5238, 5133]
[0.0711146667599678, 0.10124317556619644, -0.0073023829609155655, -0.05363791435956955, 0.013536570593714714]
All scores: [5389, 273, 5263, 5230]
[0.023542769253253937, -0.011154809035360813, -0.06645146012306213, 0.02972550317645073, 0.0724930614233017]
All scores: [5197, 317, 5265, 5136]
[-0.06523679196834564, -0.05725771561264992, 0.01393958367407322, -0.011305831372737885, 0.15312060713768005]
All scores: [5209, 279, 5239, 5234]
[0.1090557798743248, 0.04435454681515694, -0.0350869745016098, 0.03467370942234993, -0.05997006222605705]
All scores: [5066, 309, 5368, 5092]
0.0003135395818389952 b
[-0.0652293711900711, -0.058069899678230286, -0.033476658165454865, 0.21540378034114838, -0.07042774558067322]
All scores: [5028, 294, 5276, 4969]
[-0.011206483468413353, -0.08875007182359695, -0.07367249578237534, 0.03913145512342453, 0.06914781779050827]
All scores: [5151, 284, 5319, 5287]
[0.07316244393587112, 0.05107717961072922, -0.027222782373428345, 0.03834226727485657, -0.04362189397215843]
All scores: [5162, 281, 5107, 5234]
[-0.13091783225536346, -0.15283766388893127, 0.035868167877197266, 0.04002249613404274, 0.12161313742399216]
All scores: [5306, 221, 5117, 5230]
[0.10743497312068939, 0.05526060611009598, 0.006271476857364178, 0.009432998485863209, -0.08654520660638809]
All scores: [5381, 245, 5268, 5012]
[0.07697764039039612, -0.11819516122341156, 0.009223716333508492, 0.15356223285198212, 0.1454780250787735]
All scores: [5098, 282, 5332, 5165]
[0.10323707014322281, 0.04173718020319939, -0.028643906116485596, 0.14678028225898743, -0.07583388686180115]
All scores: [5201, 270, 5221, 5391]
[0.14238281548023224, 0.026587774977087975, 0.07090175151824951, -0.11849264800548553, -0.07674133777618408]
All scores: [5352, 267, 5153, 5290]
[-0.04508286714553833, -0.0015806881710886955, -0.03279232978820801, -0.012445151805877686, -0.009762341156601906]
All scores: [5132, 253, 5090, 5172]
[0.14750441908836365, -0.030396033078432083, -0.0028810203075408936, 0.025301411747932434, -0.12086566537618637]
All scores: [5281, 268, 5087, 5067]
0.003899375442415476 b
[0.0021309154108166695, -0.06504050642251968, 0.013044776394963264, -0.0012790081091225147, -0.008399387821555138]
All scores: [5096, 249, 5052, 5034]
[-0.041954006999731064, 0.040599629282951355, 0.08495953679084778, 0.18532302975654602, -0.01707514002919197]
All scores: [5222, 201, 5263, 5170]
[0.20616310834884644, 0.06778725236654282, 0.0012169033288955688, -0.023568635806441307, -0.07301952689886093]
All scores: [5237, 198, 5153, 5193]
[0.13683438301086426, 0.08856479078531265, 0.056670136749744415, -0.041070688515901566, 0.03933016210794449]
All scores: [5028, 218, 5049, 5237]
[0.08755941689014435, 0.09553717821836472, 0.008101601153612137, 0.10136408358812332, 0.09458945691585541]
All scores: [5188, 223, 5201, 5217]
[-0.010315575636923313, -0.12617316842079163, -0.010331008583307266, 0.05147716403007507, 0.1778426617383957]
All scores: [5273, 239, 5172, 5090]
[0.20124919712543488, 0.006950126029551029, 0.007806737907230854, -0.023532763123512268, -0.10142450034618378]
All scores: [5178, 231, 5243, 5154]
[0.18474510312080383, 0.03067619539797306, -0.08253295719623566, 0.03494958579540253, -0.00370496092364192]
All scores: [5161, 241, 5129, 5179]
[0.02517448365688324, 0.03807980567216873, -0.07854719460010529, -0.029993519186973572, 0.08159492909908295]
All scores: [5071, 224, 5246, 5093]
[0.2779778838157654, 0.016373351216316223, -0.04460466280579567, -0.025908850133419037, -0.03248126804828644]
All scores: [5086, 229, 5182, 5166]
0.005377978086471558 b
[0.09594287723302841, -0.013160822913050652, 0.08619417250156403, -0.10818217694759369, -0.011205995455384254]
All scores: [5204, 197, 5136, 5177]
[0.15146923065185547, 0.031189333647489548, 0.02348201349377632, -0.06325671076774597, -0.0037997160106897354]
All scores: [5215, 232, 5208, 5165]
[0.06472595036029816, 0.1293688416481018, 0.04293529689311981, 0.036813508719205856, 0.032617971301078796]
All scores: [5150, 173, 5292, 5109]
[0.11396756023168564, 0.12781307101249695, 0.007434742525219917, 0.037306927144527435, 0.026991762220859528]
All scores: [5298, 188, 5239, 5244]
[0.2662906050682068, 0.06430111080408096, -0.03624027967453003, 0.019097059965133667, -0.10025728493928909]
All scores: [5041, 205, 5224, 5153]
[0.16719147562980652, 0.087705597281456, -0.08882693946361542, 0.003262934274971485, 0.03723347559571266]
All scores: [5160, 230, 5255, 5104]
[0.12317923456430435, 0.030357254669070244, 0.14515364170074463, 0.03961876779794693, -0.020655455067753792]
All scores: [5267, 197, 5052, 5194]
[-0.05866973102092743, -0.1299767792224884, 0.010984981432557106, -0.03896567225456238, 0.04288367182016373]
All scores: [5188, 190, 5152, 5203]
[0.030710961669683456, -0.0070938654243946075, -0.0699671059846878, 0.03142749145627022, 0.09331592172384262]
All scores: [4956, 189, 5139, 5267]
[0.10765893757343292, 0.017032286152243614, 0.02145058661699295, -0.0016851536929607391, -0.061313189566135406]
All scores: [5127, 221, 5183, 5101]
0.009274407289922237 b
[0.11980214715003967, -0.04908667132258415, -0.049857787787914276, 0.18019209802150726, 0.060900501906871796]
All scores: [5286, 194, 5395, 5115]
[0.18059462308883667, 0.0745973065495491, -0.00217235554009676, -0.03152633085846901, -0.07693298161029816]
All scores: [5250, 170, 5109, 5087]
[-0.06501244008541107, 0.02433307282626629, -0.03057108074426651, 0.27608534693717957, 0.043554212898015976]
All scores: [5255, 162, 5099, 5112]
[-0.03638219088315964, -0.11756714433431625, 0.05837578326463699, 0.02034798264503479, 0.13859432935714722]
All scores: [5309, 177, 5015, 5343]
[0.14216876029968262, 0.14069883525371552, -0.022301817312836647, 0.02537672594189644, 0.025805125012993813]
All scores: [5158, 158, 5153, 5161]
[-0.008058099076151848, -0.11933604627847672, 0.0401390939950943, 0.10585667937994003, 0.06317822635173798]
All scores: [5193, 160, 5151, 5141]
[0.10080495476722717, 0.03660557419061661, -0.05876541882753372, 0.017777249217033386, -0.05448369309306145]
All scores: [5142, 168, 5239, 5226]
[-0.009349670261144638, -0.04440700635313988, -0.045991040766239166, 0.11127883940935135, 0.03131597489118576]
All scores: [4995, 180, 5355, 5188]
[0.1746523529291153, 0.11310969293117523, 0.0630292221903801, -0.03758120909333229, -0.08453010022640228]
All scores: [5242, 161, 5229, 5203]
[-0.06060490384697914, -0.13370473682880402, 0.0022247377783060074, 0.06447233259677887, 0.05987585708498955]
All scores: [5135, 169, 5082, 5003]
0.00901270192116499 b
[-0.013579189777374268, 0.08662600070238113, -0.0087981466203928, 0.09450487047433853, 0.06917069107294083]
All scores: [5188, 194, 5175, 5132]
[0.18469920754432678, 0.08427507430315018, -0.05539281293749809, 0.09035176783800125, 0.0031013903208076954]
All scores: [5106, 180, 5254, 5213]
[-0.042715203016996384, -0.050967026501894, -0.007493653800338507, 0.03552982211112976, 0.08892215043306351]
All scores: [5263, 176, 5314, 5052]
[-0.2239779829978943, 0.04643845558166504, -0.04478822648525238, 0.4032314717769623, -0.16882948577404022]
All scores: [5148, 206, 5266, 5248]
[0.04507802426815033, -0.024344779551029205, -0.061292607337236404, 0.06917687505483627, 0.04927170276641846]
All scores: [5165, 183, 4952, 5222]
[0.22028261423110962, 0.02970663644373417, 0.07415830343961716, -0.03739209845662117, -0.017968356609344482]
All scores: [5092, 177, 5212, 5062]
[0.12861913442611694, 0.09024352580308914, -0.04989798367023468, 0.09101078659296036, 0.0818774402141571]
All scores: [5126, 146, 5130, 5234]
[0.1104828491806984, 0.004884795285761356, 0.07411984354257584, -0.0023734048008918762, 0.02930978685617447]
All scores: [5181, 158, 5257, 5141]
[0.05877434462308884, 0.053832102566957474, 0.08880127966403961, 0.02692706324160099, 0.04559973627328873]
All scores: [5063, 161, 5202, 5097]
[0.16942372918128967, 0.0030222106724977493, 0.02969876490533352, -0.08847790211439133, -0.008783852681517601]
All scores: [5192, 134, 5283, 5277]
0.018461108207702637 b
[0.1680830717086792, 0.03359914571046829, -0.030518166720867157, -0.04881271347403526, -0.041624050587415695]
All scores: [5202, 154, 5181, 5071]
[0.08344892412424088, -0.06494326144456863, -0.05593357980251312, 0.07541678845882416, 0.019797444343566895]
All scores: [5229, 156, 5124, 5163]
[-0.06402719020843506, -0.16435474157333374, 0.039264313876628876, 0.03908146172761917, 0.10327526181936264]
All scores: [5153, 138, 5081, 5289]
[0.01596805267035961, -0.14629176259040833, 0.06075243651866913, 0.06556984037160873, 0.0836648941040039]
All scores: [5148, 135, 5207, 5140]
[0.130855530500412, 0.09549476951360703, 0.013206643983721733, 0.05610630288720131, -0.013020701706409454]
All scores: [5223, 136, 5121, 5172]
[0.0628601461648941, 0.06020977720618248, 0.022405944764614105, -0.05507092922925949, -0.06178458034992218]
All scores: [5085, 169, 5227, 5241]
[0.0048771873116493225, 0.019419454038143158, -0.019878407940268517, 0.08344202488660812, 0.12278479337692261]
All scores: [5336, 139, 5229, 5050]
[-0.11544200778007507, 0.07294820994138718, -0.04272451251745224, 0.24393047392368317, 0.08037680387496948]
All scores: [5165, 169, 5102, 4998]
[-0.011804838664829731, 0.09410558640956879, -0.012269536964595318, 0.305726021528244, -0.051775865256786346]
All scores: [5135, 145, 5108, 5203]
[0.24070733785629272, 0.07651717215776443, -0.0007699001580476761, -0.04056437313556671, -0.026519956067204475]
All scores: [5288, 114, 5340, 5182]
0.005836388561874628 b
[0.1402185559272766, -0.0038908934220671654, -0.03151140362024307, 0.0051012965850532055, -0.014500224962830544]
All scores: [1424607, 108873, 1427409, 1424434]
Team scores: [1533480, 2851843]
