Using TensorFlow backend.
/scratch/jl8429/coopai/agents8k.py:159: UserWarning: Update your `Model` call to the Keras 2 API: `Model(inputs=[<tf.Tenso..., outputs=Tensor("mu...)`
  model = Model(input=[frames_input, actions_input], output=filtered_output)
/scratch/jl8429/venv1/lib/python3.6/site-packages/keras/callbacks.py:122: UserWarning: Method on_batch_end() is slow compared to the batch update (0.282281). Check your callbacks.
  % delta_t_median)
/scratch/jl8429/venv1/lib/python3.6/site-packages/keras/callbacks.py:122: UserWarning: Method on_batch_end() is slow compared to the batch update (0.159187). Check your callbacks.
  % delta_t_median)
8dqn
8dqn, sgdn, 0.0001, 256k5, batch 8, rewardself10
All scores: [5247, 600, 5213, 5195]
All scores: [5010, 577, 5240, 5168]
All scores: [5252, 538, 5141, 5205]
All scores: [5260, 651, 5072, 5117]
All scores: [5104, 617, 5312, 5280]
0.0003783340798690915 b
[-0.07201123237609863, 0.012143775820732117, -0.01652918942272663, -0.17238879203796387, 0.010882298462092876]
All scores: [5153, 676, 5136, 5148]
[0.0036099907010793686, -0.06817124038934708, -0.022253233939409256, -0.04930341616272926, 0.023483091965317726]
All scores: [5150, 683, 5268, 5052]
[0.01904403045773506, -0.08410133421421051, 0.026997035369277, 0.007360612507909536, -0.045740630477666855]
All scores: [5163, 760, 5232, 5162]
[0.0037960971239954233, -0.026931893080472946, 0.04811537265777588, -0.006262384355068207, 0.06140192598104477]
All scores: [5188, 863, 5058, 5127]
[0.07141155004501343, 0.013298701494932175, 0.005927883088588715, 0.036133475601673126, -0.03832942619919777]
All scores: [5065, 810, 5172, 5125]
[0.0637974664568901, -0.026016471907496452, -0.0016715005040168762, -0.08723893761634827, 0.020916279405355453]
All scores: [5031, 831, 5133, 5025]
[0.04565972834825516, 0.06631221622228622, 0.0899980366230011, 0.3235517740249634, -0.07766842842102051]
All scores: [5088, 902, 5237, 5088]
[-0.10275765508413315, -0.09493810683488846, 0.09309081733226776, 0.38581255078315735, -0.07768218219280243]
All scores: [4964, 1086, 4968, 5175]
[0.14791877567768097, -0.05063074454665184, 0.023582249879837036, -0.007044739089906216, -0.03899829462170601]
All scores: [5083, 1115, 5146, 5082]
[0.011475641280412674, 0.07701531797647476, 0.19613870978355408, 0.100831039249897, 0.025382068008184433]
All scores: [5032, 1212, 5075, 5124]
0.011021850630640984 b
[0.20852968096733093, -0.09986487776041031, -0.054519787430763245, -0.11302512139081955, -0.04845229908823967]
All scores: [4900, 1207, 5232, 5121]
[-0.1319686621427536, -0.004668968729674816, 0.2225649505853653, 0.9149773120880127, -0.05524676293134689]
All scores: [4622, 1329, 5258, 4982]
[-0.17185091972351074, 0.10239802300930023, 0.40369510650634766, 0.8817937970161438, -0.15781116485595703]
All scores: [5014, 1286, 5184, 5072]
[0.09574683010578156, 0.1651698499917984, 0.35729438066482544, 0.020462602376937866, 0.005675679072737694]
All scores: [4819, 1291, 5044, 5032]
[0.00618772953748703, 0.8130562901496887, -0.14556358754634857, 0.021303238347172737, 0.08119837939739227]
All scores: [4804, 1266, 5222, 5079]
[0.12193205207586288, 0.3151911199092865, 0.5895604491233826, -0.1315516233444214, 0.05628176033496857]
All scores: [4896, 1265, 5049, 5016]
[0.13740816712379456, 0.34355035424232483, 0.8248015642166138, -0.12293873727321625, 0.06116862595081329]
All scores: [4909, 1244, 5082, 5230]
[1.3304965496063232, 0.18254470825195312, 0.1799551099538803, 0.007695294916629791, 0.5574517250061035]
All scores: [4852, 1180, 5133, 5125]
[1.8974577188491821, 0.44355180859565735, 0.40703463554382324, 0.25817036628723145, 0.7470002174377441]
All scores: [4951, 1276, 5084, 4991]
[1.2584396600723267, 5.367297172546387, 1.1695407629013062, 1.3673127889633179, 1.9048861265182495]
All scores: [4878, 1218, 5038, 5117]
0.6472882032394409 b
[18.905834197998047, 13.017815589904785, 12.97616195678711, 12.857218742370605, 13.177867889404297]
All scores: [4904, 1171, 5056, 5128]
[18.37782096862793, 18.197925567626953, 18.584190368652344, 22.168548583984375, 18.110851287841797]
All scores: [4758, 1328, 5144, 5058]
[17.05022430419922, 19.194732666015625, 16.910425186157227, 16.916379928588867, 16.814983367919922]
All scores: [4737, 1362, 5015, 5286]
[16.96079444885254, 19.44287109375, 17.07577133178711, 16.969526290893555, 16.910314559936523]
All scores: [4734, 1327, 5141, 5101]
[15.698863983154297, 15.618179321289062, 17.973880767822266, 15.767462730407715, 15.599783897399902]
All scores: [4938, 1275, 5169, 5091]
[16.850601196289062, 19.168737411499023, 16.810043334960938, 16.84154510498047, 16.73331642150879]
All scores: [4776, 1149, 5140, 5189]
[16.448972702026367, 16.580535888671875, 18.88785743713379, 16.496692657470703, 16.3756160736084]
All scores: [5004, 1274, 5200, 5139]
[17.74323272705078, 17.672330856323242, 17.77091407775879, 21.84672737121582, 17.65213394165039]
All scores: [4695, 1285, 5072, 5054]
[16.42500114440918, 16.444555282592773, 16.559072494506836, 20.425273895263672, 16.356550216674805]
All scores: [4991, 1327, 5116, 5067]
[17.01371192932129, 16.967798233032227, 17.172321319580078, 21.017940521240234, 16.969539642333984]
All scores: [4793, 1283, 5069, 5248]
0.3934384882450104 b
[17.682741165161133, 16.343460083007812, 16.207931518554688, 16.176034927368164, 16.216726303100586]
All scores: [4779, 1312, 5088, 5124]
[16.481061935424805, 16.628122329711914, 16.612350463867188, 20.564321517944336, 16.43138885498047]
All scores: [4963, 1220, 5132, 5065]
[16.834444046020508, 16.881834030151367, 19.1381778717041, 16.87733268737793, 16.691072463989258]
All scores: [4827, 1390, 5205, 5040]
[17.19332504272461, 17.294889450073242, 17.443357467651367, 21.36460304260254, 16.87293243408203]
All scores: [4894, 1186, 5277, 5010]
[16.74974250793457, 19.112306594848633, 16.60442352294922, 16.690277099609375, 16.66458511352539]
All scores: [4716, 1313, 5178, 5124]
[17.202524185180664, 19.53969383239746, 17.01471710205078, 17.139360427856445, 17.04576873779297]
All scores: [4735, 1290, 4975, 5165]
[16.15338897705078, 18.48128318786621, 16.289793014526367, 16.261289596557617, 16.11758804321289]
All scores: [4684, 1341, 5021, 5145]
[16.69814109802246, 16.754602432250977, 19.11017417907715, 16.84266471862793, 16.730741500854492]
All scores: [4893, 1385, 5088, 4996]
[17.22998809814453, 17.115982055664062, 19.7382869720459, 17.073604583740234, 17.082748413085938]
All scores: [4790, 1207, 5129, 5076]
[19.084726333618164, 17.263992309570312, 17.372711181640625, 17.392353057861328, 17.42477798461914]
All scores: [4915, 1248, 5128, 5154]
0.1476178914308548 b
[16.726089477539062, 19.355798721313477, 16.778779983520508, 16.716962814331055, 16.66224479675293]
All scores: [4854, 1396, 5300, 4996]
[17.299785614013672, 17.49748992919922, 19.826763153076172, 17.51044464111328, 17.320085525512695]
All scores: [4973, 1370, 5226, 5021]
[16.14151954650879, 16.072776794433594, 18.508739471435547, 16.106191635131836, 15.938928604125977]
All scores: [4794, 1210, 5087, 5189]
[18.30307960510254, 16.836318969726562, 16.848543167114258, 16.963899612426758, 16.90604591369629]
All scores: [4930, 1248, 5078, 5121]
[16.43473243713379, 16.487035751342773, 18.99103355407715, 16.430166244506836, 16.348894119262695]
All scores: [4855, 1330, 5086, 5192]
[16.91910743713379, 19.23187255859375, 17.04042625427246, 16.90964698791504, 16.954540252685547]
All scores: [4977, 1227, 5129, 5097]
[16.095199584960938, 16.2713565826416, 18.559005737304688, 16.132564544677734, 16.110652923583984]
All scores: [4874, 1274, 5105, 5251]
[16.334110260009766, 16.295305252075195, 16.330137252807617, 20.323577880859375, 16.243928909301758]
All scores: [4819, 1340, 5066, 5123]
[15.982568740844727, 18.194841384887695, 15.968101501464844, 16.01041603088379, 15.923117637634277]
All scores: [4901, 1206, 5007, 4976]
[16.19354248046875, 16.371601104736328, 18.77608871459961, 16.198257446289062, 16.223628997802734]
All scores: [4807, 1297, 5090, 5200]
0.20624415576457977 b
[18.445987701416016, 17.160919189453125, 17.098106384277344, 17.2158203125, 16.990943908691406]
All scores: [4872, 1255, 5044, 5097]
[17.045963287353516, 16.861703872680664, 17.129945755004883, 20.769418716430664, 16.762357711791992]
All scores: [4943, 1351, 5211, 5093]
[16.56075096130371, 16.45156478881836, 16.703445434570312, 20.525089263916016, 16.401397705078125]
All scores: [4781, 1240, 5228, 5122]
[16.59395408630371, 16.559410095214844, 18.941736221313477, 16.428749084472656, 16.483741760253906]
All scores: [4770, 1296, 4986, 5090]
[16.86159324645996, 16.877809524536133, 17.09679412841797, 20.996644973754883, 16.805429458618164]
All scores: [4837, 1400, 5241, 5067]
[16.739864349365234, 16.88912010192871, 19.132606506347656, 16.814064025878906, 16.782161712646484]
All scores: [4729, 1266, 5026, 5214]
[17.13438606262207, 19.785614013671875, 17.41836929321289, 17.219261169433594, 17.21597671508789]
All scores: [4795, 1201, 5158, 5074]
[17.201025009155273, 17.171409606933594, 19.55158233642578, 17.171337127685547, 17.145261764526367]
All scores: [4838, 1302, 4951, 5127]
[16.34576988220215, 16.367435455322266, 18.512561798095703, 16.488744735717773, 16.308565139770508]
All scores: [4846, 1324, 5056, 4943]
[17.516910552978516, 20.01993179321289, 17.372543334960938, 17.470590591430664, 17.230344772338867]
All scores: [4729, 1273, 5199, 5324]
0.7014490365982056 b
[18.375377655029297, 17.090299606323242, 17.038650512695312, 16.975954055786133, 16.96172332763672]
All scores: [4895, 1278, 5172, 4899]
[17.09852409362793, 19.524160385131836, 17.312074661254883, 17.209787368774414, 17.107284545898438]
All scores: [4721, 1314, 5112, 5090]
[16.754228591918945, 16.810836791992188, 16.953872680664062, 20.73090362548828, 16.681869506835938]
All scores: [4676, 1403, 5204, 4966]
[16.17628288269043, 16.11888313293457, 18.365161895751953, 16.078752517700195, 15.914650917053223]
All scores: [4933, 1181, 4944, 5101]
[16.61971664428711, 18.7161865234375, 16.495513916015625, 16.66907501220703, 16.43972396850586]
All scores: [4971, 1233, 5244, 5146]
[18.57876205444336, 17.17649269104004, 16.975980758666992, 17.031539916992188, 16.97374725341797]
All scores: [5045, 1263, 5113, 5270]
[18.466398239135742, 18.630687713623047, 21.18456268310547, 18.596721649169922, 18.33009147644043]
All scores: [4747, 1290, 5239, 4913]
[16.764995574951172, 17.006881713867188, 19.457027435302734, 16.862199783325195, 16.739412307739258]
All scores: [4775, 1342, 5183, 5077]
[17.214515686035156, 17.109752655029297, 17.28704261779785, 21.23539924621582, 17.115882873535156]
All scores: [4906, 1280, 5032, 5148]
[16.90616226196289, 17.01764678955078, 19.479137420654297, 17.092416763305664, 17.01241111755371]
All scores: [5097, 1181, 4965, 5104]
0.02774423360824585 b
[17.094358444213867, 17.068485260009766, 17.27898406982422, 21.17140007019043, 16.935775756835938]
All scores: [4864, 1320, 5026, 5233]
[19.084047317504883, 17.644001007080078, 17.71862030029297, 17.59858512878418, 17.553627014160156]
All scores: [4906, 1263, 5094, 5054]
[18.04629135131836, 20.566150665283203, 17.984203338623047, 17.998987197875977, 17.888965606689453]
All scores: [4818, 1356, 5059, 4981]
[17.808134078979492, 16.47092628479004, 16.3961124420166, 16.50406265258789, 16.444486618041992]
All scores: [4723, 1378, 5096, 5075]
[18.15458869934082, 16.81321907043457, 16.815872192382812, 16.853668212890625, 16.821409225463867]
All scores: [4719, 1393, 5131, 5138]
[16.64815330505371, 16.739673614501953, 19.037872314453125, 16.665273666381836, 16.55849266052246]
All scores: [4830, 1390, 5162, 5145]
[16.83663558959961, 16.864965438842773, 19.22761344909668, 16.815670013427734, 16.756311416625977]
All scores: [4770, 1297, 5079, 4988]
[17.1141357421875, 17.0108699798584, 19.45189094543457, 16.961931228637695, 16.891006469726562]
All scores: [4734, 1303, 5096, 5061]
[17.754215240478516, 16.614877700805664, 16.64435577392578, 16.587303161621094, 16.546279907226562]
All scores: [4803, 1243, 5030, 5222]
[16.832626342773438, 19.34568214416504, 16.80384635925293, 16.823829650878906, 16.740982055664062]
All scores: [5020, 1211, 5039, 5184]
0.46965545415878296 b
[16.650915145874023, 16.720544815063477, 18.965843200683594, 16.805423736572266, 16.60374641418457]
All scores: [4859, 1265, 5274, 5030]
[17.964799880981445, 16.769962310791016, 16.82048988342285, 16.697490692138672, 16.65206527709961]
All scores: [4818, 1260, 5169, 5145]
[16.932714462280273, 19.301963806152344, 16.878658294677734, 16.891958236694336, 16.69404411315918]
All scores: [5038, 1213, 5047, 5078]
[16.288833618164062, 16.322465896606445, 16.40233612060547, 20.174957275390625, 16.207151412963867]
All scores: [4797, 1316, 5059, 4909]
[18.744178771972656, 17.188358306884766, 17.24062156677246, 17.29366111755371, 17.319568634033203]
All scores: [4752, 1348, 5110, 5144]
[17.06300926208496, 17.099782943725586, 19.381954193115234, 17.212158203125, 17.046215057373047]
All scores: [4882, 1266, 5000, 5059]
[17.004335403442383, 17.166990280151367, 19.65862464904785, 17.07651710510254, 17.082674026489258]
All scores: [4849, 1375, 5013, 5080]
[17.740989685058594, 18.0476016998291, 20.523700714111328, 17.93369483947754, 17.797822952270508]
All scores: [4913, 1208, 5160, 4958]
[17.58655548095703, 20.175451278686523, 17.506160736083984, 17.59390640258789, 17.526161193847656]
All scores: [4767, 1336, 5079, 5172]
[18.615694046020508, 17.26350212097168, 17.20629119873047, 17.2100830078125, 17.054689407348633]
All scores: [4883, 1207, 5101, 5021]
0.20160965621471405 b
[17.27391242980957, 17.400989532470703, 19.961435317993164, 17.425901412963867, 17.318851470947266]
All scores: [4815, 1226, 5139, 5105]
[16.730981826782227, 16.79724884033203, 19.137290954589844, 16.820159912109375, 16.7701473236084]
All scores: [4754, 1330, 5041, 5269]
[19.171762466430664, 17.550010681152344, 17.60023307800293, 17.5299129486084, 17.53244400024414]
All scores: [4831, 1303, 4994, 4986]
[18.342113494873047, 18.140731811523438, 18.25281524658203, 22.642181396484375, 18.11911392211914]
All scores: [4851, 1307, 5196, 5127]
[17.34375762939453, 17.372055053710938, 19.881372451782227, 17.406389236450195, 17.251972198486328]
All scores: [4764, 1165, 5121, 5106]
[18.851428985595703, 18.955272674560547, 18.981468200683594, 23.3922119140625, 18.640480041503906]
All scores: [4782, 1427, 5080, 5073]
[16.566905975341797, 16.5937557220459, 18.912691116333008, 16.57081413269043, 16.568462371826172]
All scores: [4791, 1243, 5211, 5174]
[16.40929412841797, 16.320695877075195, 16.42311668395996, 20.4039306640625, 16.272193908691406]
All scores: [4887, 1257, 5235, 5099]
[18.48082733154297, 18.520397186279297, 18.800954818725586, 23.136486053466797, 18.402048110961914]
All scores: [4782, 1391, 5025, 5115]
[15.783023834228516, 17.98352813720703, 15.87519645690918, 15.751593589782715, 15.727424621582031]
All scores: [4705, 1250, 5088, 5076]
0.3841876983642578 b
[16.846424102783203, 16.87770652770996, 16.821401596069336, 20.95118522644043, 16.703659057617188]
All scores: [4895, 1294, 5095, 5069]
[16.761804580688477, 16.931133270263672, 19.423812866210938, 16.78505516052246, 16.75598907470703]
All scores: [4971, 1386, 4918, 5093]
[17.590797424316406, 17.442522048950195, 17.66105079650879, 21.671436309814453, 17.42544174194336]
All scores: [4825, 1348, 5062, 5152]
[18.078365325927734, 20.533403396606445, 17.834314346313477, 17.774904251098633, 17.885650634765625]
All scores: [4648, 1435, 5040, 5167]
[17.84052085876465, 18.049640655517578, 20.420185089111328, 18.076967239379883, 17.858423233032227]
All scores: [4875, 1265, 5152, 5075]
[15.954045295715332, 15.841958045959473, 17.68452262878418, 15.859612464904785, 15.802573204040527]
All scores: [4724, 1235, 5210, 5034]
[17.095882415771484, 17.150718688964844, 17.072660446166992, 21.032094955444336, 16.784549713134766]
All scores: [4838, 1286, 5027, 5008]
[18.017160415649414, 17.979000091552734, 18.062870025634766, 22.07305145263672, 17.838287353515625]
All scores: [4757, 1331, 5067, 5265]
[17.160240173339844, 17.175905227661133, 19.420392990112305, 17.197208404541016, 17.226842880249023]
All scores: [4886, 1283, 5078, 5222]
[18.928468704223633, 21.60685920715332, 18.83990478515625, 19.062719345092773, 18.902498245239258]
All scores: [4719, 1364, 4998, 5001]
0.2944754958152771 b
[19.09912109375, 17.56764793395996, 17.649744033813477, 17.557588577270508, 17.492944717407227]
All scores: [4912, 1308, 5099, 5095]
[17.896997451782227, 17.760841369628906, 18.033790588378906, 22.349390029907227, 17.781688690185547]
All scores: [4777, 1334, 5077, 5085]
[16.670412063598633, 16.65225601196289, 16.624792098999023, 20.465925216674805, 16.645349502563477]
All scores: [5038, 1334, 5126, 5092]
[18.51506233215332, 18.404891967773438, 20.866825103759766, 18.472633361816406, 18.224002838134766]
All scores: [4902, 1362, 5125, 4890]
[20.168455123901367, 18.40591049194336, 18.455162048339844, 18.493579864501953, 18.5438289642334]
All scores: [4970, 1255, 5096, 5184]
[18.256498336791992, 18.162227630615234, 20.8687744140625, 18.140262603759766, 18.11542510986328]
All scores: [4827, 1322, 5086, 5118]
[18.993724822998047, 17.5909423828125, 17.714099884033203, 17.768310546875, 17.619874954223633]
All scores: [4919, 1242, 5094, 5023]
[19.636384963989258, 18.175071716308594, 18.207326889038086, 18.17544174194336, 18.152915954589844]
All scores: [4848, 1254, 4926, 5052]
[18.407033920288086, 21.17046546936035, 18.43123435974121, 18.504131317138672, 18.259748458862305]
All scores: [4793, 1225, 5065, 5217]
[16.678104400634766, 19.053197860717773, 16.692340850830078, 16.60105323791504, 16.609256744384766]
All scores: [4808, 1320, 5143, 5111]
0.5959901809692383 b
[20.835111618041992, 19.141603469848633, 19.081300735473633, 19.241310119628906, 19.155004501342773]
All scores: [4774, 1370, 5118, 5138]
[19.09701156616211, 18.88041877746582, 21.3420467376709, 18.964366912841797, 18.783763885498047]
All scores: [4923, 1330, 5027, 5274]
[16.646366119384766, 18.834115982055664, 16.667749404907227, 16.620662689208984, 16.551904678344727]
All scores: [4887, 1331, 5183, 4988]
[19.856340408325195, 18.13420295715332, 18.087411880493164, 18.15298843383789, 18.155454635620117]
All scores: [4774, 1325, 5029, 5192]
[17.818370819091797, 16.173852920532227, 16.090805053710938, 16.280731201171875, 16.154376983642578]
All scores: [4772, 1285, 5146, 5051]
[19.420194625854492, 18.105697631835938, 18.044857025146484, 17.925596237182617, 17.930402755737305]
All scores: [4794, 1221, 5191, 5138]
[17.859861373901367, 17.900108337402344, 20.710662841796875, 17.95443344116211, 17.951662063598633]
All scores: [4802, 1205, 5093, 5224]
[17.53627586364746, 17.436368942260742, 17.477243423461914, 21.689809799194336, 17.423545837402344]
All scores: [4858, 1352, 5112, 5186]
[16.891212463378906, 16.784019470214844, 16.70503044128418, 20.725658416748047, 16.66163444519043]
All scores: [4765, 1266, 5023, 5147]
[17.02714729309082, 17.047849655151367, 16.901987075805664, 20.515636444091797, 16.940977096557617]
All scores: [4739, 1313, 5028, 5095]
0.8456456065177917 b
[21.116552352905273, 19.951494216918945, 19.997783660888672, 20.031654357910156, 19.76434898376465]
All scores: [4943, 1279, 5244, 5030]
[16.46833038330078, 19.13151741027832, 16.748849868774414, 16.376150131225586, 16.379182815551758]
All scores: [4928, 1194, 5178, 5163]
[18.9492130279541, 18.067249298095703, 17.9085693359375, 18.230121612548828, 17.786386489868164]
All scores: [4839, 1331, 5072, 5122]
[19.998706817626953, 19.943397521972656, 19.865985870361328, 24.15806007385254, 19.697057723999023]
All scores: [4924, 1300, 5165, 5081]
[18.012550354003906, 20.565275192260742, 18.04204750061035, 17.964506149291992, 17.947542190551758]
All scores: [4797, 1295, 5204, 5145]
[17.633092880249023, 17.822914123535156, 19.9650936126709, 17.66029930114746, 17.737558364868164]
All scores: [4809, 1477, 5225, 5039]
[19.09488296508789, 17.8975887298584, 17.846525192260742, 17.93390464782715, 17.77564811706543]
All scores: [4797, 1340, 5201, 5157]
[18.525569915771484, 18.635793685913086, 21.253374099731445, 18.476072311401367, 18.556930541992188]
All scores: [4888, 1378, 5081, 5116]
[19.964948654174805, 18.721742630004883, 18.80748176574707, 18.65949249267578, 18.567541122436523]
All scores: [4872, 1321, 5169, 5176]
[20.707563400268555, 19.085756301879883, 19.042755126953125, 19.099075317382812, 18.97633934020996]
All scores: [4844, 1292, 5281, 5206]
0.1916671097278595 b
[18.752498626708984, 17.499155044555664, 17.3210506439209, 17.467622756958008, 17.420198440551758]
All scores: [4731, 1351, 5055, 5227]
[18.58449363708496, 18.566757202148438, 18.60007667541504, 22.68752670288086, 18.39626121520996]
All scores: [4843, 1239, 5056, 4969]
[19.077239990234375, 17.45382308959961, 17.44260025024414, 17.670394897460938, 17.4304256439209]
All scores: [4831, 1328, 5118, 5074]
[16.91232681274414, 16.8997745513916, 16.81909942626953, 20.72234535217285, 16.712865829467773]
All scores: [4775, 1294, 5151, 5259]
[20.01941680908203, 18.815658569335938, 18.90875816345215, 18.833786010742188, 18.73462677001953]
All scores: [4761, 1243, 5179, 5359]
[18.175857543945312, 18.14055061340332, 20.843582153320312, 18.260562896728516, 18.096939086914062]
All scores: [4773, 1323, 5103, 5108]
[18.295814514160156, 18.348539352416992, 21.354089736938477, 18.380231857299805, 18.19628143310547]
All scores: [4801, 1260, 5156, 5108]
[18.404924392700195, 21.25409507751465, 18.55954360961914, 18.504974365234375, 18.28781509399414]
All scores: [4796, 1318, 5161, 5027]
[22.39319610595703, 21.328502655029297, 21.608642578125, 21.324832916259766, 21.052297592163086]
All scores: [4855, 1285, 5079, 5314]
[16.99492645263672, 19.89333724975586, 17.259851455688477, 17.1201171875, 16.930639266967773]
All scores: [4782, 1324, 5110, 5204]
0.4784040153026581 b
[19.504920959472656, 19.444364547729492, 19.762290954589844, 24.366666793823242, 19.24716567993164]
All scores: [4840, 1261, 5238, 5142]
[20.709125518798828, 19.053062438964844, 18.948139190673828, 19.024600982666016, 19.04383659362793]
All scores: [4849, 1337, 5146, 5005]
[19.600128173828125, 18.248220443725586, 18.242008209228516, 18.13979148864746, 18.08014678955078]
All scores: [4975, 1247, 5134, 5159]
[23.45769691467285, 23.260814666748047, 23.636859893798828, 27.995126724243164, 23.196273803710938]
All scores: [4732, 1243, 4987, 5110]
[23.0812931060791, 21.89862060546875, 22.047636032104492, 21.84273338317871, 21.85993766784668]
All scores: [4826, 1357, 5146, 4964]
[18.939294815063477, 19.00652313232422, 21.203079223632812, 19.006364822387695, 18.859840393066406]
All scores: [4979, 1246, 5092, 5110]
[19.892980575561523, 18.579614639282227, 18.327194213867188, 18.514320373535156, 18.39725112915039]
All scores: [4857, 1223, 5074, 5034]
[18.389066696166992, 20.435823440551758, 18.394250869750977, 18.375314712524414, 18.445833206176758]
All scores: [4742, 1242, 5154, 5098]
[16.422197341918945, 16.40003776550293, 16.5131893157959, 19.70855712890625, 16.35371208190918]
All scores: [4831, 1299, 4977, 5197]
[18.135662078857422, 18.078350067138672, 18.42026710510254, 22.124340057373047, 17.96320343017578]
All scores: [4591, 1436, 5222, 5161]
0.744516134262085 b
[18.575984954833984, 18.393211364746094, 20.10199737548828, 18.38092041015625, 18.3731689453125]
All scores: [4930, 1334, 5137, 4996]
[18.919639587402344, 18.86985969543457, 21.369911193847656, 19.04082489013672, 18.82025718688965]
All scores: [4773, 1390, 5212, 5157]
[18.833698272705078, 18.920785903930664, 18.667598724365234, 23.338600158691406, 18.79566764831543]
All scores: [4801, 1293, 5069, 5127]
[20.583036422729492, 20.486751556396484, 24.262487411499023, 20.813405990600586, 20.56435775756836]
All scores: [4981, 1281, 5189, 5116]
[17.802684783935547, 20.33936309814453, 18.06439971923828, 17.982751846313477, 17.762361526489258]
All scores: [4693, 1377, 4999, 4943]
[17.314929962158203, 15.867304801940918, 15.453160285949707, 16.35782241821289, 15.901938438415527]
All scores: [4762, 1381, 5077, 5167]
[18.708742141723633, 17.466957092285156, 17.602380752563477, 17.795793533325195, 17.55077362060547]
All scores: [4809, 1255, 5017, 5097]
[22.82316017150879, 22.81036376953125, 26.753137588500977, 22.836837768554688, 22.72617530822754]
All scores: [4924, 1236, 5341, 5236]
[22.08260154724121, 24.319293975830078, 22.022642135620117, 22.251237869262695, 22.054275512695312]
All scores: [4771, 1321, 5157, 5233]
[17.027889251708984, 16.74280548095703, 18.53055191040039, 16.898113250732422, 16.87723731994629]
All scores: [4832, 1309, 5262, 5093]
0.8279464840888977 b
[19.839027404785156, 19.796998977661133, 22.62081527709961, 19.808116912841797, 19.744905471801758]
All scores: [4837, 1301, 5126, 5121]
[20.404695510864258, 20.28566551208496, 23.604930877685547, 20.442960739135742, 20.31832504272461]
All scores: [4795, 1237, 5093, 5097]
[20.409669876098633, 20.234041213989258, 20.400747299194336, 24.428062438964844, 20.113510131835938]
All scores: [4878, 1285, 5135, 5041]
[20.428974151611328, 18.762910842895508, 18.568082809448242, 18.833175659179688, 18.68851089477539]
All scores: [4821, 1384, 5249, 5042]
[21.966428756713867, 24.21871566772461, 21.872833251953125, 21.930490493774414, 21.71085548400879]
All scores: [4959, 1334, 5023, 4889]
[23.038732528686523, 22.940338134765625, 23.37005043029785, 28.53392791748047, 22.520492553710938]
All scores: [4814, 1236, 5223, 5157]
[22.280216217041016, 20.950998306274414, 21.12070083618164, 21.010778427124023, 20.83782196044922]
All scores: [4706, 1374, 5280, 5130]
[19.445281982421875, 19.280616760253906, 21.599096298217773, 19.507341384887695, 19.136333465576172]
All scores: [4850, 1248, 5098, 5102]
[21.632932662963867, 21.660770416259766, 24.97014045715332, 21.774616241455078, 21.443735122680664]
All scores: [4788, 1349, 5165, 5144]
[23.263710021972656, 25.60001564025879, 23.328594207763672, 23.151567459106445, 23.040712356567383]
All scores: [4905, 1307, 5269, 5127]
1.506391167640686 b
[17.278697967529297, 20.879730224609375, 17.380929946899414, 17.41215705871582, 17.25210189819336]
All scores: [4734, 1247, 5175, 5018]
[21.011062622070312, 20.920486450195312, 21.12701988220215, 25.711881637573242, 20.686037063598633]
All scores: [4734, 1288, 5139, 5125]
[18.40726089477539, 21.268478393554688, 18.43212127685547, 18.634397506713867, 18.248159408569336]
All scores: [4672, 1370, 5246, 5086]
[21.028799057006836, 19.650592803955078, 19.520538330078125, 20.032554626464844, 19.681880950927734]
All scores: [4903, 1334, 5106, 5113]
[25.401628494262695, 23.227144241333008, 22.890228271484375, 23.322010040283203, 23.48233985900879]
All scores: [4977, 1228, 5174, 5002]
[22.998571395874023, 25.607345581054688, 23.152692794799805, 23.26292610168457, 22.96111297607422]
All scores: [4724, 1263, 5029, 5098]
[23.030332565307617, 22.229944229125977, 22.514516830444336, 22.3681640625, 22.12345314025879]
All scores: [4856, 1285, 5164, 5083]
[22.836618423461914, 25.109512329101562, 22.907299041748047, 22.892663955688477, 22.934814453125]
All scores: [4882, 1202, 5003, 5165]
[22.462800979614258, 20.075061798095703, 19.870651245117188, 20.568971633911133, 20.44887351989746]
All scores: [4883, 1252, 5004, 5056]
[21.151737213134766, 20.816009521484375, 21.36646270751953, 23.58470916748047, 20.803955078125]
All scores: [4887, 1312, 5152, 5090]
1.0352648496627808 b
[23.2718505859375, 21.73490333557129, 21.730998992919922, 21.866647720336914, 21.676095962524414]
All scores: [4864, 1224, 5094, 5150]
[22.25635528564453, 22.369720458984375, 25.983919143676758, 22.393251419067383, 22.53750991821289]
All scores: [4785, 1283, 5165, 5245]
[20.71176528930664, 19.27168846130371, 18.942413330078125, 19.53323745727539, 19.26125717163086]
All scores: [5006, 1238, 4925, 5153]
[22.597320556640625, 22.74358558654785, 26.22289276123047, 23.007017135620117, 22.907087326049805]
All scores: [4786, 1253, 5099, 5107]
[24.41643714904785, 24.25821876525879, 29.35936737060547, 24.816896438598633, 24.521276473999023]
All scores: [4841, 1265, 5042, 5158]
[21.28584098815918, 19.762130737304688, 19.614362716674805, 20.164003372192383, 19.929487228393555]
All scores: [4946, 1268, 5146, 4992]
[21.22777557373047, 19.480911254882812, 19.411890029907227, 19.614049911499023, 19.698081970214844]
All scores: [4942, 1295, 5122, 4988]
[25.396554946899414, 24.218223571777344, 24.583995819091797, 24.33949851989746, 24.16032600402832]
All scores: [4736, 1257, 5062, 5150]
[21.19894790649414, 24.439189910888672, 21.30110740661621, 21.430559158325195, 21.11048126220703]
All scores: [4749, 1313, 5236, 5175]
[21.278297424316406, 21.19809341430664, 20.959321975708008, 25.810976028442383, 21.06395721435547]
All scores: [4859, 1199, 4956, 5137]
0.5138493776321411 b
[22.96382713317871, 25.012052536010742, 23.13289451599121, 23.028263092041016, 23.158397674560547]
All scores: [4855, 1256, 5167, 5123]
[23.96125602722168, 22.654420852661133, 22.69345474243164, 22.560665130615234, 22.661758422851562]
All scores: [4787, 1257, 5167, 5066]
[26.016326904296875, 29.03154945373535, 26.212085723876953, 26.417348861694336, 26.370668411254883]
All scores: [4996, 1239, 5071, 5121]
[20.934921264648438, 20.881362915039062, 20.397104263305664, 25.546424865722656, 20.572031021118164]
All scores: [4929, 1211, 5074, 5240]
[23.29939842224121, 23.25971221923828, 27.171875, 23.369260787963867, 23.220802307128906]
All scores: [4867, 1287, 5286, 5048]
[20.183536529541016, 20.310863494873047, 22.138620376586914, 20.075010299682617, 20.14198875427246]
All scores: [4757, 1266, 5206, 5245]
[22.753910064697266, 22.770660400390625, 24.87459373474121, 22.779245376586914, 22.776769638061523]
All scores: [4983, 1262, 5130, 5241]
[18.826313018798828, 18.91573143005371, 18.545610427856445, 22.66455078125, 18.935894012451172]
All scores: [4772, 1247, 5077, 5308]
[20.214344024658203, 22.9763126373291, 20.383426666259766, 20.283809661865234, 20.322534561157227]
All scores: [4787, 1250, 5236, 5140]
[22.039989471435547, 20.626466751098633, 20.504072189331055, 20.642440795898438, 20.7596435546875]
All scores: [4790, 1238, 5246, 5125]
0.6580828428268433 b
[19.789358139038086, 20.017309188842773, 21.89076805114746, 19.793167114257812, 20.057462692260742]
All scores: [4827, 1311, 5205, 5119]
[19.97028923034668, 20.296981811523438, 20.017860412597656, 24.00287437438965, 20.021587371826172]
All scores: [4933, 1216, 5133, 5159]
[23.695049285888672, 26.30141258239746, 23.546655654907227, 23.57935333251953, 23.445003509521484]
All scores: [4978, 1199, 5027, 4995]
[22.68341064453125, 22.795896530151367, 25.046600341796875, 22.556968688964844, 22.781023025512695]
All scores: [5011, 1256, 5036, 5063]
[23.498973846435547, 27.054649353027344, 23.717119216918945, 23.46280860900879, 23.31791877746582]
All scores: [5024, 1316, 5001, 5272]
[24.063674926757812, 23.909330368041992, 27.572521209716797, 24.182416915893555, 23.88487434387207]
All scores: [4944, 1281, 5091, 4970]
[20.271438598632812, 20.33126449584961, 20.084516525268555, 24.80864906311035, 20.204002380371094]
All scores: [4909, 1204, 5187, 5052]
[21.808115005493164, 21.864151000976562, 25.2619571685791, 22.130252838134766, 21.91006088256836]
All scores: [4735, 1282, 5096, 5088]
[20.980546951293945, 20.932912826538086, 23.464338302612305, 20.78697395324707, 20.83418846130371]
All scores: [4993, 1211, 5159, 5262]
[22.707794189453125, 22.426807403564453, 25.340808868408203, 22.556291580200195, 22.42007064819336]
All scores: [4860, 1317, 5098, 5135]
0.2517664134502411 b
[21.57795524597168, 19.70384979248047, 19.122400283813477, 19.829261779785156, 19.64468765258789]
All scores: [4827, 1272, 5235, 5081]
[20.375469207763672, 20.46416473388672, 20.32992172241211, 23.75585174560547, 20.37327003479004]
All scores: [4823, 1195, 5136, 5081]
[20.233104705810547, 19.977697372436523, 22.443984985351562, 20.348615646362305, 20.124982833862305]
All scores: [4694, 1272, 5085, 4995]
[18.26016616821289, 18.138044357299805, 17.826379776000977, 19.304697036743164, 18.583053588867188]
All scores: [4962, 1313, 5084, 5166]
[20.47226333618164, 20.412948608398438, 21.22439956665039, 20.349132537841797, 20.377721786499023]
All scores: [4722, 1167, 5107, 5320]
[21.12090301513672, 20.990694046020508, 22.102008819580078, 20.964101791381836, 21.015653610229492]
All scores: [4831, 1257, 5049, 5044]
[21.04930877685547, 20.940397262573242, 21.26606559753418, 24.204418182373047, 21.21497917175293]
All scores: [4793, 1171, 5133, 5010]
[21.865755081176758, 22.05689811706543, 25.857574462890625, 22.33527374267578, 22.12774085998535]
All scores: [4802, 1195, 5255, 5069]
[25.27227210998535, 27.67694664001465, 25.004404067993164, 25.460721969604492, 25.048194885253906]
All scores: [4831, 1324, 5175, 5110]
[21.02589988708496, 20.387428283691406, 20.182226181030273, 20.50331687927246, 20.165348052978516]
All scores: [4692, 1349, 5035, 5141]
0.48850688338279724 b
[22.242874145507812, 22.35537338256836, 22.364879608154297, 26.706798553466797, 22.395862579345703]
All scores: [4914, 1164, 5072, 5106]
[26.014524459838867, 25.22384262084961, 25.222518920898438, 24.852663040161133, 25.077224731445312]
All scores: [4821, 1378, 5136, 5078]
[20.054365158081055, 23.123483657836914, 20.189498901367188, 20.245389938354492, 20.310880661010742]
All scores: [4724, 1238, 5226, 5043]
[26.472787857055664, 25.1140193939209, 24.997709274291992, 25.13822364807129, 25.002117156982422]
All scores: [4749, 1158, 5125, 5122]
[20.875240325927734, 23.15751838684082, 21.034133911132812, 20.886083602905273, 20.96449089050293]
All scores: [4737, 1165, 5099, 5089]
[20.113780975341797, 19.826440811157227, 20.03990364074707, 21.501224517822266, 20.337982177734375]
All scores: [4812, 1139, 5180, 5079]
[19.986982345581055, 20.02184295654297, 20.050867080688477, 23.019485473632812, 20.163837432861328]
All scores: [4783, 1298, 5071, 5233]
[26.71027946472168, 25.295381546020508, 25.014888763427734, 24.9699764251709, 25.13018798828125]
All scores: [5091, 1111, 5222, 5184]
[24.143875122070312, 24.075674057006836, 27.144535064697266, 24.074512481689453, 24.049232482910156]
All scores: [4852, 1222, 5165, 5080]
[27.102764129638672, 26.793813705444336, 27.360240936279297, 33.268192291259766, 26.921899795532227]
All scores: [4965, 1191, 5163, 5144]
0.6861867904663086 b
[27.41533660888672, 29.582632064819336, 27.772899627685547, 27.42225456237793, 27.313764572143555]
All scores: [4968, 1301, 5011, 4936]
[24.6171932220459, 24.48025131225586, 27.37079429626465, 24.372068405151367, 24.40985870361328]
All scores: [4949, 1158, 4877, 5132]
[23.550493240356445, 26.73140525817871, 23.72179412841797, 23.833566665649414, 23.56757164001465]
All scores: [5034, 1269, 5327, 4952]
[22.383094787597656, 22.175020217895508, 23.14017105102539, 22.367111206054688, 22.18467903137207]
All scores: [4933, 1209, 5016, 5193]
[26.94698143005371, 26.812358856201172, 29.650686264038086, 26.84897232055664, 26.557697296142578]
All scores: [4716, 1242, 5174, 5067]
[23.56114959716797, 23.77838134765625, 23.482650756835938, 30.705936431884766, 23.585269927978516]
All scores: [4782, 1272, 5069, 4965]
[21.64832305908203, 24.931476593017578, 21.683753967285156, 21.66678810119629, 21.504056930541992]
All scores: [4867, 1237, 5252, 4935]
[23.896865844726562, 23.862287521362305, 27.76274871826172, 24.04407501220703, 23.895198822021484]
All scores: [4836, 1268, 5124, 5105]
[23.52985954284668, 23.415103912353516, 27.32831382751465, 23.47780418395996, 23.465009689331055]
All scores: [4801, 1165, 5247, 5133]
[26.692167282104492, 25.647369384765625, 25.73632049560547, 25.0758113861084, 25.750946044921875]
All scores: [4976, 1257, 5184, 5015]
0.7171586751937866 b
[25.38828468322754, 23.911378860473633, 23.84839630126953, 23.97365951538086, 24.00634002685547]
All scores: [5034, 1146, 5200, 5174]
[22.695703506469727, 22.62598991394043, 25.297832489013672, 22.920852661132812, 22.9029483795166]
All scores: [4938, 1243, 5050, 5061]
[19.66364097595215, 19.67353630065918, 20.457040786743164, 19.92045783996582, 19.578569412231445]
All scores: [4795, 1208, 5267, 4878]
[22.6174259185791, 22.46499252319336, 22.800643920898438, 25.656187057495117, 22.615978240966797]
All scores: [4836, 1170, 4960, 5039]
[22.635053634643555, 22.462299346923828, 22.672082901000977, 25.481021881103516, 22.691720962524414]
All scores: [4904, 1143, 5180, 4996]
[22.551162719726562, 23.76883316040039, 22.51784324645996, 22.590145111083984, 22.837200164794922]
All scores: [4797, 1117, 5062, 5109]
[28.123533248901367, 25.719709396362305, 25.22576332092285, 25.983383178710938, 25.97686004638672]
All scores: [4857, 1180, 5145, 4933]
[22.854267120361328, 22.72361183166504, 25.064002990722656, 22.91663932800293, 22.749736785888672]
All scores: [5024, 1082, 5180, 5118]
[26.267480850219727, 25.381099700927734, 25.112716674804688, 24.977140426635742, 25.177080154418945]
All scores: [4898, 1196, 5142, 5074]
[24.36324119567871, 24.55656623840332, 27.938709259033203, 24.453685760498047, 24.61907196044922]
All scores: [4844, 1228, 5200, 4919]
1.4487007856369019 b
[23.88932228088379, 22.71698570251465, 22.65211296081543, 23.055782318115234, 22.66727638244629]
All scores: [4777, 1104, 5068, 5220]
[22.99100112915039, 22.982038497924805, 22.965057373046875, 28.282695770263672, 22.91398811340332]
All scores: [4901, 1259, 5118, 5083]
[25.820619583129883, 24.37432861328125, 24.36581039428711, 24.066238403320312, 24.656585693359375]
All scores: [4805, 1224, 5218, 4972]
[26.196582794189453, 24.487186431884766, 24.46039581298828, 24.37230682373047, 24.671186447143555]
All scores: [4955, 1104, 5104, 5076]
[21.0293025970459, 20.912824630737305, 20.73556137084961, 23.137182235717773, 20.974689483642578]
All scores: [4810, 1165, 4997, 5127]
[21.19613265991211, 23.24917221069336, 21.13216209411621, 21.154129028320312, 21.45769500732422]
All scores: [4845, 1161, 5080, 5102]
[23.869613647460938, 24.063461303710938, 23.90692710876465, 29.28700065612793, 23.710691452026367]
All scores: [4876, 1177, 5074, 5152]
[22.10561180114746, 21.95383071899414, 21.715662002563477, 25.207889556884766, 21.895503997802734]
All scores: [4838, 1110, 5116, 5300]
[22.263904571533203, 25.0467529296875, 22.418283462524414, 22.288604736328125, 22.4439754486084]
All scores: [4919, 1256, 5137, 5045]
[20.916181564331055, 21.233198165893555, 24.752666473388672, 21.267858505249023, 21.2047061920166]
All scores: [4973, 1126, 5161, 5245]
0.8048140406608582 b
[21.889177322387695, 21.95633316040039, 23.80730438232422, 21.811155319213867, 21.795732498168945]
All scores: [1336238, 342888, 1408446, 1404295]
Team scores: [1679126, 2812741]
