Using TensorFlow backend.
/scratch/jl8429/coopai/agents8m.py:159: UserWarning: Update your `Model` call to the Keras 2 API: `Model(inputs=[<tf.Tenso..., outputs=Tensor("mu...)`
  model = Model(input=[frames_input, actions_input], output=filtered_output)
/scratch/jl8429/venv1/lib/python3.6/site-packages/keras/callbacks.py:122: UserWarning: Method on_batch_end() is slow compared to the batch update (0.167099). Check your callbacks.
  % delta_t_median)
8dqn
8dqn, sgdn, 0.001, 256k5, batch 8, rewardself10
All scores: [5108, 635, 5171, 5148]
All scores: [5324, 606, 5120, 5067]
All scores: [5217, 656, 5213, 5138]
All scores: [5156, 566, 5212, 5048]
All scores: [5226, 645, 5175, 5116]
0.000256113416980952 b
[-0.02196175418794155, 0.0433109849691391, 0.04556451737880707, 0.01646832562983036, -0.009849893860518932]
All scores: [5130, 813, 5220, 5053]
[0.03836016356945038, 0.0691974014043808, 0.17748001217842102, 0.6126366257667542, 0.018846547231078148]
All scores: [4863, 1359, 5165, 5186]
[22.25736427307129, 20.69827651977539, 20.639949798583984, 20.692188262939453, 20.768985748291016]
All scores: [4748, 1296, 5093, 4949]
[18.05140495300293, 20.588361740112305, 17.851974487304688, 17.74584197998047, 17.77566146850586]
All scores: [4710, 1304, 5039, 5182]
[18.9675235748291, 18.955827713012695, 18.97706413269043, 24.071435928344727, 18.877614974975586]
All scores: [4875, 1293, 5175, 5267]
[17.605318069458008, 16.495885848999023, 16.549545288085938, 16.601966857910156, 16.624834060668945]
All scores: [4851, 1384, 5091, 5036]
[19.723737716674805, 19.786331176757812, 22.91604995727539, 19.7150936126709, 19.749387741088867]
All scores: [4677, 1310, 4984, 5113]
[16.55957794189453, 16.62594985961914, 19.123491287231445, 16.670562744140625, 16.461078643798828]
All scores: [4809, 1362, 4973, 5104]
[18.442058563232422, 17.092594146728516, 17.101530075073242, 17.100595474243164, 17.02498435974121]
All scores: [4926, 1308, 5263, 5051]
[19.137836456298828, 17.28444480895996, 17.387386322021484, 17.58582878112793, 17.455135345458984]
All scores: [4856, 1141, 5115, 5237]
1.9751734733581543 b
[18.84247589111328, 21.356311798095703, 19.102886199951172, 18.860736846923828, 18.807966232299805]
All scores: [4806, 1305, 5027, 5221]
[15.927225112915039, 16.327665328979492, 18.55657958984375, 16.052099227905273, 15.94449234008789]
All scores: [4694, 1312, 4985, 5142]
[18.43927764892578, 17.004013061523438, 16.953407287597656, 16.8298397064209, 17.008594512939453]
All scores: [4835, 1275, 5270, 4981]
[17.77288818359375, 20.0487003326416, 17.94727897644043, 17.862567901611328, 17.738025665283203]
All scores: [4952, 1362, 5173, 5048]
[18.629409790039062, 21.32998275756836, 18.542648315429688, 18.72154426574707, 18.764589309692383]
All scores: [4842, 1326, 5007, 5213]
[19.462574005126953, 18.003700256347656, 17.91423225402832, 18.22113609313965, 17.918142318725586]
All scores: [4784, 1361, 5117, 5064]
[18.38174819946289, 18.48565673828125, 18.45191192626953, 22.938949584960938, 18.494873046875]
All scores: [4783, 1283, 5158, 5066]
[20.12034797668457, 20.05799674987793, 20.267305374145508, 25.235126495361328, 20.102840423583984]
All scores: [4747, 1253, 5217, 5164]
[17.69901466369629, 17.772600173950195, 20.028249740600586, 17.814180374145508, 17.774085998535156]
All scores: [4843, 1330, 5181, 5066]
[18.671123504638672, 18.733461380004883, 21.217191696166992, 18.43285369873047, 18.157360076904297]
All scores: [4773, 1360, 5162, 5086]
0.17777970433235168 b
[19.434860229492188, 19.45426368713379, 19.439653396606445, 24.001453399658203, 19.34103775024414]
All scores: [4740, 1259, 5313, 5076]
[17.00127410888672, 16.695026397705078, 16.7772159576416, 20.850341796875, 16.521291732788086]
All scores: [4998, 1234, 5054, 5043]
[19.547956466674805, 23.427019119262695, 19.44707489013672, 19.62877655029297, 19.570863723754883]
All scores: [5020, 1230, 5067, 5100]
[18.51145362854004, 20.77528953552246, 18.500207901000977, 18.575395584106445, 18.550674438476562]
All scores: [4851, 1288, 5175, 5211]
[18.323379516601562, 21.22256088256836, 18.427871704101562, 18.431989669799805, 18.335718154907227]
All scores: [4726, 1309, 4920, 5011]
[20.272178649902344, 18.712167739868164, 18.848115921020508, 18.628215789794922, 18.609092712402344]
All scores: [4937, 1281, 5110, 5080]
[19.608842849731445, 19.310853958129883, 19.331247329711914, 23.845121383666992, 19.206188201904297]
All scores: [4919, 1283, 5080, 5225]
[21.60631561279297, 21.483015060424805, 25.1888484954834, 21.302335739135742, 21.261499404907227]
All scores: [5080, 1276, 5093, 5197]
[20.441770553588867, 19.086179733276367, 19.12505531311035, 19.091209411621094, 19.032438278198242]
All scores: [4719, 1414, 5148, 5184]
[20.171794891357422, 20.35542106628418, 23.06161117553711, 20.16664695739746, 20.081153869628906]
All scores: [4809, 1250, 5241, 5042]
0.6308693289756775 b
[19.514760971069336, 19.65049171447754, 22.995521545410156, 19.41891098022461, 19.501651763916016]
All scores: [4821, 1283, 5081, 5124]
[20.420490264892578, 23.06878089904785, 20.265520095825195, 20.79939842224121, 20.121822357177734]
All scores: [4867, 1311, 5184, 5210]
[20.322158813476562, 19.18064308166504, 19.063020706176758, 19.021137237548828, 19.015111923217773]
All scores: [4930, 1266, 5046, 5234]
[20.389230728149414, 20.475528717041016, 22.910444259643555, 20.52743911743164, 20.454708099365234]
All scores: [4802, 1264, 5062, 5127]
[18.94936752319336, 21.529544830322266, 18.96982765197754, 19.039514541625977, 19.096513748168945]
All scores: [4938, 1192, 5167, 5137]
[19.10747528076172, 19.049203872680664, 19.397117614746094, 22.6540584564209, 19.058677673339844]
All scores: [4821, 1276, 5025, 5048]
[17.665790557861328, 19.58165740966797, 17.539012908935547, 17.652667999267578, 17.33913230895996]
All scores: [4863, 1296, 5089, 4892]
[20.161651611328125, 18.663616180419922, 18.662612915039062, 18.725236892700195, 18.717390060424805]
All scores: [4567, 1300, 5018, 5360]
[25.91194725036621, 24.120403289794922, 24.171430587768555, 24.27013397216797, 24.176803588867188]
All scores: [4799, 1437, 5141, 5239]
[21.525470733642578, 21.745933532714844, 23.97042465209961, 21.88544273376465, 21.663368225097656]
All scores: [4791, 1293, 5050, 5101]
0.4666432738304138 b
[24.559602737426758, 27.68578338623047, 24.597501754760742, 24.318470001220703, 24.172338485717773]
All scores: [4911, 1190, 5082, 4993]
[20.98125648498535, 19.348459243774414, 19.21873664855957, 19.316251754760742, 19.5322208404541]
All scores: [4839, 1303, 5189, 5041]
[17.85542869567871, 20.157115936279297, 17.74311065673828, 17.56782341003418, 17.499202728271484]
All scores: [4828, 1353, 5005, 5149]
[23.50105094909668, 26.78826332092285, 23.177865982055664, 23.318492889404297, 23.337656021118164]
All scores: [4878, 1191, 5183, 5123]
[20.474266052246094, 23.057016372680664, 20.64112663269043, 20.353273391723633, 20.667497634887695]
All scores: [4842, 1167, 5133, 4969]
[25.37861442565918, 24.161970138549805, 24.420902252197266, 24.4232234954834, 24.38985824584961]
All scores: [4929, 1263, 5144, 5106]
[24.211851119995117, 22.959598541259766, 23.16441535949707, 23.072546005249023, 22.869304656982422]
All scores: [4819, 1258, 5107, 5056]
[31.052703857421875, 29.671022415161133, 29.579681396484375, 29.86643409729004, 29.69590950012207]
All scores: [4895, 1085, 5174, 5047]
[21.022655487060547, 20.691139221191406, 20.799999237060547, 23.170881271362305, 20.862966537475586]
All scores: [4941, 1235, 5103, 5155]
[18.27183723449707, 18.2766170501709, 20.244613647460938, 18.682376861572266, 18.375905990600586]
All scores: [4730, 1242, 5221, 5143]
0.9005622863769531 b
[19.396894454956055, 19.63744354248047, 21.268993377685547, 19.94241714477539, 19.788108825683594]
All scores: [4905, 1138, 5194, 5105]
[23.324983596801758, 19.729211807250977, 19.830364227294922, 19.641141891479492, 20.065143585205078]
All scores: [4875, 1204, 5059, 4997]
[26.5854549407959, 24.54507827758789, 24.606887817382812, 24.696796417236328, 24.678443908691406]
All scores: [4840, 1166, 5214, 5177]
[21.597293853759766, 21.76528549194336, 22.959300994873047, 21.79480743408203, 21.98297882080078]
All scores: [4965, 1040, 4984, 5021]
[23.289396286010742, 23.645200729370117, 23.421829223632812, 27.726953506469727, 22.959598541259766]
All scores: [4957, 1087, 5060, 5098]
[20.361305236816406, 24.487119674682617, 20.308074951171875, 20.385345458984375, 20.405746459960938]
All scores: [4995, 1036, 5115, 5039]
[28.91598892211914, 29.176490783691406, 29.19939613342285, 34.66584014892578, 28.8291015625]
All scores: [4947, 1113, 5033, 5140]
[21.413429260253906, 21.18639373779297, 25.17901611328125, 21.4702091217041, 21.362577438354492]
All scores: [4826, 1179, 5118, 5065]
[25.903776168823242, 25.67974090576172, 25.593564987182617, 29.590923309326172, 25.577573776245117]
All scores: [5065, 1222, 5121, 5027]
[24.53742218017578, 24.38087272644043, 29.475566864013672, 24.74973487854004, 24.292892456054688]
All scores: [4927, 1100, 5102, 5090]
0.7921613454818726 b
[24.106828689575195, 20.323074340820312, 20.303531646728516, 19.987119674682617, 20.44512367248535]
All scores: [5030, 1157, 5114, 5044]
[28.85041046142578, 24.202186584472656, 24.535634994506836, 24.473745346069336, 24.692710876464844]
All scores: [4961, 1051, 5284, 5090]
[25.57118797302246, 25.525257110595703, 25.508638381958008, 29.359310150146484, 25.368072509765625]
All scores: [4943, 1095, 5140, 5060]
[30.308435440063477, 26.611553192138672, 27.0048828125, 26.77312660217285, 26.874540328979492]
All scores: [4916, 1120, 5242, 5174]
[25.324281692504883, 24.890392303466797, 29.024845123291016, 25.165281295776367, 24.996387481689453]
All scores: [4866, 1022, 5215, 5108]
[31.196184158325195, 31.368427276611328, 32.3460578918457, 31.210634231567383, 30.755882263183594]
All scores: [5016, 1145, 5240, 5120]
[24.23846435546875, 27.624969482421875, 24.54657554626465, 24.459318161010742, 23.512561798095703]
All scores: [4901, 1054, 5101, 4953]
[24.929977416992188, 24.66131019592285, 27.897972106933594, 24.729084014892578, 24.5573673248291]
All scores: [4851, 1061, 5261, 5188]
[27.499879837036133, 29.855722427368164, 30.54336929321289, 30.231338500976562, 30.345369338989258]
All scores: [4941, 1232, 5273, 5114]
[27.79483985900879, 27.779184341430664, 27.963884353637695, 31.822641372680664, 27.390098571777344]
All scores: [5027, 1112, 5041, 5178]
3.167170286178589 b
[25.734586715698242, 30.13016128540039, 25.37672996520996, 25.5523681640625, 25.540922164916992]
All scores: [4913, 1135, 5151, 5043]
[24.910531997680664, 21.671415328979492, 21.37493133544922, 21.536861419677734, 21.388296127319336]
All scores: [4993, 1041, 5230, 4972]
[25.2050838470459, 25.199237823486328, 25.271940231323242, 29.133771896362305, 25.209476470947266]
All scores: [4818, 1143, 5169, 5129]
[25.36114501953125, 25.773818969726562, 28.374040603637695, 25.994367599487305, 25.913354873657227]
All scores: [4824, 1045, 4830, 5200]
[31.781768798828125, 36.14790344238281, 36.0433349609375, 37.00361633300781, 36.234519958496094]
All scores: [4878, 1082, 4998, 5273]
[24.12666130065918, 24.557830810546875, 27.409034729003906, 24.242109298706055, 24.306922912597656]
All scores: [4990, 1100, 5051, 4990]
[29.758705139160156, 33.581729888916016, 29.885726928710938, 29.51224136352539, 29.721643447875977]
All scores: [4909, 1168, 5080, 5177]
[30.004310607910156, 30.269664764404297, 35.22821807861328, 30.541208267211914, 30.482194900512695]
All scores: [5030, 1226, 5217, 5180]
[31.11329460144043, 27.846622467041016, 28.27403450012207, 27.826663970947266, 27.7174072265625]
All scores: [4819, 1115, 4980, 5172]
[25.89687156677246, 25.639556884765625, 25.767658233642578, 26.983661651611328, 25.59764289855957]
All scores: [4943, 1000, 5151, 5153]
1.2399890422821045 b
[29.580890655517578, 29.53983497619629, 29.322956085205078, 36.17936706542969, 29.35967445373535]
All scores: [4960, 1052, 5269, 5009]
[27.361345291137695, 27.450904846191406, 29.600879669189453, 27.879554748535156, 27.142955780029297]
All scores: [4962, 1176, 5046, 5204]
[32.60381317138672, 32.45155715942383, 36.5203742980957, 32.327632904052734, 32.27362060546875]
All scores: [4897, 1124, 5029, 5229]
[29.473041534423828, 34.208465576171875, 34.49131774902344, 34.32594299316406, 34.08299255371094]
All scores: [4847, 1142, 5170, 5182]
[26.608558654785156, 26.70343589782715, 28.93598175048828, 26.489795684814453, 26.3398380279541]
All scores: [4966, 1148, 5098, 4994]
[28.63681983947754, 25.74241065979004, 25.38829803466797, 25.502294540405273, 25.7453670501709]
All scores: [4872, 1095, 5034, 5191]
[27.705825805664062, 29.52017593383789, 27.46076202392578, 27.350860595703125, 27.305511474609375]
All scores: [4956, 1063, 5016, 5143]
[29.00574493408203, 32.79615020751953, 28.623781204223633, 28.617237091064453, 28.840499877929688]
All scores: [4912, 1136, 5193, 5062]
[36.56452178955078, 33.96037292480469, 33.21898651123047, 33.38587951660156, 33.4403190612793]
All scores: [4823, 1201, 5099, 5100]
[25.295007705688477, 25.23128318786621, 25.8980712890625, 25.0661678314209, 25.19514274597168]
All scores: [4991, 1099, 5121, 5157]
0.2952244281768799 b
[31.092344284057617, 36.49748611450195, 30.869632720947266, 30.607019424438477, 30.788497924804688]
All scores: [5080, 1082, 5094, 5024]
[29.44899559020996, 29.61470603942871, 32.1016731262207, 29.156034469604492, 29.3187313079834]
All scores: [4849, 1073, 5002, 5164]
[32.246212005615234, 32.15032196044922, 32.11759567260742, 31.970788955688477, 31.725248336791992]
All scores: [4959, 1170, 5199, 5167]
[24.249818801879883, 24.293556213378906, 24.09889030456543, 27.86457061767578, 24.304859161376953]
All scores: [4788, 1078, 5149, 5110]
[29.427059173583984, 33.549076080322266, 28.903165817260742, 29.554866790771484, 29.55564308166504]
All scores: [4836, 1100, 5020, 4993]
[37.09730529785156, 32.67245864868164, 36.91724395751953, 36.4357795715332, 36.69602966308594]
All scores: [4923, 1118, 5092, 5130]
[26.14529037475586, 25.804702758789062, 28.019535064697266, 26.14425277709961, 26.431854248046875]
All scores: [4786, 1043, 5138, 5167]
[29.567501068115234, 29.80637550354004, 29.547773361206055, 30.16014289855957, 29.937044143676758]
All scores: [5030, 1035, 5187, 5103]
[28.676816940307617, 31.601118087768555, 29.145856857299805, 29.475982666015625, 28.816539764404297]
All scores: [4814, 1086, 5133, 5070]
[32.16761779785156, 32.56074142456055, 34.9210090637207, 32.29766082763672, 32.05445098876953]
All scores: [4927, 1201, 5055, 5187]
0.5941411852836609 b
[22.773448944091797, 23.312599182128906, 22.853042602539062, 26.275806427001953, 23.353322982788086]
All scores: [4930, 1113, 5149, 5145]
[28.84537124633789, 29.006301879882812, 35.4235725402832, 29.37030029296875, 29.187915802001953]
All scores: [4854, 1154, 4877, 5168]
[22.6107234954834, 26.013769149780273, 22.630582809448242, 22.337263107299805, 22.524988174438477]
All scores: [4913, 1157, 4884, 5286]
[30.170764923095703, 31.22174072265625, 30.63245391845703, 30.623807907104492, 30.21921157836914]
All scores: [4924, 1110, 5076, 5193]
[34.53901672363281, 34.099693298339844, 33.43744659423828, 34.273643493652344, 34.03007125854492]
All scores: [5137, 1102, 5022, 5083]
[24.7218074798584, 25.161907196044922, 25.801424026489258, 24.915876388549805, 24.826448440551758]
All scores: [4858, 1129, 5252, 5017]
[31.954959869384766, 38.36547088623047, 31.789644241333008, 31.441612243652344, 31.65840721130371]
All scores: [4866, 1096, 4964, 5110]
[31.19219207763672, 26.430984497070312, 27.292953491210938, 27.42511749267578, 27.019588470458984]
All scores: [5034, 1093, 5102, 5147]
[28.65378761291504, 31.341115951538086, 28.866622924804688, 28.248178482055664, 28.987655639648438]
All scores: [4900, 1092, 5081, 5016]
[24.913728713989258, 28.74989891052246, 24.768604278564453, 25.486225128173828, 25.48643684387207]
All scores: [4857, 1028, 5037, 5353]
0.6844146847724915 b
[28.936233520507812, 25.97940444946289, 25.792984008789062, 25.952449798583984, 25.9495792388916]
All scores: [4998, 1043, 5146, 5170]
[26.97045135498047, 32.32987594604492, 28.480918884277344, 27.73261070251465, 27.2935791015625]
All scores: [4940, 1136, 5140, 5033]
[28.323646545410156, 33.604881286621094, 28.978578567504883, 28.563125610351562, 28.62726402282715]
All scores: [5041, 1042, 4970, 5115]
[23.689502716064453, 29.693553924560547, 23.623865127563477, 23.335132598876953, 23.86330795288086]
All scores: [5165, 948, 5138, 5019]
[27.180543899536133, 25.165420532226562, 25.21575355529785, 25.6832332611084, 25.068782806396484]
All scores: [4879, 1057, 5021, 5117]
[27.423553466796875, 27.469093322753906, 33.89283752441406, 27.301528930664062, 27.266395568847656]
All scores: [4958, 947, 4972, 5123]
[28.092180252075195, 27.95439338684082, 27.890024185180664, 35.082008361816406, 27.871671676635742]
All scores: [4918, 1076, 5081, 5022]
[29.80234146118164, 29.528444290161133, 27.887847900390625, 29.598247528076172, 29.755041122436523]
All scores: [4993, 1100, 5127, 5195]
[26.581195831298828, 26.57638168334961, 33.69785690307617, 26.46660614013672, 26.305156707763672]
All scores: [5002, 1043, 5141, 5169]
[33.90487289428711, 31.742143630981445, 31.734264373779297, 31.852941513061523, 31.65892219543457]
All scores: [4971, 1032, 5064, 4958]
0.2623797059059143 b
[31.156295776367188, 31.072751998901367, 31.623626708984375, 37.823177337646484, 30.53708267211914]
All scores: [4993, 1095, 5084, 5209]
[27.476314544677734, 27.59343910217285, 31.656423568725586, 27.783939361572266, 27.627704620361328]
All scores: [4862, 1130, 4959, 5061]
[29.989151000976562, 30.02692222595215, 37.25667953491211, 30.33841896057129, 29.17262840270996]
All scores: [5035, 984, 5214, 5204]
[26.09126091003418, 26.436992645263672, 33.52777862548828, 25.897951126098633, 26.010677337646484]
All scores: [4849, 1097, 5075, 5072]
[26.602235794067383, 26.220705032348633, 26.922489166259766, 31.805805206298828, 26.498287200927734]
All scores: [4961, 1126, 5114, 5139]
[30.525209426879883, 30.802288055419922, 29.995458602905273, 39.17768096923828, 30.097328186035156]
All scores: [4980, 1015, 5204, 5199]
[26.377378463745117, 27.13190460205078, 27.197654724121094, 26.3682861328125, 26.8929500579834]
All scores: [4920, 1014, 5106, 5160]
[28.863739013671875, 31.249805450439453, 28.193811416625977, 28.88372802734375, 29.14396095275879]
All scores: [5008, 1062, 5291, 5118]
[24.362075805664062, 24.420440673828125, 24.562511444091797, 27.62152862548828, 24.59128761291504]
All scores: [4961, 1059, 5192, 5099]
[30.179840087890625, 29.907642364501953, 29.979433059692383, 30.524412155151367, 29.60086441040039]
All scores: [5092, 1021, 4962, 5120]
0.5722528696060181 b
[32.06657409667969, 34.61328887939453, 32.59825897216797, 32.39542007446289, 32.45100021362305]
All scores: [4791, 995, 5121, 5197]
[26.69365882873535, 26.24329376220703, 34.50538635253906, 27.365909576416016, 26.460418701171875]
All scores: [4877, 1077, 5099, 5101]
[34.79470443725586, 35.09274673461914, 30.593517303466797, 35.23512649536133, 34.705467224121094]
All scores: [4841, 1063, 5164, 5165]
[26.95545768737793, 26.960302352905273, 28.739030838012695, 26.982952117919922, 26.977306365966797]
All scores: [4961, 1046, 5209, 5021]
[29.0489444732666, 29.446622848510742, 29.050073623657227, 29.18215560913086, 28.495954513549805]
All scores: [4936, 1121, 5010, 5168]
[28.589323043823242, 30.558744430541992, 26.227882385253906, 26.750600814819336, 27.080446243286133]
All scores: [4841, 1010, 5000, 5190]
[25.80954933166504, 25.699094772338867, 25.690933227539062, 35.89398193359375, 26.13779067993164]
All scores: [4996, 987, 5100, 5104]
[29.800168991088867, 37.56731033325195, 28.98278045654297, 30.20598602294922, 29.802654266357422]
All scores: [4841, 1066, 5011, 5224]
[27.507658004760742, 27.186033248901367, 27.757041931152344, 27.265655517578125, 27.20970916748047]
All scores: [5057, 1127, 5429, 4983]
[27.816633224487305, 27.966405868530273, 28.369203567504883, 35.076934814453125, 28.072736740112305]
All scores: [5102, 989, 5113, 5186]
0.369329035282135 b
[33.955318450927734, 33.584224700927734, 36.62897872924805, 32.932186126708984, 33.38389205932617]
All scores: [4988, 992, 5019, 5060]
[30.150287628173828, 28.994421005249023, 28.559940338134766, 29.049232482910156, 28.864885330200195]
All scores: [5037, 1016, 5227, 4969]
[30.690547943115234, 29.328384399414062, 30.73323631286621, 30.312721252441406, 30.653270721435547]
All scores: [5050, 1071, 5091, 5193]
[32.48503112792969, 27.990680694580078, 28.073591232299805, 28.080608367919922, 28.142662048339844]
All scores: [4913, 953, 5177, 5354]
[26.933866500854492, 34.75403594970703, 27.29125213623047, 26.278018951416016, 26.742992401123047]
All scores: [4922, 980, 5360, 5052]
[28.889799118041992, 29.745187759399414, 29.12354850769043, 32.9142951965332, 29.16011619567871]
All scores: [4877, 982, 5042, 5050]
[35.614200592041016, 31.783571243286133, 31.743391036987305, 32.55099868774414, 31.248672485351562]
All scores: [5153, 1032, 5155, 5215]
[27.80516242980957, 36.552520751953125, 27.37779426574707, 27.46942710876465, 27.649585723876953]
All scores: [4927, 1041, 5142, 5048]
[26.384517669677734, 26.413389205932617, 29.83895492553711, 25.921228408813477, 26.099815368652344]
All scores: [5037, 1014, 5126, 4999]
[32.7410888671875, 32.34342956542969, 32.225830078125, 39.81671142578125, 31.918285369873047]
All scores: [5170, 978, 5276, 5273]
0.2859859764575958 b
[23.644710540771484, 23.51622200012207, 23.795129776000977, 25.268735885620117, 23.911636352539062]
All scores: [5096, 977, 5075, 5140]
[31.467124938964844, 31.44101333618164, 31.44605827331543, 37.200531005859375, 30.806875228881836]
All scores: [5010, 958, 5143, 5129]
[27.739356994628906, 27.525634765625, 33.5983772277832, 28.694683074951172, 27.91740608215332]
All scores: [5066, 964, 5045, 5074]
[26.97414779663086, 27.09497833251953, 25.98221206665039, 31.157682418823242, 26.516664505004883]
All scores: [5029, 979, 5182, 5210]
[33.730567932128906, 33.588748931884766, 33.96796417236328, 32.072120666503906, 33.56556701660156]
All scores: [4885, 953, 5076, 5225]
[29.176292419433594, 29.30609130859375, 31.660335540771484, 28.903583526611328, 28.629961013793945]
All scores: [5067, 996, 5210, 5109]
[24.962461471557617, 24.57052230834961, 30.932937622070312, 24.752914428710938, 24.379257202148438]
All scores: [4984, 1061, 5203, 5223]
[25.222206115722656, 24.56600570678711, 27.569311141967773, 25.298377990722656, 24.85116195678711]
All scores: [5032, 1078, 5059, 5150]
[30.388744354248047, 30.441898345947266, 30.44425392150879, 29.74207878112793, 30.688030242919922]
All scores: [4985, 966, 5044, 5103]
[29.108121871948242, 29.307361602783203, 29.966562271118164, 29.416603088378906, 28.667633056640625]
All scores: [4914, 959, 5346, 5156]
0.5191107392311096 b
[31.271020889282227, 35.6416015625, 37.19257736206055, 36.86307907104492, 36.58216094970703]
All scores: [4844, 984, 5157, 5188]
[27.972923278808594, 25.274044036865234, 25.208606719970703, 25.296140670776367, 25.061643600463867]
All scores: [5138, 944, 5143, 4992]
[26.353816986083984, 29.437002182006836, 26.34373664855957, 26.58746337890625, 26.23411750793457]
All scores: [5082, 1015, 4986, 5002]
[28.39560317993164, 26.37346649169922, 27.015148162841797, 26.235795974731445, 26.74869728088379]
All scores: [5007, 982, 5059, 5143]
[29.15052032470703, 26.07180404663086, 26.500450134277344, 25.889448165893555, 26.31270980834961]
All scores: [4930, 1031, 5184, 5208]
[29.62459373474121, 39.728538513183594, 29.294706344604492, 28.29654312133789, 29.345138549804688]
All scores: [5045, 968, 5050, 5073]
[27.040267944335938, 26.782001495361328, 27.02481460571289, 28.184043884277344, 26.82048797607422]
All scores: [4905, 995, 5046, 4979]
[22.90752410888672, 26.223413467407227, 23.114736557006836, 23.64447784423828, 23.571060180664062]
All scores: [4890, 1033, 5091, 5200]
[30.485849380493164, 35.90180587768555, 29.518827438354492, 30.216245651245117, 30.5897159576416]
All scores: [4882, 984, 5248, 5143]
[22.235889434814453, 21.561161041259766, 21.331480026245117, 26.50834846496582, 22.529382705688477]
All scores: [4773, 1051, 5168, 5223]
0.5717126727104187 b
[26.79754066467285, 35.958003997802734, 26.296920776367188, 25.434967041015625, 25.571495056152344]
All scores: [4985, 945, 4992, 4907]
[29.810962677001953, 37.676597595214844, 29.283464431762695, 30.37901496887207, 29.90180015563965]
All scores: [5037, 934, 5158, 5045]
[30.55450439453125, 29.94983673095703, 30.174962997436523, 29.61137580871582, 29.7988224029541]
All scores: [5064, 968, 5203, 5158]
[29.338289260864258, 29.258529663085938, 42.085418701171875, 29.817779541015625, 29.59101104736328]
All scores: [4977, 1035, 5073, 5113]
[34.12295913696289, 27.885753631591797, 33.973915100097656, 33.03221130371094, 33.64873504638672]
All scores: [5144, 975, 5004, 5108]
[30.55754852294922, 31.259214401245117, 29.66187858581543, 31.436779022216797, 31.007659912109375]
All scores: [4871, 982, 5175, 5100]
[25.553075790405273, 25.293317794799805, 25.35774803161621, 30.184371948242188, 25.71770477294922]
All scores: [4819, 999, 5096, 5167]
[32.634063720703125, 29.660070419311523, 30.378549575805664, 29.998628616333008, 28.678316116333008]
All scores: [4981, 955, 5235, 5086]
[28.635623931884766, 25.656145095825195, 24.888885498046875, 25.02425765991211, 25.240161895751953]
All scores: [5030, 935, 4966, 5111]
[30.222688674926758, 32.33147430419922, 32.285892486572266, 32.25364303588867, 31.688798904418945]
All scores: [5036, 992, 5233, 5101]
0.28959527611732483 b
[28.373733520507812, 28.237993240356445, 27.381298065185547, 31.590951919555664, 27.469627380371094]
All scores: [5080, 1012, 5103, 5255]
[25.980884552001953, 25.182039260864258, 25.37897300720215, 25.213518142700195, 25.221708297729492]
All scores: [5041, 908, 5348, 5130]
[28.938596725463867, 28.780080795288086, 31.871618270874023, 28.44335174560547, 28.594223022460938]
All scores: [5088, 1013, 5098, 5080]
[30.24086570739746, 38.02304458618164, 29.54405975341797, 29.785642623901367, 30.606327056884766]
All scores: [5206, 926, 4992, 5206]
[31.354774475097656, 30.64670181274414, 29.814464569091797, 30.383546829223633, 30.219839096069336]
All scores: [4922, 1061, 5053, 5090]
[26.9095401763916, 26.155656814575195, 30.19904136657715, 27.249542236328125, 27.43094825744629]
All scores: [4878, 954, 5124, 5096]
[27.036151885986328, 27.6220760345459, 35.712581634521484, 28.118675231933594, 27.033632278442383]
All scores: [5056, 939, 5175, 5139]
[23.233850479125977, 31.03986167907715, 24.71900749206543, 24.12160301208496, 23.460369110107422]
All scores: [5051, 920, 5139, 5247]
[28.46053695678711, 27.77390480041504, 28.975950241088867, 27.3689022064209, 27.238569259643555]
All scores: [5057, 1008, 5107, 5314]
[31.25031089782715, 32.531944274902344, 30.798765182495117, 31.949628829956055, 32.25900650024414]
All scores: [5002, 957, 5188, 5100]
0.6095346808433533 b
[28.446617126464844, 30.369049072265625, 28.178123474121094, 28.640193939208984, 28.76506233215332]
All scores: [5060, 948, 5247, 5120]
[34.119224548339844, 33.512577056884766, 32.69981384277344, 39.483821868896484, 32.86919403076172]
All scores: [5051, 958, 5054, 5117]
[24.42392921447754, 24.214431762695312, 24.81761932373047, 27.354602813720703, 23.913475036621094]
All scores: [5073, 889, 5099, 5282]
[26.623577117919922, 24.814620971679688, 24.09796905517578, 24.8724308013916, 23.968854904174805]
All scores: [5017, 946, 5124, 5117]
[26.62651824951172, 26.023609161376953, 27.60457420349121, 33.678184509277344, 27.365312576293945]
All scores: [5034, 959, 5276, 5155]
[29.09621238708496, 29.902088165283203, 31.538909912109375, 29.004716873168945, 29.13730239868164]
All scores: [4958, 868, 5101, 5240]
[24.899362564086914, 24.11959457397461, 28.53191566467285, 25.36105728149414, 24.575246810913086]
All scores: [5020, 1031, 5203, 5033]
[35.11389923095703, 35.46689987182617, 35.96549987792969, 42.84236526489258, 35.12813949584961]
All scores: [5033, 928, 4885, 5166]
[30.856231689453125, 32.852149963378906, 30.099842071533203, 30.804758071899414, 30.75995445251465]
All scores: [5057, 899, 5060, 5098]
[21.402925491333008, 21.4054012298584, 21.646724700927734, 25.040464401245117, 21.313823699951172]
All scores: [5181, 887, 5260, 5004]
0.3361833691596985 b
[24.459915161132812, 24.466012954711914, 25.133258819580078, 32.180137634277344, 25.090253829956055]
All scores: [4942, 984, 4919, 5158]
[31.28328514099121, 31.24803352355957, 31.20503044128418, 31.600173950195312, 31.44748306274414]
All scores: [4988, 931, 5075, 5264]
[33.13592529296875, 28.659162521362305, 27.657146453857422, 28.98578453063965, 28.460573196411133]
All scores: [4916, 854, 5186, 5055]
[24.575672149658203, 24.535898208618164, 24.07660675048828, 29.25525665283203, 24.554868698120117]
All scores: [5103, 1002, 5127, 5135]
[28.878875732421875, 32.20499801635742, 28.93880844116211, 27.710372924804688, 29.199060440063477]
All scores: [4868, 986, 5191, 5063]
[30.728235244750977, 31.34174346923828, 31.76633644104004, 31.50466537475586, 30.17535400390625]
All scores: [5198, 849, 5195, 5083]
[28.268207550048828, 24.12449836730957, 23.01102066040039, 23.96652603149414, 23.662668228149414]
All scores: [4891, 864, 5109, 5268]
[28.682594299316406, 24.936485290527344, 25.383134841918945, 25.573888778686523, 25.74833869934082]
All scores: [4955, 962, 5113, 5213]
[27.82320213317871, 38.85447692871094, 27.578359603881836, 27.937761306762695, 28.018308639526367]
All scores: [5016, 968, 5178, 5068]
[33.686588287353516, 33.533145904541016, 33.67665481567383, 35.322383880615234, 33.139320373535156]
All scores: [5002, 925, 5275, 5076]
0.6073422431945801 b
[25.675678253173828, 28.044878005981445, 26.783727645874023, 26.307926177978516, 27.08829116821289]
All scores: [4900, 962, 4950, 5109]
[28.531160354614258, 33.045989990234375, 32.56098556518555, 33.845726013183594, 33.14884948730469]
All scores: [5063, 976, 5126, 5106]
[29.708755493164062, 29.622583389282227, 28.661746978759766, 29.30511474609375, 29.484821319580078]
All scores: [4957, 929, 5040, 5087]
[26.588825225830078, 29.00110626220703, 26.785940170288086, 26.755769729614258, 26.532245635986328]
All scores: [5127, 899, 4939, 5073]
[25.450233459472656, 24.2573184967041, 24.150850296020508, 24.788211822509766, 24.07794761657715]
All scores: [5091, 944, 5035, 5078]
[26.97878646850586, 29.798288345336914, 27.070892333984375, 27.428831100463867, 27.363454818725586]
All scores: [5043, 861, 5165, 5046]
[25.792755126953125, 25.41083526611328, 28.111007690429688, 25.778135299682617, 25.938894271850586]
All scores: [4984, 938, 5259, 5105]
[29.915332794189453, 30.106609344482422, 29.62989044189453, 29.779544830322266, 29.911378860473633]
All scores: [4962, 966, 5189, 5253]
[26.372573852539062, 26.574655532836914, 25.645437240600586, 34.20685958862305, 26.515975952148438]
All scores: [5217, 915, 5220, 5161]
[27.01341438293457, 23.88173484802246, 24.294418334960938, 24.669897079467773, 23.48395538330078]
All scores: [5195, 927, 5026, 4970]
0.27869361639022827 b
[30.140819549560547, 29.867210388183594, 33.903236389160156, 29.90030288696289, 29.749420166015625]
All scores: [5083, 883, 5061, 5045]
[27.34731674194336, 37.127132415771484, 27.16478729248047, 27.041059494018555, 27.573877334594727]
All scores: [5117, 930, 5111, 5107]
[32.41728973388672, 32.436336517333984, 31.607685089111328, 31.99212646484375, 31.165735244750977]
All scores: [4956, 929, 5170, 5290]
[25.643648147583008, 26.161935806274414, 27.405729293823242, 25.75223159790039, 25.099271774291992]
All scores: [4905, 946, 5126, 5212]
[27.409526824951172, 29.41514778137207, 27.454755783081055, 27.180513381958008, 27.138500213623047]
All scores: [5134, 898, 5115, 5232]
[28.585121154785156, 28.5904483795166, 37.954200744628906, 28.458847045898438, 28.412723541259766]
All scores: [4953, 902, 5282, 5119]
[26.98890495300293, 31.624465942382812, 30.90144157409668, 31.89129638671875, 30.709362030029297]
All scores: [5102, 939, 5158, 5232]
[31.508403778076172, 25.447601318359375, 30.834293365478516, 30.59237289428711, 30.63335609436035]
All scores: [4892, 941, 5194, 5244]
[27.36164665222168, 27.52370834350586, 29.04554557800293, 27.12351417541504, 27.422170639038086]
All scores: [4891, 889, 5070, 5110]
[31.520259857177734, 32.21394729614258, 31.36290168762207, 31.92441177368164, 32.374183654785156]
All scores: [5097, 866, 5222, 5103]
0.41499829292297363 b
[25.00689697265625, 30.425100326538086, 24.37904930114746, 24.762027740478516, 24.055315017700195]
All scores: [5061, 909, 5043, 5172]
[31.983238220214844, 27.69605827331543, 27.70997428894043, 27.806476593017578, 27.044387817382812]
All scores: [5196, 931, 5200, 5202]
[24.516080856323242, 33.48064041137695, 25.473033905029297, 25.412158966064453, 24.255931854248047]
All scores: [4974, 873, 5206, 5101]
[24.728408813476562, 24.386981964111328, 24.59992790222168, 30.321369171142578, 23.848045349121094]
All scores: [5062, 942, 5172, 5067]
[28.220096588134766, 25.75601577758789, 25.368940353393555, 26.050228118896484, 25.007984161376953]
All scores: [5028, 940, 5007, 5085]
[27.034273147583008, 26.63351821899414, 26.49161720275879, 26.34450340270996, 26.771364212036133]
All scores: [5012, 984, 5071, 5047]
[24.553478240966797, 27.474180221557617, 24.370460510253906, 24.337888717651367, 23.896854400634766]
All scores: [5086, 897, 5005, 5149]
[31.958370208740234, 32.80794906616211, 32.283756256103516, 39.77472686767578, 31.46715545654297]
All scores: [5131, 936, 4930, 5263]
[31.856847763061523, 26.583541870117188, 27.64581871032715, 26.4572696685791, 27.546363830566406]
All scores: [5031, 874, 5202, 5059]
[24.603981018066406, 28.654354095458984, 24.872987747192383, 24.8709716796875, 25.037267684936523]
All scores: [4892, 947, 5068, 5157]
0.7746857404708862 b
[28.528234481811523, 23.95293617248535, 24.416240692138672, 23.974815368652344, 24.090816497802734]
All scores: [5061, 875, 5144, 5033]
[22.56846809387207, 22.973011016845703, 29.16852569580078, 23.584810256958008, 23.55988311767578]
All scores: [5017, 868, 5011, 5157]
[24.286359786987305, 25.04247283935547, 29.71368980407715, 24.87433433532715, 24.872901916503906]
All scores: [4956, 862, 5095, 5215]
[29.772958755493164, 30.137798309326172, 29.92021369934082, 35.955047607421875, 29.574918746948242]
All scores: [5090, 912, 5147, 5060]
[40.45392608642578, 30.76192855834961, 31.15422248840332, 31.33163833618164, 30.662057876586914]
All scores: [5120, 875, 5141, 5111]
[28.336030960083008, 23.99342155456543, 24.914363861083984, 24.094919204711914, 24.512554168701172]
All scores: [5064, 875, 5166, 5120]
[24.33312225341797, 25.427812576293945, 25.477386474609375, 24.91276741027832, 25.976377487182617]
All scores: [5099, 941, 5187, 5069]
[26.16231918334961, 24.61245346069336, 23.89906120300293, 24.793684005737305, 24.848548889160156]
All scores: [4974, 902, 5138, 5080]
[35.87715148925781, 27.761802673339844, 27.058361053466797, 27.645490646362305, 26.682226181030273]
All scores: [5000, 916, 5213, 5189]
[31.84998321533203, 25.175430297851562, 25.655654907226562, 25.891725540161133, 25.253170013427734]
All scores: [5085, 874, 5010, 5111]
0.15591922402381897 b
[28.847278594970703, 27.763294219970703, 28.55093765258789, 35.0487060546875, 28.059207916259766]
All scores: [5082, 891, 4977, 5042]
[27.34918785095215, 28.57978057861328, 27.744625091552734, 27.79697036743164, 27.93691635131836]
All scores: [5059, 966, 5185, 5049]
[22.64824867248535, 23.489028930664062, 23.385778427124023, 23.21516227722168, 23.86773109436035]
All scores: [5128, 964, 5129, 5033]
[21.054882049560547, 21.36557960510254, 24.076618194580078, 21.66156578063965, 21.037744522094727]
All scores: [5282, 833, 5295, 5174]
[25.249595642089844, 25.517547607421875, 25.252113342285156, 27.486501693725586, 25.271320343017578]
All scores: [5101, 852, 5131, 5011]
[24.250146865844727, 22.300003051757812, 21.71434211730957, 21.864765167236328, 21.897510528564453]
All scores: [4906, 940, 5117, 5140]
[23.848648071289062, 23.806856155395508, 27.525787353515625, 24.03868865966797, 23.88075828552246]
All scores: [5094, 943, 4995, 5151]
[29.45024299621582, 29.547998428344727, 34.922584533691406, 29.02667808532715, 29.989927291870117]
All scores: [5203, 915, 5033, 5028]
[25.94138526916504, 38.988922119140625, 25.38179588317871, 25.872480392456055, 25.166841506958008]
All scores: [5145, 866, 5169, 5213]
[26.341777801513672, 33.04243087768555, 26.250600814819336, 25.94717788696289, 25.90004539489746]
All scores: [4988, 985, 5226, 5165]
0.35566335916519165 b
[27.53053092956543, 28.955968856811523, 28.263431549072266, 24.749040603637695, 28.119050979614258]
All scores: [5000, 891, 5401, 4989]
[24.408206939697266, 26.145647048950195, 23.352563858032227, 23.785289764404297, 24.320384979248047]
All scores: [4987, 884, 4922, 5096]
[27.892946243286133, 27.797521591186523, 27.975053787231445, 28.198413848876953, 27.086402893066406]
All scores: [5190, 926, 4902, 5354]
[29.181406021118164, 26.314144134521484, 26.602188110351562, 27.13809585571289, 26.37551498413086]
All scores: [4862, 821, 5230, 5153]
[32.641048431396484, 31.002729415893555, 32.28266143798828, 32.57634735107422, 32.0085563659668]
All scores: [5031, 924, 5084, 5221]
[32.847476959228516, 32.81206512451172, 29.344236373901367, 33.076759338378906, 32.430171966552734]
All scores: [5065, 880, 5122, 5047]
[26.15056800842285, 35.288848876953125, 26.59190559387207, 26.12210464477539, 26.267274856567383]
All scores: [4998, 801, 4969, 5237]
[24.27483558654785, 24.744277954101562, 28.987600326538086, 24.959917068481445, 24.041362762451172]
All scores: [5173, 895, 5085, 5170]
[26.4456729888916, 26.85965347290039, 33.45114517211914, 26.860034942626953, 25.582021713256836]
All scores: [5076, 921, 5262, 5282]
[25.802892684936523, 25.73036766052246, 27.904165267944336, 25.4312744140625, 25.690303802490234]
All scores: [5039, 858, 5213, 5096]
0.8052075505256653 b
[36.38631820678711, 27.74202537536621, 27.960277557373047, 28.96816062927246, 28.058202743530273]
All scores: [1365583, 287589, 1407654, 1408722]
Team scores: [1653172, 2816376]
