2018-11-21 14:03:36.927041: I tensorflow/core/platform/cpu_feature_guard.cc:141] Your CPU supports instructions that this TensorFlow binary was not compiled to use: AVX2 FMA
Using TensorFlow backend.
/scratch/jl8429/coopai/agents8d.py:159: UserWarning: Update your `Model` call to the Keras 2 API: `Model(inputs=[<tf.Tenso..., outputs=Tensor("mu...)`
  model = Model(input=[frames_input, actions_input], output=filtered_output)
/scratch/jl8429/venv1/lib/python3.6/site-packages/keras/callbacks.py:122: UserWarning: Method on_batch_end() is slow compared to the batch update (0.161792). Check your callbacks.
  % delta_t_median)
8dqn
sgdn, 0.00001, 128k5, 128 hidden, batch 16, mem500k, gamma 0.8, reward10 self only
All scores: [5231, 506, 5017, 5256]
All scores: [5144, 483, 5096, 5210]
All scores: [5208, 550, 5136, 5142]
All scores: [5119, 540, 5141, 5194]
All scores: [5235, 517, 5082, 5075]
0.2535284161567688 b
[0.025285467505455017, 0.07463060319423676, 0.054145168513059616, -0.02888120338320732, -0.011751306243240833]
All scores: [5306, 562, 5329, 5118]
[-0.10677610337734222, -0.021455230191349983, -0.011327395215630531, -0.0868515819311142, 0.05664847791194916]
All scores: [5246, 572, 5068, 5084]
[0.02150542475283146, -0.012007561512291431, -0.02490762062370777, 0.02052937261760235, -0.15354444086551666]
All scores: [5185, 559, 5005, 5025]
[0.030044173821806908, 0.19092440605163574, -0.018907854333519936, 0.062078870832920074, 0.027322184294462204]
All scores: [5254, 568, 5133, 5166]
[-0.06953296810388565, -0.10885241627693176, -0.11424816399812698, -0.07254153490066528, 0.015437277033925056]
All scores: [5039, 532, 5243, 5280]
[0.11584878712892532, 0.022430136799812317, -0.10701582580804825, 0.12104903161525726, -0.05090557783842087]
All scores: [5327, 579, 5061, 5084]
[-0.10193637758493423, -0.12912480533123016, -0.037201862782239914, -0.09167034178972244, 0.09373874217271805]
All scores: [5258, 636, 5208, 5191]
[-0.029978137463331223, -0.03621072694659233, 0.08598123490810394, -0.08176475763320923, -0.07682090252637863]
All scores: [5116, 635, 5149, 5058]
[0.01628587394952774, 0.010297048836946487, -0.010746253654360771, 0.031885165721178055, 0.009558559395372868]
All scores: [5245, 627, 5002, 5257]
[-0.03881927952170372, -0.013930759392678738, -0.030684497207403183, -0.020716428756713867, -0.07838340848684311]
All scores: [5158, 594, 5171, 5241]
0.0007720946450717747 b
[0.008068883791565895, -0.021116366609930992, -0.05545476824045181, 0.13473540544509888, -0.022042617201805115]
All scores: [5235, 658, 5160, 5078]
[-0.057434242218732834, -0.0006052622338756919, -0.1058373749256134, -0.008941011503338814, 0.09130458533763885]
All scores: [5130, 656, 5128, 5124]
[-0.005614848341792822, -0.008293106220662594, 0.0014596923720091581, 0.07764284312725067, 0.01214268896728754]
All scores: [5090, 641, 5225, 5131]
[0.034399449825286865, -0.058183301240205765, -0.0022662263363599777, -0.09335458278656006, 0.03372347727417946]
All scores: [5075, 676, 5161, 5116]
[-0.03224831447005272, -0.05380508303642273, 0.080184206366539, -0.057441238313913345, 0.00120453629642725]
All scores: [5151, 639, 5354, 5255]
[0.027357224375009537, -0.09838179498910904, 0.031237201765179634, 0.06168700009584427, -0.01024637185037136]
All scores: [5176, 677, 5241, 5174]
[-0.00606875354424119, -0.03180846571922302, -0.016995789483189583, -0.0005559050478041172, -0.04175415635108948]
All scores: [5153, 659, 5092, 5119]
[-0.03485758602619171, 0.03631703183054924, 0.030932391062378883, -0.032706119120121, 0.022591443732380867]
All scores: [5079, 710, 5173, 5325]
[-0.04445401951670647, 0.029194341972470284, 0.020815368741750717, -0.04145639389753342, 0.04353981092572212]
All scores: [5116, 659, 5175, 5185]
[-0.07265399396419525, 0.047982484102249146, 0.025118350982666016, -0.04305941238999367, -0.005030269268900156]
All scores: [5090, 719, 5192, 5112]
0.256650447845459 b
[-0.05391139164566994, -0.06155340000987053, 0.12838776409626007, -0.07855384051799774, -0.0401499979197979]
All scores: [5100, 737, 5142, 5110]
[-0.04838940128684044, -0.07428056001663208, 0.118397556245327, -0.033367663621902466, 0.04152346029877663]
All scores: [5182, 724, 5203, 5113]
[0.03932034596800804, -0.006330674514174461, 0.004119252786040306, 0.10442540049552917, -0.0953865647315979]
All scores: [5067, 762, 5139, 5077]
[0.0767035260796547, 0.1632997691631317, -0.012795406393706799, -0.02465365268290043, -0.04496338590979576]
All scores: [5220, 748, 5229, 5074]
[-0.06988664716482162, 0.03581428900361061, 0.045308440923690796, -0.01753411814570427, 0.028146957978606224]
All scores: [5166, 735, 5172, 5283]
[0.10469380766153336, 0.21713927388191223, -0.031147614121437073, -0.009391997940838337, 0.017956038936972618]
All scores: [4930, 698, 5244, 5274]
[-0.09275718033313751, 0.002533781109377742, 0.060594722628593445, 0.23060786724090576, -0.10250300914049149]
All scores: [5117, 780, 5085, 5161]
[-0.04040297493338585, -0.04735086113214493, -0.022287312895059586, -0.054405976086854935, 0.04303928092122078]
All scores: [5040, 737, 5066, 5027]
[-0.012247726321220398, -0.08807136118412018, -0.0032971943728625774, -0.08514641225337982, 0.0020577670074999332]
All scores: [5250, 739, 5200, 5093]
[-0.030350113287568092, 0.08717406541109085, -0.04336242377758026, 0.10574619472026825, -0.06070129945874214]
All scores: [5102, 770, 5161, 5254]
0.0011563691077753901 b
[0.13765187561511993, 0.16608867049217224, -0.002178601687774062, -0.08568993955850601, 0.026838351041078568]
All scores: [5042, 787, 5164, 5167]
[0.023302637040615082, 0.005916456691920757, -0.014816269278526306, 0.07856464385986328, -0.05467816814780235]
All scores: [5152, 804, 5139, 5066]
[-0.0685160905122757, -0.11246849596500397, -0.008286451920866966, 0.01752520352602005, 0.029787659645080566]
All scores: [5129, 831, 4994, 5054]
[0.1036800742149353, 0.25068551301956177, -0.03885646536946297, -0.020912377163767815, 0.003074302803725004]
All scores: [5011, 746, 5182, 5051]
[0.07737202942371368, -0.07251602411270142, -0.07891988009214401, -0.03985358774662018, -0.017189353704452515]
All scores: [5021, 868, 5079, 5120]
[0.037814006209373474, -0.046917110681533813, 0.0056749796494841576, -0.0779622346162796, 0.010447544045746326]
All scores: [5132, 843, 5115, 5001]
[0.12781140208244324, 0.15102775394916534, -0.010406356304883957, -0.031023014336824417, 0.04028855264186859]
All scores: [5119, 876, 5002, 5114]
[0.0056283362209796906, -0.03263474255800247, -0.01814591884613037, 0.1860680878162384, -0.09262437373399734]
All scores: [5093, 869, 5247, 5001]
[0.10923025012016296, 0.2000533491373062, -0.01422525942325592, -0.04369616135954857, 0.003661912167444825]
All scores: [5225, 757, 5119, 5170]
[-0.14869727194309235, 0.038088567554950714, 0.071708083152771, -0.05015818774700165, -0.06264038383960724]
All scores: [5066, 900, 5081, 5222]
0.7489492297172546 b
[-0.06177175045013428, -0.010629083961248398, 0.1115776002407074, -0.07927100360393524, 0.09478963911533356]
All scores: [5093, 831, 4934, 5042]
[0.16465137898921967, -0.15313152968883514, 0.035536233335733414, -0.016628937795758247, 0.062355589121580124]
All scores: [5174, 844, 5100, 5036]
[0.0973060354590416, 0.21680644154548645, 0.03240666538476944, 0.027881773188710213, -0.05903741344809532]
All scores: [4945, 803, 5159, 5214]
[0.1972152143716812, 0.26833704113960266, -0.03920845687389374, 0.037717126309871674, 0.05289093777537346]
All scores: [5112, 891, 5063, 5172]
[0.04607483372092247, 0.050471045076847076, -0.0030695153400301933, 0.39666157960891724, -0.03079885244369507]
All scores: [5091, 847, 5134, 5211]
[-0.056513428688049316, -0.0024864524602890015, 0.24755533039569855, -0.03027697652578354, -0.00251070037484169]
All scores: [5053, 915, 5180, 5134]
[0.020462140440940857, 0.037683840841054916, -0.04671119898557663, -0.18773171305656433, 0.07846727967262268]
All scores: [4812, 872, 5132, 5133]
[0.10181446373462677, 0.33628329634666443, -0.004912151023745537, 0.02936403639614582, 0.045987386256456375]
All scores: [5188, 865, 5151, 5034]
[0.01589764654636383, -0.005955828819423914, -0.005642623640596867, -0.038557566702365875, 0.07182540744543076]
All scores: [5143, 824, 5109, 5029]
[-0.10344860702753067, -0.07394859194755554, 0.21087367832660675, -0.07032095640897751, 0.08725757896900177]
All scores: [5137, 929, 5200, 5039]
0.7424426078796387 b
[-0.00583318155258894, 0.38380125164985657, -0.04170752689242363, -0.07550987601280212, 0.011648602783679962]
All scores: [4786, 837, 5155, 5122]
[-0.0071911076083779335, 0.008394662290811539, 0.194786936044693, -0.02474147081375122, 0.052463598549366]
All scores: [4949, 889, 5074, 5170]
[0.06639634072780609, 0.01760832779109478, 0.17093417048454285, -0.0765167623758316, 0.04761292785406113]
All scores: [4916, 852, 5104, 5036]
[0.15207114815711975, -0.05908152833580971, -0.039996448904275894, 0.2337910234928131, 0.02000945247709751]
All scores: [4969, 868, 4981, 5127]
[0.24810199439525604, 0.41057348251342773, -0.020271487534046173, 0.09875738620758057, 0.04669205844402313]
All scores: [4998, 831, 5069, 5217]
[-0.10853002965450287, 0.08732326328754425, 0.19513997435569763, -0.018739325925707817, 0.10214561223983765]
All scores: [5001, 917, 5189, 5126]
[-0.08233386278152466, 0.07802208513021469, 0.1638181507587433, -0.1253519058227539, 0.0178473312407732]
All scores: [5074, 868, 5239, 5163]
[0.10225985199213028, 0.14410418272018433, 0.2269420623779297, -0.10179466754198074, -0.06280677020549774]
All scores: [4841, 873, 5094, 5153]
[0.1353369653224945, 0.3630073666572571, -0.07767894119024277, -0.09496207535266876, 0.0010425900109112263]
All scores: [5077, 837, 5205, 5233]
[0.0025085322558879852, -0.08046840131282806, -0.09185545146465302, 0.011943037621676922, 0.0006052032113075256]
All scores: [5037, 844, 5053, 5073]
0.4958277642726898 b
[0.12897470593452454, 0.39851778745651245, -0.042486876249313354, 0.01016189344227314, -0.020303672179579735]
All scores: [5104, 857, 5149, 5162]
[0.11079271137714386, -0.07102217525243759, 0.04241913929581642, -0.04802604019641876, 0.1299649178981781]
All scores: [5045, 845, 5120, 5258]
[0.13512422144412994, 0.43470871448516846, -0.005164566449820995, -0.029352659359574318, -0.052929431200027466]
All scores: [5004, 866, 5103, 5054]
[0.17154914140701294, 0.4104510545730591, 0.0493849441409111, -0.0336020290851593, 0.05176860839128494]
All scores: [5221, 916, 5060, 5049]
[0.11049075424671173, 0.013242790475487709, -0.10916611552238464, 0.4924727976322174, -0.1268446296453476]
All scores: [5088, 897, 5156, 5065]
[0.011996602639555931, 0.10782195627689362, 0.16250020265579224, -0.10511301457881927, 0.04200772941112518]
All scores: [5093, 860, 5379, 5124]
[0.2357075810432434, 0.10499873757362366, -0.023202840238809586, 0.5627240538597107, 0.006441841367632151]
All scores: [5009, 858, 5141, 5162]
[0.15318244695663452, 0.05484234169125557, -0.09294978529214859, 0.583226203918457, -0.0714683085680008]
All scores: [5066, 885, 5147, 5007]
[0.06651721894741058, 0.10839974880218506, 0.449629008769989, -0.0747058093547821, 0.04522678628563881]
All scores: [5144, 865, 5021, 5179]
[0.11305966228246689, -0.012340854853391647, -0.03246141970157623, 0.558326005935669, -0.09503648430109024]
All scores: [4925, 1030, 5142, 5154]
0.24900594353675842 b
[0.07047289609909058, -0.029417160898447037, -0.024724144488573074, 0.5847868323326111, -0.09913001209497452]
All scores: [5063, 915, 5109, 5091]
[0.12184664607048035, 0.14807061851024628, 0.3823288679122925, -0.09063833206892014, 0.01572265475988388]
All scores: [4876, 1011, 5128, 5098]
[0.08595645427703857, -0.051563069224357605, -0.03323797136545181, 0.6633555293083191, -0.08400040864944458]
All scores: [5076, 832, 5095, 5026]
[0.16179749369621277, -0.19955359399318695, 0.00451792124658823, 0.029282061383128166, 0.07163060456514359]
All scores: [5093, 930, 5275, 5192]
[0.2034381926059723, -0.029956789687275887, -0.2155773788690567, 0.7696104049682617, -0.061025217175483704]
All scores: [5060, 822, 5161, 5072]
[-0.10291268676519394, 0.1069212257862091, 0.48963677883148193, -0.013881979510188103, 0.053260818123817444]
All scores: [5078, 944, 5043, 5139]
[0.1382250189781189, -0.09768781810998917, 0.010968186892569065, -0.0007404787465929985, 0.14568382501602173]
All scores: [5158, 957, 5209, 5157]
[0.13650476932525635, -0.014169526286423206, -0.16438235342502594, 0.9480348825454712, -0.11275630444288254]
All scores: [5028, 967, 5105, 5186]
[0.22249379754066467, -0.0020767301321029663, -0.024305276572704315, 0.9613087773323059, -0.02604839950799942]
All scores: [5144, 939, 5136, 5069]
[0.15804685652256012, -0.07933743298053741, 0.03548380732536316, 0.9416795372962952, -0.05108141899108887]
All scores: [5004, 945, 5195, 5059]
0.01731916517019272 b
[0.11648095399141312, 0.05687641352415085, 0.6815962195396423, -0.11683175712823868, 0.04541892185807228]
All scores: [4938, 974, 4949, 5130]
[0.06636389344930649, 0.13647343218326569, 0.8685935139656067, -0.06418050080537796, 0.08346201479434967]
All scores: [5133, 940, 5166, 5119]
[0.374764621257782, 1.190576434135437, -0.07858403772115707, -0.09273729473352432, 0.03349195048213005]
All scores: [4924, 949, 5094, 5192]
[0.031005747616291046, 0.13451389968395233, 0.9770147204399109, -0.0237597543746233, 0.06230637803673744]
All scores: [4902, 1004, 5114, 5179]
[0.3314787447452545, -0.06738349050283432, 0.03843865171074867, 1.2732081413269043, -0.010853025130927563]
All scores: [5053, 1008, 5113, 5133]
[0.4593793451786041, 1.1986289024353027, -0.1123083084821701, -0.0200631283223629, 0.024774473160505295]
All scores: [4976, 1113, 5043, 5257]
[0.40640443563461304, -0.15742343664169312, -0.1482967734336853, -0.1036580502986908, 0.3435756266117096]
All scores: [4902, 1066, 5023, 5217]
[0.5674061179161072, 1.566147804260254, -0.14980176091194153, -0.1999562680721283, 0.10010547935962677]
All scores: [5158, 1095, 5084, 5036]
[0.38422858715057373, -0.20200443267822266, -0.07013558596372604, 0.004276175983250141, 0.2081993818283081]
All scores: [5033, 1163, 5228, 5118]
[0.44869542121887207, 1.6863378286361694, -0.022385358810424805, -0.1800733357667923, 0.01680644229054451]
All scores: [4730, 1155, 5093, 5138]
0.2715573012828827 b
[0.5743728280067444, 1.7708569765090942, -0.06335730850696564, -0.21466127038002014, -0.03916207328438759]
All scores: [4799, 1211, 4945, 5109]
[-0.049892425537109375, 0.14376026391983032, 1.807110071182251, -0.001597052440047264, 0.10398614406585693]
All scores: [4821, 1217, 5163, 5156]
[0.5977863073348999, -0.33034127950668335, -0.059870652854442596, -0.09887637197971344, 0.35462814569473267]
All scores: [4905, 1267, 5124, 5145]
[0.5678393244743347, 0.04221535846590996, -0.14241448044776917, 2.4551548957824707, -0.10113490372896194]
All scores: [4706, 1381, 5189, 4987]
[0.8869035243988037, 2.468719244003296, -0.0638345405459404, -0.3207065463066101, -0.055120840668678284]
All scores: [4792, 1408, 5264, 5022]
[0.6165375709533691, 0.0767723023891449, -0.12830489873886108, 3.1270859241485596, 0.0431022122502327]
All scores: [4751, 1319, 5067, 5119]
[0.8323858380317688, -0.32990697026252747, -0.11274410039186478, -0.018195975571870804, 0.5420793890953064]
All scores: [4732, 1362, 5185, 5056]
[0.7221559882164001, 0.08434878289699554, -0.2108202576637268, 3.706078052520752, -0.1111869215965271]
All scores: [4830, 1242, 4952, 5175]
[1.3577864170074463, -0.4564152956008911, -0.03178345412015915, 0.013061539269983768, 0.8180542588233948]
All scores: [4912, 1333, 5184, 4999]
[1.1398752927780151, 4.143415927886963, -0.08821246027946472, -0.24393831193447113, -0.025546647608280182]
All scores: [4808, 1420, 5094, 5098]
0.8682273030281067 b
[0.059874266386032104, 0.4198918044567108, 4.628514289855957, -0.1752428114414215, 0.5799000859260559]
All scores: [4860, 1237, 5071, 4999]
[1.2614140510559082, 0.19465893507003784, -0.24839018285274506, 5.839932918548584, -0.060737401247024536]
All scores: [4737, 1251, 5189, 5216]
[0.18919464945793152, 0.6302163600921631, 5.282181739807129, -0.2764189839363098, 0.6502958536148071]
All scores: [4838, 1303, 5141, 5321]
[1.5363757610321045, 0.18224599957466125, -0.23401661217212677, 7.304776191711426, 0.019072312861680984]
All scores: [4727, 1205, 5160, 5044]
[0.15561433136463165, 0.7576932311058044, 7.365532398223877, -0.20447704195976257, 0.9362865090370178]
All scores: [4794, 1269, 5176, 5131]
[5.043288230895996, -0.5902579426765442, 0.3397800326347351, 0.17405584454536438, 2.7843496799468994]
All scores: [4922, 1357, 5282, 5168]
[2.809537887573242, 10.06224250793457, 0.19751089811325073, -0.46443527936935425, 0.21115675568580627]
All scores: [4790, 1343, 4979, 5104]
[2.9715969562530518, 10.710315704345703, 0.2849772274494171, -0.3580031991004944, 0.28695932030677795]
All scores: [4736, 1334, 5070, 5112]
[0.7787325382232666, 1.6854721307754517, 12.431718826293945, 0.21083585917949677, 1.472418189048767]
All scores: [4928, 1228, 5191, 5014]
[3.324467182159424, 1.248623251914978, 0.1139543280005455, 15.438268661499023, 0.5587607026100159]
All scores: [4834, 1282, 5089, 5088]
1.933983564376831 b
[3.8075454235076904, 1.6316728591918945, 0.1899639517068863, 16.710554122924805, 0.6703742146492004]
All scores: [4875, 1223, 5008, 4988]
[4.891234397888184, 16.608739852905273, 0.9753286838531494, -0.047914519906044006, 1.075860857963562]
All scores: [4679, 1533, 5022, 5257]
[15.509428977966309, 0.3673011362552643, 2.0402512550354004, 1.8143060207366943, 10.392769813537598]
All scores: [4837, 1297, 5121, 5196]
[5.964498043060303, 18.53896141052246, 1.7146897315979004, 0.7716909646987915, 1.717423439025879]
All scores: [4945, 1386, 5178, 5182]
[17.385860443115234, 1.108829379081726, 2.833425521850586, 2.6303915977478027, 12.753426551818848]
All scores: [4761, 1443, 5207, 5136]
[6.55239725112915, 19.23151206970215, 2.3364224433898926, 1.4390136003494263, 2.3178398609161377]
All scores: [4638, 1328, 5099, 5123]
[6.979958534240723, 19.50267219543457, 2.7823755741119385, 1.8059372901916504, 2.8096084594726562]
All scores: [4792, 1244, 5178, 5077]
[7.316380500793457, 19.854312896728516, 3.16536021232605, 2.2000646591186523, 3.1017563343048096]
All scores: [4796, 1261, 5139, 4916]
[4.444201469421387, 5.5518388748168945, 19.666959762573242, 3.727346897125244, 5.322129726409912]
All scores: [4881, 1355, 4966, 5064]
[18.10956382751465, 2.905377149581909, 4.642722129821777, 4.632181167602539, 15.460208892822266]
All scores: [4807, 1304, 5118, 5000]
1.489971399307251 b
[18.80345916748047, 3.336979389190674, 5.204203128814697, 5.305434703826904, 16.40792465209961]
All scores: [4956, 1198, 5084, 5077]
[8.279805183410645, 20.12032699584961, 4.437768459320068, 3.541330337524414, 4.351122856140137]
All scores: [4704, 1343, 5013, 5053]
[5.774213790893555, 6.78236722946167, 19.672203063964844, 5.173266410827637, 6.490606307983398]
All scores: [4858, 1356, 5004, 5085]
[6.333828449249268, 7.403432846069336, 20.34687042236328, 5.786118030548096, 7.128375053405762]
All scores: [4808, 1345, 5227, 5034]
[18.2578125, 4.495513439178467, 6.45966911315918, 6.47369384765625, 16.888275146484375]
All scores: [5007, 1363, 4985, 4833]
[19.900508880615234, 5.391045093536377, 7.462127685546875, 7.429649829864502, 18.524547576904297]
All scores: [4887, 1185, 5165, 5178]
[18.95513153076172, 5.542675018310547, 7.363958358764648, 7.429758548736572, 17.808706283569336]
All scores: [4747, 1225, 5011, 5032]
[7.722447872161865, 8.775758743286133, 20.60866355895996, 7.15142822265625, 8.55457878112793]
All scores: [4847, 1454, 4961, 5020]
[10.337564468383789, 20.82040786743164, 6.694034099578857, 5.7449259757995605, 6.603880405426025]
All scores: [4761, 1252, 5336, 5117]
[10.941902160644531, 21.401758193969727, 7.151302337646484, 6.075746059417725, 7.034374713897705]
All scores: [4767, 1276, 5064, 5169]
1.0720237493515015 b
[19.05936622619629, 6.7750444412231445, 8.622593879699707, 8.58214282989502, 18.328954696655273]
All scores: [4830, 1304, 5028, 5148]
[9.922597885131836, 8.027048110961914, 6.465167045593262, 20.819900512695312, 6.277045726776123]
All scores: [4947, 1360, 5142, 5071]
[18.232900619506836, 6.940351963043213, 8.78046989440918, 8.96882152557373, 17.59406089782715]
All scores: [4878, 1238, 5041, 5145]
[9.10053539276123, 9.883980751037598, 19.83958625793457, 8.662290573120117, 9.737735748291016]
All scores: [4865, 1271, 5021, 5084]
[9.660489082336426, 10.369436264038086, 20.05093002319336, 9.200078964233398, 10.089398384094238]
All scores: [4785, 1353, 5083, 5009]
[11.341456413269043, 9.365894317626953, 7.729770660400391, 21.492353439331055, 7.691488265991211]
All scores: [4850, 1315, 5208, 5026]
[11.6655912399292, 19.917566299438477, 8.61719036102295, 7.518791675567627, 8.371932983398438]
All scores: [4866, 1163, 5209, 5051]
[11.426454544067383, 19.25160789489746, 8.412250518798828, 7.573362827301025, 8.377729415893555]
All scores: [4846, 1079, 5012, 5185]
[10.551263809204102, 11.11947250366211, 19.724227905273438, 9.985416412353516, 10.873098373413086]
All scores: [4973, 934, 5079, 5124]
[11.707626342773438, 10.030436515808105, 8.489089965820312, 20.935489654541016, 8.337737083435059]
All scores: [4940, 704, 5054, 5155]
0.9721578359603882 b
[18.80644416809082, 9.594293594360352, 11.277371406555176, 11.341511726379395, 19.14035415649414]
All scores: [5109, 641, 5124, 5166]
[18.965139389038086, 9.863973617553711, 11.50549030303955, 11.676543235778809, 18.867713928222656]
All scores: [5003, 700, 5178, 5219]
[12.471015930175781, 10.73477554321289, 9.246795654296875, 21.005395889282227, 9.007306098937988]
All scores: [5102, 804, 5235, 5136]
[13.359549522399902, 20.248476028442383, 10.516286849975586, 9.34749698638916, 10.275176048278809]
All scores: [5056, 933, 5115, 4974]
[17.721681594848633, 9.857090950012207, 11.537235260009766, 11.598374366760254, 17.66754150390625]
All scores: [4884, 1118, 5137, 5042]
[12.838415145874023, 13.328271865844727, 20.608978271484375, 12.398648262023926, 13.508421897888184]
All scores: [5070, 1093, 5143, 5097]
[17.911270141601562, 10.42234992980957, 12.051517486572266, 12.191560745239258, 17.60590934753418]
All scores: [4981, 1242, 5054, 5152]
[14.459685325622559, 20.96930503845215, 11.706372261047363, 10.734930038452148, 11.542686462402344]
All scores: [5071, 1290, 5110, 5061]
[13.011575698852539, 13.553686141967773, 19.93132781982422, 12.650564193725586, 13.346161842346191]
All scores: [4796, 1349, 5057, 5082]
[17.84783172607422, 11.039108276367188, 12.678037643432617, 12.752467155456543, 17.343063354492188]
All scores: [4984, 1224, 5124, 5125]
0.845840334892273 b
[18.973051071166992, 11.890571594238281, 13.489113807678223, 13.784844398498535, 18.48518943786621]
All scores: [4894, 1217, 5334, 5214]
[18.17066192626953, 11.796937942504883, 13.318501472473145, 13.542698860168457, 17.781978607177734]
All scores: [4811, 1273, 5086, 5089]
[18.04237937927246, 11.828248977661133, 13.424178123474121, 13.47857666015625, 17.539459228515625]
All scores: [5005, 1339, 5172, 5254]
[18.750131607055664, 12.479100227355957, 13.946524620056152, 14.057060241699219, 18.177352905273438]
All scores: [4801, 1377, 5037, 5054]
[14.419827461242676, 14.678966522216797, 20.137727737426758, 14.028457641601562, 14.530454635620117]
All scores: [5029, 1250, 5228, 5053]
[15.401793479919434, 20.478416442871094, 13.19609546661377, 12.319987297058105, 12.831470489501953]
All scores: [4870, 1297, 5090, 5185]
[14.617936134338379, 19.3515567779541, 12.588752746582031, 11.80286693572998, 12.487113952636719]
All scores: [4822, 1333, 5166, 5195]
[15.04680347442627, 19.70465660095215, 12.987131118774414, 12.265151977539062, 12.809782028198242]
All scores: [4706, 1272, 5126, 4984]
[19.369842529296875, 13.868507385253906, 15.294989585876465, 15.394569396972656, 18.686580657958984]
All scores: [4865, 1275, 5245, 5243]
[14.917798042297363, 15.490159034729004, 19.96098518371582, 14.739235877990723, 15.11780834197998]
All scores: [4902, 1236, 5179, 5238]
0.6661866307258606 b
[17.552154541015625, 12.884537696838379, 14.234220504760742, 14.31564998626709, 16.682926177978516]
All scores: [4944, 1151, 5204, 5203]
[15.74394702911377, 16.01165008544922, 20.415462493896484, 15.481223106384277, 15.816585540771484]
All scores: [4919, 1240, 5227, 4999]
[15.693538665771484, 19.74003791809082, 13.833598136901855, 13.108896255493164, 13.636238098144531]
All scores: [4767, 1289, 5073, 5126]
[15.143665313720703, 14.043051719665527, 13.01620864868164, 20.606979370117188, 12.584342956542969]
All scores: [4803, 1269, 5156, 5045]
[15.608187675476074, 15.65732479095459, 19.693115234375, 15.452069282531738, 15.552910804748535]
All scores: [4782, 1327, 5062, 5019]
[15.185505867004395, 15.526577949523926, 19.408973693847656, 15.140711784362793, 15.382816314697266]
All scores: [4871, 1381, 5107, 5042]
[18.43912696838379, 14.457100868225098, 15.440858840942383, 15.593829154968262, 17.28052520751953]
All scores: [4875, 1186, 5033, 5239]
[18.667539596557617, 14.641890525817871, 15.868896484375, 15.871411323547363, 17.471214294433594]
All scores: [4691, 1325, 4886, 4885]
[18.07943344116211, 14.487554550170898, 15.721508979797363, 15.600973129272461, 17.243425369262695]
All scores: [4645, 1256, 5092, 5106]
[15.46126937866211, 18.83791732788086, 14.117060661315918, 13.560301780700684, 13.863215446472168]
All scores: [4894, 1335, 5057, 5135]
0.537594199180603 b
[15.821741104125977, 15.924568176269531, 19.354604721069336, 15.741715431213379, 15.844461441040039]
All scores: [4969, 1253, 5053, 5101]
[17.033964157104492, 20.776323318481445, 15.415492057800293, 15.058917045593262, 15.448822021484375]
All scores: [4781, 1298, 5088, 5123]
[15.782605171203613, 18.95562744140625, 14.526896476745605, 13.952115058898926, 14.289812088012695]
All scores: [4856, 1407, 5119, 4959]
[15.85190486907959, 16.090042114257812, 19.195091247558594, 15.80266284942627, 15.880558967590332]
All scores: [4842, 1127, 5216, 4954]
[15.92228889465332, 16.174440383911133, 19.057849884033203, 15.921475410461426, 15.97616195678711]
All scores: [4843, 1318, 5192, 5018]
[16.578441619873047, 16.761411666870117, 19.912029266357422, 16.549392700195312, 16.58353614807129]
All scores: [4801, 1342, 5175, 5192]
[16.28893280029297, 16.40582847595215, 19.423641204833984, 16.178451538085938, 16.28591537475586]
All scores: [4881, 1234, 5038, 5039]
[18.601703643798828, 15.78254508972168, 16.594318389892578, 16.727331161499023, 17.484939575195312]
All scores: [4895, 1307, 5005, 5176]
[18.80118179321289, 15.93079948425293, 16.688175201416016, 16.763395309448242, 17.480480194091797]
All scores: [4792, 1394, 5045, 4939]
[16.605087280273438, 19.396459579467773, 15.49245834350586, 14.949044227600098, 15.368969917297363]
All scores: [5018, 1284, 5279, 5076]
0.7596489191055298 b
[16.982038497924805, 17.252765655517578, 19.78390121459961, 16.92122459411621, 16.90818214416504]
All scores: [4800, 1208, 5032, 5058]
[16.226709365844727, 15.677531242370605, 15.056656837463379, 20.73857307434082, 14.576728820800781]
All scores: [4860, 1206, 5161, 5150]
[17.992130279541016, 20.8309326171875, 16.86335563659668, 16.356401443481445, 16.597801208496094]
All scores: [4809, 1218, 5054, 5259]
[16.832834243774414, 19.75333023071289, 15.810882568359375, 15.540395736694336, 15.599837303161621]
All scores: [4762, 1318, 5239, 5135]
[17.21968650817871, 20.18684959411621, 16.3154296875, 15.954468727111816, 16.161319732666016]
All scores: [4813, 1352, 5120, 5017]
[17.348987579345703, 16.68871307373047, 16.358171463012695, 22.05204200744629, 15.697341918945312]
All scores: [4849, 1400, 5212, 5105]
[16.62387466430664, 16.753494262695312, 19.167264938354492, 16.500347137451172, 16.518678665161133]
All scores: [4883, 1318, 5207, 5102]
[16.68413543701172, 15.910608291625977, 15.499276161193848, 20.923168182373047, 15.10494327545166]
All scores: [4896, 1244, 5007, 5212]
[16.379535675048828, 19.37374496459961, 15.741965293884277, 15.493671417236328, 15.723830223083496]
All scores: [4827, 1245, 5213, 4971]
[17.912118911743164, 15.919017791748047, 16.350357055664062, 16.332672119140625, 16.624332427978516]
All scores: [4920, 1162, 5153, 5119]
0.37594151496887207 b
[16.233959197998047, 15.499917030334473, 15.168338775634766, 20.15126609802246, 14.822265625]
All scores: [4921, 1293, 5183, 5020]
[16.887765884399414, 16.08664321899414, 15.81257152557373, 20.874061584472656, 15.365655899047852]
All scores: [4713, 1284, 5005, 5108]
[18.793407440185547, 16.872623443603516, 17.275901794433594, 17.418136596679688, 17.692964553833008]
All scores: [4800, 1338, 5095, 5183]
[17.965633392333984, 16.108911514282227, 16.5515079498291, 16.64796257019043, 16.836570739746094]
All scores: [4827, 1290, 4960, 5102]
[16.92588233947754, 19.623371124267578, 16.395307540893555, 16.109737396240234, 16.304410934448242]
All scores: [4704, 1266, 5058, 5196]
[16.450559616088867, 18.82482147216797, 15.77302074432373, 15.528401374816895, 15.635357856750488]
All scores: [4730, 1307, 5029, 5126]
[17.51166343688965, 17.53812599182129, 20.017776489257812, 17.517030715942383, 17.50691795349121]
All scores: [4901, 1256, 5262, 5204]
[17.34743309020996, 15.691959381103516, 16.143692016601562, 16.155750274658203, 16.20034408569336]
All scores: [4860, 1389, 5112, 5124]
[17.3007869720459, 16.963329315185547, 16.601573944091797, 21.633712768554688, 16.25235366821289]
All scores: [4756, 1279, 5264, 5213]
[18.336315155029297, 17.713422775268555, 17.344161987304688, 22.612796783447266, 17.149093627929688]
All scores: [4801, 1363, 5264, 5073]
0.38803812861442566 b
[18.312673568725586, 16.67119026184082, 17.03911018371582, 16.90679168701172, 17.127376556396484]
All scores: [4928, 1292, 4996, 5176]
[18.50746726989746, 16.871984481811523, 17.132402420043945, 17.15330696105957, 17.290809631347656]
All scores: [4876, 1284, 5288, 4957]
[17.31399154663086, 19.709091186523438, 16.8153076171875, 16.47736167907715, 16.546388626098633]
All scores: [5021, 1263, 5109, 5131]
[17.4654541015625, 16.023479461669922, 16.32990074157715, 16.32707405090332, 16.440053939819336]
All scores: [5018, 1331, 5252, 5184]
[16.922473907470703, 17.120498657226562, 19.233251571655273, 16.947513580322266, 16.744808197021484]
All scores: [4828, 1431, 5062, 5047]
[16.648571014404297, 16.174726486206055, 15.939765930175781, 20.49028778076172, 15.670848846435547]
All scores: [1041042, 222094, 1076275, 1074227]
Team scores: [1263136, 2150502]
