2018-11-12 15:54:36.053150: I tensorflow/core/platform/cpu_feature_guard.cc:141] Your CPU supports instructions that this TensorFlow binary was not compiled to use: AVX2 AVX512F FMA
Using TensorFlow backend.
/scratch/jl8429/coopai/agents10.py:152: UserWarning: Update your `Model` call to the Keras 2 API: `Model(inputs=[<tf.Tenso..., outputs=Tensor("mu...)`
  model = Model(input=[frames_input, actions_input], output=filtered_output)
/scratch/jl8429/venv1/lib/python3.6/site-packages/keras/callbacks.py:122: UserWarning: Method on_batch_end() is slow compared to the batch update (0.160620). Check your callbacks.
  % delta_t_median)
10dqn
All scores: [2021, 200, 1996, 1999]
All scores: [4155, 397, 3997, 3867]
All scores: [6176, 590, 6022, 5787]
All scores: [8173, 782, 7939, 7707]
All scores: [10191, 977, 9828, 9695]
All scores: [12187, 1167, 11804, 11730]
All scores: [14249, 1325, 13791, 13812]
All scores: [16243, 1564, 15806, 15955]
All scores: [18138, 1788, 17776, 18032]
All scores: [20109, 1980, 19743, 20112]
0.12365230917930603 y
All scores: [22202, 2044, 21665, 22238]
0.09442339837551117 y
All scores: [24245, 2265, 23693, 24144]
0.09938392043113708 n
All scores: [26208, 2419, 25737, 26163]
0.06807117909193039 y
All scores: [28146, 2630, 27717, 28158]
0.07750045508146286 n
All scores: [30142, 2801, 29740, 30206]
0.038493573665618896 y
All scores: [32154, 2946, 31685, 32116]
0.06993280351161957 n
All scores: [34074, 3045, 33798, 34006]
0.09063272923231125 n
All scores: [36088, 3149, 35910, 36031]
0.0780370831489563 n
All scores: [38062, 3312, 37950, 38041]
0.09880529344081879 n
All scores: [40095, 3454, 40017, 39951]
0.07303962111473083 n
All scores: [42036, 3611, 41959, 41888]
0.07048080861568451 n
All scores: [43994, 3788, 44020, 43819]
0.08165514469146729 n
All scores: [45991, 4000, 46027, 45825]
0.08575033396482468 n
All scores: [47904, 4172, 48035, 47728]
0.07235365360975266 n
All scores: [49873, 4369, 50087, 49744]
0.0808500349521637 n
All scores: [51909, 4554, 52106, 51748]
0.1012563481926918 n
All scores: [53937, 4738, 54048, 53597]
0.09951440989971161 n
All scores: [55877, 4911, 56067, 55548]
0.12482181936502457 n
All scores: [57829, 5139, 58036, 57687]
0.10178256034851074 n
All scores: [59851, 5367, 59896, 59586]
0.1031094416975975 b
All scores: [61891, 5573, 61995, 61597]
0.06113308295607567 n
All scores: [63922, 5835, 64004, 63632]
0.046444863080978394 n
All scores: [65916, 6017, 66012, 65555]
0.07425844669342041 n
All scores: [67836, 6232, 67991, 67546]
0.043179064989089966 n
All scores: [69858, 6446, 70076, 69561]
197314.8125 n
All scores: [71820, 6671, 72169, 71532]
0.08179187774658203 n
All scores: [73777, 6860, 74265, 73561]
0.07843838632106781 n
All scores: [75813, 7090, 76220, 75616]
0.05259472131729126 n
All scores: [77816, 7291, 78190, 77520]
0.06746788322925568 n
All scores: [79859, 7474, 80240, 79387]
0.08084017783403397 n
All scores: [81810, 7649, 82277, 81280]
0.13717465102672577 n
All scores: [83909, 7852, 84340, 83316]
0.06408476829528809 n
All scores: [85890, 8046, 86312, 85296]
0.07790440320968628 n
All scores: [87905, 8266, 88354, 87275]
0.0629463642835617 n
All scores: [89900, 8488, 90423, 89293]
0.05351567268371582 n
All scores: [91894, 8689, 92453, 91286]
0.08811739087104797 n
All scores: [93890, 8907, 94527, 93365]
0.06939875334501266 n
All scores: [95874, 9147, 96508, 95400]
0.08423710614442825 n
All scores: [97767, 9376, 98524, 97367]
0.07170143723487854 n
All scores: [99736, 9597, 100505, 99329]
0.05277561396360397 b
All scores: [101725, 9809, 102548, 101277]
0.041449788957834244 n
All scores: [103721, 10081, 104519, 103168]
0.06434139609336853 n
All scores: [105742, 10279, 106572, 105151]
0.10418877005577087 n
All scores: [107698, 10500, 108653, 107153]
0.09639698266983032 n
All scores: [109731, 10718, 110712, 109091]
0.06020480394363403 n
All scores: [111651, 10954, 112737, 110994]
0.1001863181591034 n
All scores: [113727, 11139, 114678, 112934]
0.10788983106613159 n
All scores: [115763, 11365, 116602, 114954]
0.04777487367391586 n
All scores: [117720, 11596, 118592, 116972]
0.07612040638923645 n
All scores: [119700, 11843, 120477, 119027]
0.11267979443073273 n
All scores: [121685, 12102, 122477, 120978]
0.09148883819580078 n
All scores: [123714, 12353, 124391, 122986]
0.09273691475391388 n
All scores: [125607, 12589, 126402, 124858]
0.08679550886154175 n
All scores: [127492, 12856, 128342, 126943]
0.05630001425743103 n
All scores: [129486, 13104, 130438, 128833]
0.10146130621433258 n
All scores: [131540, 13352, 132547, 130832]
0.08708672225475311 n
All scores: [133606, 13610, 134477, 132786]
0.0541657954454422 n
All scores: [135647, 13844, 136364, 134790]
0.12315594404935837 n
All scores: [137618, 14102, 138468, 136785]
0.14864644408226013 n
All scores: [139522, 14367, 140481, 138746]
0.0828031450510025 b
All scores: [141519, 14661, 142447, 140787]
0.07224734127521515 n
All scores: [143437, 14890, 144544, 142802]
0.08762411028146744 n
All scores: [145398, 15140, 146631, 144770]
0.13033220171928406 n
All scores: [147387, 15378, 148647, 146780]
0.10588620603084564 n
All scores: [149389, 15632, 150685, 148752]
0.06751012802124023 n
All scores: [151323, 15902, 152724, 150747]
0.09000502526760101 n
All scores: [153374, 16156, 154688, 152650]
0.12480229139328003 n
All scores: [155328, 16417, 156575, 154616]
0.14804023504257202 n
All scores: [157246, 16648, 158658, 156664]
0.18727724254131317 n
All scores: [159166, 16924, 160647, 158729]
0.2367423176765442 n
All scores: [161137, 17173, 162642, 160674]
0.09764126688241959 n
All scores: [163169, 17460, 164602, 162703]
0.08347047865390778 n
All scores: [165161, 17754, 166591, 164692]
0.22228851914405823 n
All scores: [167127, 18004, 168585, 166762]
0.13784343004226685 n
All scores: [169126, 18271, 170549, 168722]
0.09611038863658905 n
All scores: [171088, 18549, 172653, 170687]
0.16995923221111298 n
All scores: [173015, 18809, 174653, 172662]
0.13406553864479065 n
All scores: [174959, 19080, 176573, 174822]
0.11428394168615341 n
All scores: [176937, 19378, 178562, 176882]
0.22788040339946747 n
All scores: [178831, 19636, 180484, 178922]
0.1372028887271881 b
All scores: [180836, 19888, 182459, 180912]
0.09370183199644089 n
All scores: [182740, 20194, 184406, 182901]
0.11138489842414856 n
All scores: [184785, 20420, 186337, 184757]
0.17705535888671875 n
All scores: [186731, 20671, 188381, 186762]
0.10959863662719727 n
All scores: [188633, 20916, 190381, 188747]
0.12319964170455933 n
All scores: [190606, 21166, 192393, 190747]
0.29891878366470337 n
All scores: [192695, 21395, 194412, 192713]
0.20614764094352722 n
All scores: [194670, 21699, 196361, 194747]
0.08396606892347336 n
All scores: [196574, 22014, 198309, 196858]
0.1468554139137268 n
All scores: [198575, 22316, 200305, 198877]
0.39126864075660706 n
All scores: [200562, 22588, 202333, 200932]
0.08439931273460388 n
All scores: [202553, 22895, 204338, 202997]
0.0802064910531044 n
All scores: [204331, 23160, 206380, 204919]
0.08532388508319855 n
All scores: [206316, 23448, 208407, 206919]
0.1232537254691124 n
All scores: [208244, 23694, 210351, 208921]
0.18781062960624695 n
All scores: [210129, 23943, 212320, 210894]
0.08166404068470001 n
All scores: [212173, 24196, 214243, 212906]
0.1198364645242691 n
All scores: [214094, 24457, 216380, 214856]
0.1812656819820404 n
All scores: [216090, 24776, 218434, 216835]
0.15920574963092804 n
All scores: [218028, 25087, 220344, 218870]
0.13526663184165955 b
All scores: [219973, 25388, 222295, 220896]
0.13975492119789124 n
All scores: [221874, 25706, 224274, 222932]
0.33101779222488403 n
All scores: [223964, 25998, 226220, 224968]
0.13627982139587402 n
All scores: [225975, 26236, 228280, 227046]
0.26448336243629456 n
All scores: [227931, 26500, 230232, 229000]
0.1319478452205658 n
All scores: [229974, 26737, 232227, 230956]
0.23957432806491852 n
All scores: [232061, 27017, 234190, 232920]
0.1660861074924469 n
All scores: [233925, 27303, 236194, 234822]
0.10326778888702393 n
All scores: [235954, 27550, 238147, 236806]
0.15480521321296692 n
All scores: [237895, 27853, 240125, 238844]
0.13824227452278137 n
All scores: [239900, 28120, 242101, 240906]
0.2928919792175293 n
All scores: [241956, 28425, 244182, 242908]
0.08980795741081238 n
All scores: [244023, 28739, 246085, 244835]
0.10593089461326599 n
All scores: [245910, 29068, 247984, 246823]
0.1224495992064476 n
All scores: [247831, 29357, 249955, 248777]
0.12843039631843567 n
All scores: [249891, 29580, 252007, 250778]
0.19962352514266968 n
All scores: [251817, 29898, 254044, 252778]
0.1460396945476532 n
All scores: [253697, 30177, 255991, 254741]
0.11300349235534668 n
All scores: [255518, 30475, 257995, 256721]
0.09666913002729416 n
All scores: [257495, 30779, 259989, 258755]
0.12918385863304138 b
All scores: [259451, 31081, 261989, 260711]
0.09875694662332535 n
All scores: [261310, 31391, 263896, 262663]
0.17564372718334198 n
All scores: [263248, 31661, 265959, 264631]
0.10320418328046799 n
All scores: [265129, 31927, 267995, 266655]
0.10560473054647446 n
All scores: [267031, 32239, 270093, 268595]
0.1958908885717392 n
All scores: [268956, 32572, 272213, 270463]
0.08764646202325821 n
All scores: [270971, 32863, 274287, 272481]
0.13671299815177917 n
All scores: [272891, 33156, 276300, 274528]
0.12808063626289368 n
All scores: [274842, 33421, 278253, 276505]
0.09987403452396393 n
All scores: [276776, 33748, 280295, 278480]
0.113261878490448 n
All scores: [278815, 33982, 282226, 280376]
0.20115604996681213 n
All scores: [280830, 34273, 284232, 282388]
0.11753933876752853 n
All scores: [282746, 34567, 286241, 284325]
0.1750233769416809 n
All scores: [284700, 34838, 288303, 286242]
0.14535440504550934 n
All scores: [286594, 35127, 290405, 288192]
0.0961807370185852 n
All scores: [288569, 35370, 292361, 290160]
0.09110511094331741 n
All scores: [290496, 35681, 294370, 292155]
0.5327523350715637 n
All scores: [292539, 35964, 296404, 294193]
0.08995358645915985 n
All scores: [294453, 36225, 298472, 296190]
0.4369646906852722 n
All scores: [296476, 36503, 300438, 298083]
0.3972525894641876 b
All scores: [298367, 36814, 302521, 299928]
0.15454289317131042 n
All scores: [300328, 37090, 304585, 301867]
0.09160047769546509 n
All scores: [302379, 37404, 306508, 303810]
0.24472421407699585 n
All scores: [304329, 37668, 308536, 305612]
0.15698906779289246 n
All scores: [306298, 37933, 310406, 307716]
0.09426625072956085 n
All scores: [308236, 38193, 312485, 309685]
0.12921148538589478 n
All scores: [310151, 38521, 314518, 311722]
0.20362061262130737 n
All scores: [312094, 38816, 316603, 313728]
0.20856642723083496 n
All scores: [314165, 39139, 318641, 315681]
0.1145859956741333 n
All scores: [316206, 39410, 320670, 317625]
0.10540841519832611 n
All scores: [318184, 39680, 322598, 319588]
0.06288056075572968 n
All scores: [320099, 39999, 324594, 321520]
0.17919865250587463 n
All scores: [322009, 40241, 326578, 323561]
0.08868192136287689 n
All scores: [323967, 40499, 328530, 325478]
0.0773063600063324 n
All scores: [325935, 40781, 330602, 327480]
0.13337519764900208 n
All scores: [327857, 41109, 332547, 329434]
0.12016792595386505 n
All scores: [329889, 41389, 334577, 331411]
0.14454956352710724 n
All scores: [331760, 41672, 336697, 333425]
0.1404411494731903 n
All scores: [333758, 41953, 338703, 335381]
0.5285782814025879 n
All scores: [335635, 42262, 340681, 337272]
0.12792067229747772 b
All scores: [337598, 42574, 342697, 339285]
0.22922486066818237 n
All scores: [339653, 42857, 344706, 341248]
0.10912411659955978 n
All scores: [341633, 43166, 346646, 343240]
0.24814733862876892 n
All scores: [343600, 43421, 348627, 345235]
0.16810159385204315 n
All scores: [345503, 43714, 350570, 347218]
0.44429469108581543 n
All scores: [347451, 43973, 352570, 349172]
0.3077068328857422 n
All scores: [349432, 44238, 354625, 351149]
0.08197730034589767 n
All scores: [351359, 44516, 356661, 353047]
0.12628158926963806 n
All scores: [353289, 44787, 358591, 355003]
0.07415266335010529 n
All scores: [355274, 45051, 360556, 357057]
0.10885903239250183 n
All scores: [357232, 45354, 362568, 359061]
0.1451956033706665 n
All scores: [359246, 45640, 364591, 361046]
0.17666564881801605 n
All scores: [361244, 45940, 366522, 363012]
0.1430540680885315 n
All scores: [363250, 46263, 368448, 365051]
0.30259063839912415 n
All scores: [365262, 46512, 370520, 367051]
0.10851278156042099 n
All scores: [367232, 46781, 372482, 368953]
0.38529136776924133 n
All scores: [369109, 47112, 374414, 370873]
0.2114703208208084 n
All scores: [371135, 47384, 376397, 372941]
0.06884030252695084 n
All scores: [373009, 47711, 378508, 374917]
0.14806929230690002 n
All scores: [374893, 48028, 380448, 376948]
0.1880837380886078 b
All scores: [376998, 48338, 382339, 378920]
0.40423840284347534 n
All scores: [379002, 48616, 384330, 380924]
0.17326317727565765 n
All scores: [380997, 48908, 386325, 382946]
0.21752454340457916 n
All scores: [383103, 49150, 388381, 384873]
0.2890281677246094 n
All scores: [385068, 49457, 390313, 386803]
0.3912951946258545 n
All scores: [387015, 49734, 392294, 388826]
0.2022484391927719 n
All scores: [388988, 50043, 394325, 390905]
0.21470105648040771 n
All scores: [390991, 50341, 396275, 393028]
0.5017976760864258 n
All scores: [392961, 50636, 398278, 395118]
0.08756949007511139 n
All scores: [394952, 50927, 400222, 397075]
All scores: [394952, 50927, 400222, 397075]
Team scores: [445879, 797297]
