2018-11-12 15:55:14.216520: I tensorflow/core/platform/cpu_feature_guard.cc:141] Your CPU supports instructions that this TensorFlow binary was not compiled to use: AVX2 FMA
Using TensorFlow backend.
/scratch/jl8429/coopai/agents8.py:152: UserWarning: Update your `Model` call to the Keras 2 API: `Model(inputs=[<tf.Tenso..., outputs=Tensor("mu...)`
  model = Model(input=[frames_input, actions_input], output=filtered_output)
8dqn
All scores: [2693, 303, 2522, 2586]
All scores: [5401, 590, 4944, 5192]
All scores: [8018, 874, 7453, 7782]
All scores: [10596, 1150, 9939, 10316]
All scores: [13213, 1400, 12546, 12913]
All scores: [15767, 1677, 15251, 15505]
All scores: [18348, 1953, 17663, 18095]
All scores: [20956, 2232, 20171, 20711]
All scores: [23583, 2557, 22811, 23280]
All scores: [26177, 2817, 25416, 25934]
0.08144007623195648 y
All scores: [28738, 2905, 28043, 28556]
0.09410732984542847 n
All scores: [31318, 3054, 30590, 31060]
0.09798017144203186 n
All scores: [33911, 3400, 33197, 33601]
0.07889939844608307 y
All scores: [36498, 3687, 35834, 36327]
0.088432177901268 n
All scores: [39063, 3950, 38388, 38905]
0.06963324546813965 y
All scores: [41594, 4195, 40984, 41503]
0.12246428430080414 n
All scores: [44107, 4446, 43749, 44152]
0.09271039813756943 n
All scores: [46764, 4706, 46310, 46626]
0.1098923534154892 n
All scores: [49338, 4955, 48857, 49181]
0.06534228473901749 y
All scores: [51930, 5244, 51447, 51865]
0.09756585210561752 n
All scores: [54503, 5522, 53940, 54467]
0.06316352635622025 y
All scores: [57105, 5836, 56489, 56927]
0.09579171240329742 n
All scores: [59556, 6153, 59186, 59512]
0.07641234993934631 n
All scores: [62135, 6456, 61847, 62119]
0.08105842769145966 n
All scores: [64647, 6747, 64460, 64642]
0.13523468375205994 n
All scores: [67189, 7084, 66990, 67219]
41.34617614746094 n
All scores: [69673, 7338, 69466, 69865]
73584.65625 n
All scores: [72305, 7630, 72163, 72403]
0.14354413747787476 n
All scores: [74803, 7906, 74850, 75077]
0.06236770376563072 y
All scores: [77446, 8181, 77329, 77595]
0.09507385641336441 b
All scores: [79981, 8494, 79902, 80186]
0.13017554581165314 n
All scores: [82596, 8788, 82466, 82780]
0.11939288675785065 n
All scores: [85140, 9113, 85007, 85355]
0.10657256841659546 n
All scores: [87778, 9463, 87603, 87855]
0.11548884212970734 n
All scores: [90360, 9786, 90325, 90381]
0.10638299584388733 n
All scores: [92968, 10205, 92921, 92925]
0.13872312009334564 n
All scores: [95523, 10602, 95487, 95561]
0.11760717630386353 n
All scores: [97943, 10984, 98078, 98117]
0.10333390533924103 n
All scores: [100548, 11298, 100674, 100664]
0.11068551242351532 n
All scores: [103146, 11648, 103230, 103224]
0.09825365245342255 n
All scores: [105632, 11970, 105809, 105784]
0.08800798654556274 n
All scores: [108247, 12381, 108447, 108367]
0.05853758379817009 y
All scores: [110740, 12731, 110889, 110988]
0.04735241085290909 y
All scores: [113396, 13102, 113420, 113566]
0.10723595321178436 n
All scores: [115881, 13473, 116026, 116091]
0.04208150506019592 y
All scores: [118427, 13830, 118560, 118658]
0.1171795055270195 n
All scores: [121061, 14201, 121099, 121256]
0.07851198315620422 n
All scores: [123630, 14556, 123608, 123825]
0.09334957599639893 n
All scores: [126154, 14951, 126075, 126336]
0.1076226681470871 n
All scores: [128656, 15337, 128606, 128915]
0.10657115280628204 b
All scores: [131294, 15690, 131205, 131511]
0.1202719435095787 n
All scores: [133895, 16032, 133800, 134129]
0.035107262432575226 y
All scores: [136384, 16418, 136488, 136610]
0.07128040492534637 n
All scores: [138854, 16787, 139044, 139230]
0.12454617023468018 n
All scores: [141415, 17195, 141516, 141890]
0.08993636071681976 n
All scores: [143897, 17588, 144018, 144456]
0.11157052218914032 n
All scores: [146424, 17953, 146581, 147010]
0.05169524997472763 n
All scores: [149001, 18364, 149215, 149566]
0.10579188168048859 n
All scores: [151556, 18735, 151848, 152145]
0.0947256088256836 n
All scores: [154180, 19075, 154408, 154668]
0.059369347989559174 n
All scores: [156742, 19462, 157026, 157216]
0.14734095335006714 n
All scores: [159279, 19821, 159540, 159721]
0.10785721242427826 n
All scores: [161828, 20263, 162153, 162227]
0.11305253207683563 n
All scores: [164314, 20673, 164725, 164775]
0.10878230631351471 n
All scores: [166877, 21109, 167383, 167387]
0.13882414996623993 n
All scores: [169337, 21527, 169884, 169888]
0.1268889605998993 n
All scores: [171867, 21907, 172428, 172489]
0.14504775404930115 n
All scores: [174525, 22300, 175051, 174903]
0.0794917643070221 n
All scores: [176961, 22714, 177609, 177469]
0.15648578107357025 n
All scores: [179525, 23113, 180097, 180118]
0.11766904592514038 b
All scores: [182156, 23499, 182670, 182758]
0.07225912064313889 n
All scores: [184763, 23927, 185172, 185436]
0.07141177356243134 n
All scores: [187265, 24294, 187870, 188084]
0.13996177911758423 n
All scores: [189766, 24667, 190366, 190628]
0.14376075565814972 n
All scores: [192287, 25074, 192863, 193244]
0.15769773721694946 n
All scores: [194822, 25481, 195427, 195799]
0.08317771553993225 n
All scores: [197257, 25885, 197928, 198417]
0.06252335011959076 n
All scores: [199921, 26312, 200425, 200944]
0.10352019965648651 n
All scores: [202251, 26767, 202953, 203430]
0.11222119629383087 n
All scores: [204800, 27181, 205505, 206160]
0.08983378857374191 n
All scores: [207307, 27651, 208006, 208735]
0.050168462097644806 n
All scores: [209735, 28113, 210645, 211351]
0.1431826949119568 n
All scores: [212312, 28529, 213217, 213939]
0.09789431840181351 n
All scores: [214784, 28990, 215688, 216531]
0.09915728867053986 n
All scores: [217417, 29384, 218253, 219065]
0.08174092322587967 n
All scores: [220003, 29830, 220822, 221592]
0.12932053208351135 n
All scores: [222552, 30286, 223406, 224261]
0.09113296866416931 n
All scores: [225152, 30697, 225931, 226899]
0.08382970094680786 n
All scores: [227665, 31094, 228502, 229623]
0.11437194794416428 n
All scores: [230289, 31484, 231053, 232199]
0.10077747702598572 b
All scores: [232854, 31890, 233583, 234883]
0.08339845389127731 n
All scores: [235430, 32383, 236138, 237424]
0.08812606334686279 n
All scores: [238044, 32815, 238641, 239880]
0.0952492356300354 n
All scores: [240631, 33189, 241179, 242493]
0.12289857119321823 n
All scores: [243237, 33548, 243771, 245053]
0.12986791133880615 n
All scores: [245754, 33939, 246417, 247562]
0.08562584221363068 n
All scores: [248404, 34343, 248965, 250197]
0.06907898187637329 n
All scores: [250951, 34729, 251547, 252757]
0.09983819723129272 n
All scores: [253514, 35140, 254165, 255299]
0.11646635830402374 n
All scores: [255990, 35523, 256694, 257888]
0.08517046272754669 n
All scores: [258518, 35941, 259193, 260565]
0.08280383050441742 n
All scores: [260979, 36349, 261794, 263219]
0.08165284991264343 n
All scores: [263463, 36737, 264327, 265809]
0.09141921997070312 n
All scores: [266069, 37180, 266998, 268402]
0.10206876695156097 n
All scores: [268408, 37612, 269487, 270983]
0.10653945803642273 n
All scores: [271072, 37995, 272014, 273565]
0.14836710691452026 n
All scores: [273579, 38395, 274517, 276149]
0.12232723832130432 n
All scores: [276168, 38806, 277019, 278686]
0.12605655193328857 n
All scores: [278624, 39236, 279577, 281270]
0.0666748434305191 n
All scores: [281162, 39639, 282077, 283831]
0.16491243243217468 b
All scores: [283644, 40110, 284608, 286414]
0.2147083878517151 n
All scores: [286315, 40524, 287217, 289006]
0.15945281088352203 n
All scores: [288820, 40927, 289687, 291515]
0.18717508018016815 n
All scores: [291409, 41371, 292311, 294132]
0.08008214831352234 n
All scores: [293936, 41783, 294830, 296692]
0.1629507839679718 n
All scores: [296483, 42165, 297317, 299361]
0.12578094005584717 n
All scores: [299026, 42562, 299955, 301976]
0.16628336906433105 n
All scores: [301538, 43004, 302426, 304463]
0.13397476077079773 n
All scores: [304108, 43419, 305069, 306903]
0.13934706151485443 n
All scores: [306695, 43893, 307719, 309445]
0.16360032558441162 n
All scores: [309158, 44306, 310157, 312113]
0.13224434852600098 n
All scores: [311707, 44687, 312636, 314636]
0.09657158702611923 n
All scores: [314184, 45103, 315250, 317193]
0.10822516679763794 n
All scores: [316659, 45518, 317707, 319747]
0.07244932651519775 n
All scores: [319259, 45983, 320443, 322277]
0.11798404902219772 n
All scores: [321682, 46429, 323009, 324922]
0.15708886086940765 n
All scores: [324234, 46840, 325591, 327448]
0.12277907133102417 n
All scores: [326685, 47216, 328232, 330000]
0.15939027070999146 n
All scores: [329214, 47648, 330855, 332455]
0.10239478200674057 n
All scores: [331811, 48109, 333421, 334936]
0.23308156430721283 b
All scores: [334363, 48540, 335938, 337475]
0.1278647631406784 n
All scores: [336877, 49020, 338445, 339990]
0.19315651059150696 n
All scores: [339449, 49447, 340948, 342468]
0.12332292646169662 n
All scores: [342007, 49947, 343510, 345013]
0.14984843134880066 n
All scores: [344484, 50385, 346123, 347608]
0.17968079447746277 n
All scores: [347002, 50867, 348660, 350145]
0.13245123624801636 n
All scores: [349536, 51262, 351259, 352618]
0.151913583278656 n
All scores: [352076, 51716, 353776, 355300]
0.23499730229377747 n
All scores: [354591, 52164, 356337, 357797]
0.27337363362312317 n
All scores: [357060, 52568, 358976, 360315]
0.08198271691799164 n
All scores: [359618, 53019, 361627, 362951]
0.22145938873291016 n
All scores: [362124, 53440, 364311, 365551]
0.10440614819526672 n
All scores: [364580, 53875, 366867, 368040]
0.15637975931167603 n
All scores: [367151, 54305, 369540, 370539]
0.15614426136016846 n
All scores: [369585, 54746, 372200, 373104]
0.13772672414779663 n
All scores: [372097, 55147, 374837, 375637]
0.14019867777824402 n
All scores: [374683, 55584, 377458, 378071]
0.15010449290275574 n
All scores: [377252, 56009, 379957, 380589]
0.25630176067352295 n
All scores: [379824, 56463, 382593, 383217]
0.15400540828704834 n
All scores: [382430, 56865, 385290, 385804]
0.19695430994033813 b
All scores: [384926, 57283, 387854, 388444]
0.18064892292022705 n
All scores: [387499, 57662, 390414, 391007]
0.1303478181362152 n
All scores: [390000, 58125, 393058, 393527]
0.19472718238830566 n
All scores: [392483, 58577, 395602, 396044]
0.12444829940795898 n
All scores: [394950, 59030, 398212, 398485]
0.19920259714126587 n
All scores: [397485, 59535, 400788, 401032]
0.18116332590579987 n
All scores: [400045, 59970, 403362, 403576]
0.1556778997182846 n
All scores: [402426, 60411, 405952, 406199]
0.13545595109462738 n
All scores: [404942, 60797, 408564, 408779]
0.19459977746009827 n
All scores: [407436, 61244, 411219, 411267]
0.14293013513088226 n
All scores: [409884, 61717, 413776, 413736]
0.15338335931301117 n
All scores: [412425, 62177, 416414, 416319]
0.17473164200782776 n
All scores: [415027, 62640, 419081, 418977]
0.1362120509147644 n
All scores: [417681, 63112, 421566, 421556]
0.10869034379720688 n
All scores: [420236, 63502, 424225, 424123]
0.2427813708782196 n
All scores: [422814, 63933, 426818, 426656]
0.23667719960212708 n
All scores: [425337, 64347, 429392, 429239]
0.3186643421649933 n
All scores: [427776, 64799, 431945, 431779]
0.23917436599731445 n
All scores: [430352, 65225, 434516, 434341]
0.2049332857131958 n
All scores: [432852, 65735, 436950, 436946]
0.2803458571434021 b
All scores: [435276, 66194, 439558, 439487]
0.20102974772453308 n
All scores: [437806, 66642, 442096, 442002]
0.18865835666656494 n
All scores: [440333, 67102, 444662, 444556]
0.07378950715065002 n
All scores: [442801, 67528, 447146, 447148]
0.2833438217639923 n
All scores: [445407, 67977, 449689, 449616]
0.39573290944099426 n
All scores: [447983, 68409, 452173, 452169]
0.12024231255054474 n
All scores: [450444, 68809, 454777, 454653]
0.23467077314853668 n
All scores: [453006, 69196, 457496, 457186]
0.28609827160835266 n
All scores: [455483, 69623, 459991, 459901]
0.26826709508895874 n
All scores: [458026, 70063, 462576, 462490]
0.1094578430056572 n
All scores: [460624, 70489, 465135, 465072]
0.14690986275672913 n
All scores: [463127, 70881, 467654, 467605]
0.08887675404548645 n
All scores: [465706, 71270, 470234, 470088]
0.14800907671451569 n
All scores: [468297, 71722, 472910, 472643]
0.15310272574424744 n
All scores: [470882, 72152, 475468, 475303]
0.15317925810813904 n
All scores: [473438, 72575, 477994, 477911]
0.2510914206504822 n
All scores: [475993, 73002, 480599, 480391]
0.2491544783115387 n
All scores: [478490, 73417, 483145, 482957]
0.1237654834985733 n
All scores: [480944, 73873, 485683, 485496]
0.22357244789600372 n
All scores: [483488, 74311, 488324, 488003]
0.1960301250219345 b
All scores: [485986, 74740, 490951, 490596]
0.18543577194213867 n
All scores: [488477, 75234, 493440, 493083]
0.15387466549873352 n
All scores: [490985, 75641, 495975, 495649]
0.26021891832351685 n
All scores: [493481, 76067, 498426, 498282]
0.2580576539039612 n
All scores: [495957, 76487, 500945, 500873]
0.3377888798713684 n
All scores: [498485, 76903, 503547, 503430]
0.4433121383190155 n
All scores: [501047, 77327, 506136, 506030]
0.24636104702949524 n
All scores: [503561, 77740, 508673, 508504]
0.18704482913017273 n
All scores: [506182, 78155, 511170, 511110]
0.2074216902256012 n
All scores: [508656, 78604, 513707, 513734]
All scores: [508656, 78604, 513707, 513734]
Team scores: [587260, 1027441]
