2018-10-15 22:53:33.369078: I tensorflow/core/platform/cpu_feature_guard.cc:141] Your CPU supports instructions that this TensorFlow binary was not compiled to use: AVX2 FMA
8cnn
making model
creating graph
loading json
prepping data
training model
Train on 800000 samples, validate on 200000 samples
Epoch 1/100
 - 631s - loss: 0.1499 - mean_squared_error: 0.1499 - acc: 0.2944 - val_loss: 0.1490 - val_mean_squared_error: 0.1490 - val_acc: 0.2959

Epoch 00001: val_loss improved from inf to 0.14897, saving model to cnn8_f32k5_f32k3_lr001.01-0.15.hdf5
Epoch 2/100
 - 634s - loss: 0.1422 - mean_squared_error: 0.1422 - acc: 0.3860 - val_loss: 0.1357 - val_mean_squared_error: 0.1357 - val_acc: 0.4225

Epoch 00002: val_loss improved from 0.14897 to 0.13568, saving model to cnn8_f32k5_f32k3_lr001.02-0.14.hdf5
Epoch 3/100
 - 633s - loss: 0.1293 - mean_squared_error: 0.1293 - acc: 0.4639 - val_loss: 0.1267 - val_mean_squared_error: 0.1267 - val_acc: 0.4787

Epoch 00003: val_loss improved from 0.13568 to 0.12673, saving model to cnn8_f32k5_f32k3_lr001.03-0.13.hdf5
Epoch 4/100
 - 632s - loss: 0.1257 - mean_squared_error: 0.1257 - acc: 0.4848 - val_loss: 0.1239 - val_mean_squared_error: 0.1239 - val_acc: 0.4948

Epoch 00004: val_loss improved from 0.12673 to 0.12392, saving model to cnn8_f32k5_f32k3_lr001.04-0.12.hdf5
Epoch 5/100
 - 633s - loss: 0.1223 - mean_squared_error: 0.1223 - acc: 0.5044 - val_loss: 0.1201 - val_mean_squared_error: 0.1201 - val_acc: 0.5170

Epoch 00005: val_loss improved from 0.12392 to 0.12012, saving model to cnn8_f32k5_f32k3_lr001.05-0.12.hdf5
Epoch 6/100
 - 634s - loss: 0.1149 - mean_squared_error: 0.1149 - acc: 0.5477 - val_loss: 0.1090 - val_mean_squared_error: 0.1090 - val_acc: 0.5777

Epoch 00006: val_loss improved from 0.12012 to 0.10903, saving model to cnn8_f32k5_f32k3_lr001.06-0.11.hdf5
Epoch 7/100
 - 636s - loss: 0.1023 - mean_squared_error: 0.1023 - acc: 0.6102 - val_loss: 0.0943 - val_mean_squared_error: 0.0943 - val_acc: 0.6481

Epoch 00007: val_loss improved from 0.10903 to 0.09427, saving model to cnn8_f32k5_f32k3_lr001.07-0.09.hdf5
Epoch 8/100
 - 637s - loss: 0.0854 - mean_squared_error: 0.0854 - acc: 0.6881 - val_loss: 0.0754 - val_mean_squared_error: 0.0754 - val_acc: 0.7339

Epoch 00008: val_loss improved from 0.09427 to 0.07539, saving model to cnn8_f32k5_f32k3_lr001.08-0.08.hdf5
Epoch 9/100
 - 635s - loss: 0.0677 - mean_squared_error: 0.0677 - acc: 0.7644 - val_loss: 0.0610 - val_mean_squared_error: 0.0610 - val_acc: 0.7904

Epoch 00009: val_loss improved from 0.07539 to 0.06105, saving model to cnn8_f32k5_f32k3_lr001.09-0.06.hdf5
Epoch 10/100
 - 636s - loss: 0.0560 - mean_squared_error: 0.0560 - acc: 0.8083 - val_loss: 0.0516 - val_mean_squared_error: 0.0516 - val_acc: 0.8241

Epoch 00010: val_loss improved from 0.06105 to 0.05158, saving model to cnn8_f32k5_f32k3_lr001.10-0.05.hdf5
Epoch 11/100
 - 634s - loss: 0.0483 - mean_squared_error: 0.0483 - acc: 0.8363 - val_loss: 0.0456 - val_mean_squared_error: 0.0456 - val_acc: 0.8459

Epoch 00011: val_loss improved from 0.05158 to 0.04560, saving model to cnn8_f32k5_f32k3_lr001.11-0.05.hdf5
Epoch 12/100
 - 636s - loss: 0.0427 - mean_squared_error: 0.0427 - acc: 0.8556 - val_loss: 0.0399 - val_mean_squared_error: 0.0399 - val_acc: 0.8649

Epoch 00012: val_loss improved from 0.04560 to 0.03990, saving model to cnn8_f32k5_f32k3_lr001.12-0.04.hdf5
Epoch 13/100
 - 634s - loss: 0.0386 - mean_squared_error: 0.0386 - acc: 0.8695 - val_loss: 0.0372 - val_mean_squared_error: 0.0372 - val_acc: 0.8747

Epoch 00013: val_loss improved from 0.03990 to 0.03718, saving model to cnn8_f32k5_f32k3_lr001.13-0.04.hdf5
Epoch 14/100
 - 636s - loss: 0.0355 - mean_squared_error: 0.0355 - acc: 0.8807 - val_loss: 0.0341 - val_mean_squared_error: 0.0341 - val_acc: 0.8846

Epoch 00014: val_loss improved from 0.03718 to 0.03406, saving model to cnn8_f32k5_f32k3_lr001.14-0.03.hdf5
Epoch 15/100
 - 636s - loss: 0.0330 - mean_squared_error: 0.0330 - acc: 0.8888 - val_loss: 0.0323 - val_mean_squared_error: 0.0323 - val_acc: 0.8906

Epoch 00015: val_loss improved from 0.03406 to 0.03225, saving model to cnn8_f32k5_f32k3_lr001.15-0.03.hdf5
Epoch 16/100
 - 637s - loss: 0.0313 - mean_squared_error: 0.0313 - acc: 0.8945 - val_loss: 0.0306 - val_mean_squared_error: 0.0306 - val_acc: 0.8961

Epoch 00016: val_loss improved from 0.03225 to 0.03061, saving model to cnn8_f32k5_f32k3_lr001.16-0.03.hdf5
Epoch 17/100
 - 635s - loss: 0.0298 - mean_squared_error: 0.0298 - acc: 0.8994 - val_loss: 0.0291 - val_mean_squared_error: 0.0291 - val_acc: 0.9011

Epoch 00017: val_loss improved from 0.03061 to 0.02914, saving model to cnn8_f32k5_f32k3_lr001.17-0.03.hdf5
Epoch 18/100
 - 635s - loss: 0.0287 - mean_squared_error: 0.0287 - acc: 0.9032 - val_loss: 0.0282 - val_mean_squared_error: 0.0282 - val_acc: 0.9043

Epoch 00018: val_loss improved from 0.02914 to 0.02819, saving model to cnn8_f32k5_f32k3_lr001.18-0.03.hdf5
Epoch 19/100
 - 632s - loss: 0.0277 - mean_squared_error: 0.0277 - acc: 0.9066 - val_loss: 0.0279 - val_mean_squared_error: 0.0279 - val_acc: 0.9051

Epoch 00019: val_loss improved from 0.02819 to 0.02795, saving model to cnn8_f32k5_f32k3_lr001.19-0.03.hdf5
Epoch 20/100
 - 634s - loss: 0.0269 - mean_squared_error: 0.0269 - acc: 0.9089 - val_loss: 0.0267 - val_mean_squared_error: 0.0267 - val_acc: 0.9091

Epoch 00020: val_loss improved from 0.02795 to 0.02666, saving model to cnn8_f32k5_f32k3_lr001.20-0.03.hdf5
Epoch 21/100
 - 633s - loss: 0.0262 - mean_squared_error: 0.0262 - acc: 0.9113 - val_loss: 0.0262 - val_mean_squared_error: 0.0262 - val_acc: 0.9108

Epoch 00021: val_loss improved from 0.02666 to 0.02624, saving model to cnn8_f32k5_f32k3_lr001.21-0.03.hdf5
Epoch 22/100
 - 633s - loss: 0.0255 - mean_squared_error: 0.0255 - acc: 0.9136 - val_loss: 0.0256 - val_mean_squared_error: 0.0256 - val_acc: 0.9129

Epoch 00022: val_loss improved from 0.02624 to 0.02565, saving model to cnn8_f32k5_f32k3_lr001.22-0.03.hdf5
Epoch 23/100
 - 634s - loss: 0.0250 - mean_squared_error: 0.0250 - acc: 0.9153 - val_loss: 0.0250 - val_mean_squared_error: 0.0250 - val_acc: 0.9152

Epoch 00023: val_loss improved from 0.02565 to 0.02496, saving model to cnn8_f32k5_f32k3_lr001.23-0.02.hdf5
Epoch 24/100
 - 635s - loss: 0.0245 - mean_squared_error: 0.0245 - acc: 0.9171 - val_loss: 0.0247 - val_mean_squared_error: 0.0247 - val_acc: 0.9158

Epoch 00024: val_loss improved from 0.02496 to 0.02475, saving model to cnn8_f32k5_f32k3_lr001.24-0.02.hdf5
Epoch 25/100
 - 632s - loss: 0.0240 - mean_squared_error: 0.0240 - acc: 0.9186 - val_loss: 0.0249 - val_mean_squared_error: 0.0249 - val_acc: 0.9156

Epoch 00025: val_loss did not improve from 0.02475
Epoch 26/100
 - 633s - loss: 0.0236 - mean_squared_error: 0.0236 - acc: 0.9199 - val_loss: 0.0236 - val_mean_squared_error: 0.0236 - val_acc: 0.9196

Epoch 00026: val_loss improved from 0.02475 to 0.02358, saving model to cnn8_f32k5_f32k3_lr001.26-0.02.hdf5
Epoch 27/100
 - 631s - loss: 0.0233 - mean_squared_error: 0.0233 - acc: 0.9210 - val_loss: 0.0243 - val_mean_squared_error: 0.0243 - val_acc: 0.9172

Epoch 00027: val_loss did not improve from 0.02358
Epoch 28/100
 - 636s - loss: 0.0230 - mean_squared_error: 0.0230 - acc: 0.9220 - val_loss: 0.0243 - val_mean_squared_error: 0.0243 - val_acc: 0.9170

Epoch 00028: val_loss did not improve from 0.02358
Epoch 29/100
 - 637s - loss: 0.0227 - mean_squared_error: 0.0227 - acc: 0.9233 - val_loss: 0.0238 - val_mean_squared_error: 0.0238 - val_acc: 0.9194

Epoch 00029: val_loss did not improve from 0.02358
Epoch 30/100
 - 637s - loss: 0.0224 - mean_squared_error: 0.0224 - acc: 0.9242 - val_loss: 0.0233 - val_mean_squared_error: 0.0233 - val_acc: 0.9211

Epoch 00030: val_loss improved from 0.02358 to 0.02327, saving model to cnn8_f32k5_f32k3_lr001.30-0.02.hdf5
Epoch 31/100
 - 638s - loss: 0.0222 - mean_squared_error: 0.0222 - acc: 0.9249 - val_loss: 0.0228 - val_mean_squared_error: 0.0228 - val_acc: 0.9228

Epoch 00031: val_loss improved from 0.02327 to 0.02275, saving model to cnn8_f32k5_f32k3_lr001.31-0.02.hdf5
Epoch 32/100
 - 641s - loss: 0.0219 - mean_squared_error: 0.0219 - acc: 0.9257 - val_loss: 0.0230 - val_mean_squared_error: 0.0230 - val_acc: 0.9215

Epoch 00032: val_loss did not improve from 0.02275
Epoch 33/100
 - 639s - loss: 0.0217 - mean_squared_error: 0.0217 - acc: 0.9264 - val_loss: 0.0228 - val_mean_squared_error: 0.0228 - val_acc: 0.9228

Epoch 00033: val_loss did not improve from 0.02275
Epoch 34/100
 - 640s - loss: 0.0215 - mean_squared_error: 0.0215 - acc: 0.9269 - val_loss: 0.0228 - val_mean_squared_error: 0.0228 - val_acc: 0.9223

Epoch 00034: val_loss did not improve from 0.02275
Epoch 35/100
 - 638s - loss: 0.0213 - mean_squared_error: 0.0213 - acc: 0.9279 - val_loss: 0.0221 - val_mean_squared_error: 0.0221 - val_acc: 0.9247

Epoch 00035: val_loss improved from 0.02275 to 0.02207, saving model to cnn8_f32k5_f32k3_lr001.35-0.02.hdf5
Epoch 36/100
 - 641s - loss: 0.0212 - mean_squared_error: 0.0212 - acc: 0.9284 - val_loss: 0.0223 - val_mean_squared_error: 0.0223 - val_acc: 0.9243

Epoch 00036: val_loss did not improve from 0.02207
Epoch 37/100
 - 637s - loss: 0.0210 - mean_squared_error: 0.0210 - acc: 0.9289 - val_loss: 0.0220 - val_mean_squared_error: 0.0220 - val_acc: 0.9252

Epoch 00037: val_loss improved from 0.02207 to 0.02202, saving model to cnn8_f32k5_f32k3_lr001.37-0.02.hdf5
Epoch 38/100
 - 641s - loss: 0.0209 - mean_squared_error: 0.0209 - acc: 0.9292 - val_loss: 0.0220 - val_mean_squared_error: 0.0220 - val_acc: 0.9250

Epoch 00038: val_loss did not improve from 0.02202
Epoch 39/100
 - 638s - loss: 0.0208 - mean_squared_error: 0.0208 - acc: 0.9297 - val_loss: 0.0214 - val_mean_squared_error: 0.0214 - val_acc: 0.9272

Epoch 00039: val_loss improved from 0.02202 to 0.02145, saving model to cnn8_f32k5_f32k3_lr001.39-0.02.hdf5
Epoch 40/100
 - 637s - loss: 0.0206 - mean_squared_error: 0.0206 - acc: 0.9301 - val_loss: 0.0222 - val_mean_squared_error: 0.0222 - val_acc: 0.9245

Epoch 00040: val_loss did not improve from 0.02145
Epoch 41/100
 - 636s - loss: 0.0205 - mean_squared_error: 0.0205 - acc: 0.9307 - val_loss: 0.0214 - val_mean_squared_error: 0.0214 - val_acc: 0.9269

Epoch 00041: val_loss improved from 0.02145 to 0.02143, saving model to cnn8_f32k5_f32k3_lr001.41-0.02.hdf5
Epoch 42/100
 - 639s - loss: 0.0204 - mean_squared_error: 0.0204 - acc: 0.9312 - val_loss: 0.0213 - val_mean_squared_error: 0.0213 - val_acc: 0.9274

Epoch 00042: val_loss improved from 0.02143 to 0.02132, saving model to cnn8_f32k5_f32k3_lr001.42-0.02.hdf5
Epoch 43/100
 - 636s - loss: 0.0202 - mean_squared_error: 0.0202 - acc: 0.9315 - val_loss: 0.0216 - val_mean_squared_error: 0.0216 - val_acc: 0.9262

Epoch 00043: val_loss did not improve from 0.02132
Epoch 44/100
 - 640s - loss: 0.0201 - mean_squared_error: 0.0201 - acc: 0.9320 - val_loss: 0.0212 - val_mean_squared_error: 0.0212 - val_acc: 0.9276

Epoch 00044: val_loss improved from 0.02132 to 0.02122, saving model to cnn8_f32k5_f32k3_lr001.44-0.02.hdf5
Epoch 45/100
 - 639s - loss: 0.0200 - mean_squared_error: 0.0200 - acc: 0.9322 - val_loss: 0.0216 - val_mean_squared_error: 0.0216 - val_acc: 0.9261

Epoch 00045: val_loss did not improve from 0.02122
Epoch 46/100
 - 638s - loss: 0.0199 - mean_squared_error: 0.0199 - acc: 0.9327 - val_loss: 0.0224 - val_mean_squared_error: 0.0224 - val_acc: 0.9232

Epoch 00046: val_loss did not improve from 0.02122
Epoch 47/100
 - 639s - loss: 0.0198 - mean_squared_error: 0.0198 - acc: 0.9329 - val_loss: 0.0211 - val_mean_squared_error: 0.0211 - val_acc: 0.9283

Epoch 00047: val_loss improved from 0.02122 to 0.02107, saving model to cnn8_f32k5_f32k3_lr001.47-0.02.hdf5
Epoch 48/100
 - 638s - loss: 0.0197 - mean_squared_error: 0.0197 - acc: 0.9331 - val_loss: 0.0211 - val_mean_squared_error: 0.0211 - val_acc: 0.9285

Epoch 00048: val_loss did not improve from 0.02107
Epoch 49/100
 - 635s - loss: 0.0196 - mean_squared_error: 0.0196 - acc: 0.9334 - val_loss: 0.0211 - val_mean_squared_error: 0.0211 - val_acc: 0.9281

Epoch 00049: val_loss did not improve from 0.02107
Epoch 50/100
 - 638s - loss: 0.0196 - mean_squared_error: 0.0196 - acc: 0.9339 - val_loss: 0.0210 - val_mean_squared_error: 0.0210 - val_acc: 0.9275

Epoch 00050: val_loss improved from 0.02107 to 0.02104, saving model to cnn8_f32k5_f32k3_lr001.50-0.02.hdf5
Epoch 51/100
 - 638s - loss: 0.0195 - mean_squared_error: 0.0195 - acc: 0.9342 - val_loss: 0.0212 - val_mean_squared_error: 0.0212 - val_acc: 0.9284

Epoch 00051: val_loss did not improve from 0.02104
Epoch 52/100
 - 639s - loss: 0.0194 - mean_squared_error: 0.0194 - acc: 0.9344 - val_loss: 0.0208 - val_mean_squared_error: 0.0208 - val_acc: 0.9294

Epoch 00052: val_loss improved from 0.02104 to 0.02085, saving model to cnn8_f32k5_f32k3_lr001.52-0.02.hdf5
Epoch 53/100
 - 641s - loss: 0.0193 - mean_squared_error: 0.0193 - acc: 0.9346 - val_loss: 0.0211 - val_mean_squared_error: 0.0211 - val_acc: 0.9282

Epoch 00053: val_loss did not improve from 0.02085
Epoch 54/100
 - 641s - loss: 0.0192 - mean_squared_error: 0.0192 - acc: 0.9349 - val_loss: 0.0209 - val_mean_squared_error: 0.0209 - val_acc: 0.9290

Epoch 00054: val_loss did not improve from 0.02085
Epoch 55/100
 - 640s - loss: 0.0192 - mean_squared_error: 0.0192 - acc: 0.9350 - val_loss: 0.0209 - val_mean_squared_error: 0.0209 - val_acc: 0.9286

Epoch 00055: val_loss did not improve from 0.02085
Epoch 56/100
 - 640s - loss: 0.0191 - mean_squared_error: 0.0191 - acc: 0.9355 - val_loss: 0.0203 - val_mean_squared_error: 0.0203 - val_acc: 0.9313

Epoch 00056: val_loss improved from 0.02085 to 0.02025, saving model to cnn8_f32k5_f32k3_lr001.56-0.02.hdf5
Epoch 57/100
 - 639s - loss: 0.0190 - mean_squared_error: 0.0190 - acc: 0.9356 - val_loss: 0.0204 - val_mean_squared_error: 0.0204 - val_acc: 0.9305

Epoch 00057: val_loss did not improve from 0.02025
Epoch 58/100
 - 640s - loss: 0.0190 - mean_squared_error: 0.0190 - acc: 0.9359 - val_loss: 0.0210 - val_mean_squared_error: 0.0210 - val_acc: 0.9287

Epoch 00058: val_loss did not improve from 0.02025
Epoch 59/100
 - 640s - loss: 0.0189 - mean_squared_error: 0.0189 - acc: 0.9360 - val_loss: 0.0208 - val_mean_squared_error: 0.0208 - val_acc: 0.9293

Epoch 00059: val_loss did not improve from 0.02025
Epoch 60/100
 - 639s - loss: 0.0189 - mean_squared_error: 0.0189 - acc: 0.9362 - val_loss: 0.0204 - val_mean_squared_error: 0.0204 - val_acc: 0.9303

Epoch 00060: val_loss did not improve from 0.02025
Epoch 61/100
 - 639s - loss: 0.0188 - mean_squared_error: 0.0188 - acc: 0.9366 - val_loss: 0.0208 - val_mean_squared_error: 0.0208 - val_acc: 0.9287

Epoch 00061: val_loss did not improve from 0.02025
Epoch 62/100
 - 641s - loss: 0.0188 - mean_squared_error: 0.0188 - acc: 0.9367 - val_loss: 0.0203 - val_mean_squared_error: 0.0203 - val_acc: 0.9306

Epoch 00062: val_loss did not improve from 0.02025
Epoch 63/100
 - 640s - loss: 0.0187 - mean_squared_error: 0.0187 - acc: 0.9365 - val_loss: 0.0203 - val_mean_squared_error: 0.0203 - val_acc: 0.9308

Epoch 00063: val_loss did not improve from 0.02025
Epoch 64/100
 - 639s - loss: 0.0187 - mean_squared_error: 0.0187 - acc: 0.9371 - val_loss: 0.0204 - val_mean_squared_error: 0.0204 - val_acc: 0.9305

Epoch 00064: val_loss did not improve from 0.02025
Epoch 65/100
 - 640s - loss: 0.0186 - mean_squared_error: 0.0186 - acc: 0.9370 - val_loss: 0.0203 - val_mean_squared_error: 0.0203 - val_acc: 0.9308

Epoch 00065: val_loss did not improve from 0.02025
Epoch 66/100
 - 640s - loss: 0.0186 - mean_squared_error: 0.0186 - acc: 0.9373 - val_loss: 0.0202 - val_mean_squared_error: 0.0202 - val_acc: 0.9314

Epoch 00066: val_loss improved from 0.02025 to 0.02019, saving model to cnn8_f32k5_f32k3_lr001.66-0.02.hdf5
Epoch 67/100
 - 640s - loss: 0.0185 - mean_squared_error: 0.0185 - acc: 0.9374 - val_loss: 0.0202 - val_mean_squared_error: 0.0202 - val_acc: 0.9316

Epoch 00067: val_loss improved from 0.02019 to 0.02017, saving model to cnn8_f32k5_f32k3_lr001.67-0.02.hdf5
Epoch 68/100
 - 642s - loss: 0.0185 - mean_squared_error: 0.0185 - acc: 0.9377 - val_loss: 0.0201 - val_mean_squared_error: 0.0201 - val_acc: 0.9317

Epoch 00068: val_loss improved from 0.02017 to 0.02010, saving model to cnn8_f32k5_f32k3_lr001.68-0.02.hdf5
Epoch 69/100
 - 645s - loss: 0.0185 - mean_squared_error: 0.0185 - acc: 0.9378 - val_loss: 0.0203 - val_mean_squared_error: 0.0203 - val_acc: 0.9306

Epoch 00069: val_loss did not improve from 0.02010
Epoch 70/100
 - 647s - loss: 0.0184 - mean_squared_error: 0.0184 - acc: 0.9380 - val_loss: 0.0201 - val_mean_squared_error: 0.0201 - val_acc: 0.9317

Epoch 00070: val_loss improved from 0.02010 to 0.02008, saving model to cnn8_f32k5_f32k3_lr001.70-0.02.hdf5
Epoch 71/100
 - 646s - loss: 0.0183 - mean_squared_error: 0.0183 - acc: 0.9380 - val_loss: 0.0203 - val_mean_squared_error: 0.0203 - val_acc: 0.9311

Epoch 00071: val_loss did not improve from 0.02008
Epoch 72/100
 - 639s - loss: 0.0183 - mean_squared_error: 0.0183 - acc: 0.9384 - val_loss: 0.0199 - val_mean_squared_error: 0.0199 - val_acc: 0.9321

Epoch 00072: val_loss improved from 0.02008 to 0.01987, saving model to cnn8_f32k5_f32k3_lr001.72-0.02.hdf5
Epoch 73/100
 - 640s - loss: 0.0183 - mean_squared_error: 0.0183 - acc: 0.9383 - val_loss: 0.0203 - val_mean_squared_error: 0.0203 - val_acc: 0.9309

Epoch 00073: val_loss did not improve from 0.01987
Epoch 74/100
 - 641s - loss: 0.0182 - mean_squared_error: 0.0182 - acc: 0.9384 - val_loss: 0.0203 - val_mean_squared_error: 0.0203 - val_acc: 0.9311

Epoch 00074: val_loss did not improve from 0.01987
Epoch 75/100
 - 641s - loss: 0.0182 - mean_squared_error: 0.0182 - acc: 0.9388 - val_loss: 0.0203 - val_mean_squared_error: 0.0203 - val_acc: 0.9310

Epoch 00075: val_loss did not improve from 0.01987
Epoch 76/100
 - 643s - loss: 0.0182 - mean_squared_error: 0.0182 - acc: 0.9385 - val_loss: 0.0203 - val_mean_squared_error: 0.0203 - val_acc: 0.9308

Epoch 00076: val_loss did not improve from 0.01987
Epoch 77/100
 - 642s - loss: 0.0181 - mean_squared_error: 0.0181 - acc: 0.9390 - val_loss: 0.0200 - val_mean_squared_error: 0.0200 - val_acc: 0.9319

Epoch 00077: val_loss did not improve from 0.01987
Epoch 78/100
 - 644s - loss: 0.0181 - mean_squared_error: 0.0181 - acc: 0.9390 - val_loss: 0.0206 - val_mean_squared_error: 0.0206 - val_acc: 0.9302

Epoch 00078: val_loss did not improve from 0.01987
Epoch 79/100
 - 642s - loss: 0.0181 - mean_squared_error: 0.0181 - acc: 0.9391 - val_loss: 0.0204 - val_mean_squared_error: 0.0204 - val_acc: 0.9309

Epoch 00079: val_loss did not improve from 0.01987
Epoch 80/100
 - 643s - loss: 0.0180 - mean_squared_error: 0.0180 - acc: 0.9390 - val_loss: 0.0199 - val_mean_squared_error: 0.0199 - val_acc: 0.9326

Epoch 00080: val_loss improved from 0.01987 to 0.01987, saving model to cnn8_f32k5_f32k3_lr001.80-0.02.hdf5
Epoch 81/100
 - 641s - loss: 0.0180 - mean_squared_error: 0.0180 - acc: 0.9393 - val_loss: 0.0205 - val_mean_squared_error: 0.0205 - val_acc: 0.9302

Epoch 00081: val_loss did not improve from 0.01987
Epoch 82/100
 - 641s - loss: 0.0180 - mean_squared_error: 0.0180 - acc: 0.9395 - val_loss: 0.0202 - val_mean_squared_error: 0.0202 - val_acc: 0.9310

Epoch 00082: val_loss did not improve from 0.01987
Epoch 83/100
 - 646s - loss: 0.0180 - mean_squared_error: 0.0180 - acc: 0.9392 - val_loss: 0.0196 - val_mean_squared_error: 0.0196 - val_acc: 0.9336

Epoch 00083: val_loss improved from 0.01987 to 0.01958, saving model to cnn8_f32k5_f32k3_lr001.83-0.02.hdf5
Epoch 84/100
 - 646s - loss: 0.0179 - mean_squared_error: 0.0179 - acc: 0.9395 - val_loss: 0.0206 - val_mean_squared_error: 0.0206 - val_acc: 0.9305

Epoch 00084: val_loss did not improve from 0.01958
Epoch 85/100
 - 645s - loss: 0.0179 - mean_squared_error: 0.0179 - acc: 0.9396 - val_loss: 0.0200 - val_mean_squared_error: 0.0200 - val_acc: 0.9328

Epoch 00085: val_loss did not improve from 0.01958
Epoch 86/100
 - 645s - loss: 0.0178 - mean_squared_error: 0.0178 - acc: 0.9397 - val_loss: 0.0197 - val_mean_squared_error: 0.0197 - val_acc: 0.9331

Epoch 00086: val_loss did not improve from 0.01958
Epoch 87/100
 - 646s - loss: 0.0178 - mean_squared_error: 0.0178 - acc: 0.9397 - val_loss: 0.0200 - val_mean_squared_error: 0.0200 - val_acc: 0.9317

Epoch 00087: val_loss did not improve from 0.01958
Epoch 88/100
 - 647s - loss: 0.0178 - mean_squared_error: 0.0178 - acc: 0.9403 - val_loss: 0.0200 - val_mean_squared_error: 0.0200 - val_acc: 0.9322

Epoch 00088: val_loss did not improve from 0.01958
Epoch 89/100
 - 646s - loss: 0.0178 - mean_squared_error: 0.0178 - acc: 0.9403 - val_loss: 0.0200 - val_mean_squared_error: 0.0200 - val_acc: 0.9321

Epoch 00089: val_loss did not improve from 0.01958
Epoch 90/100
 - 647s - loss: 0.0177 - mean_squared_error: 0.0177 - acc: 0.9405 - val_loss: 0.0202 - val_mean_squared_error: 0.0202 - val_acc: 0.9313

Epoch 00090: val_loss did not improve from 0.01958
Epoch 91/100
 - 647s - loss: 0.0177 - mean_squared_error: 0.0177 - acc: 0.9402 - val_loss: 0.0202 - val_mean_squared_error: 0.0202 - val_acc: 0.9309

Epoch 00091: val_loss did not improve from 0.01958
Epoch 92/100
 - 647s - loss: 0.0177 - mean_squared_error: 0.0177 - acc: 0.9406 - val_loss: 0.0196 - val_mean_squared_error: 0.0196 - val_acc: 0.9340

Epoch 00092: val_loss did not improve from 0.01958
Epoch 93/100
 - 646s - loss: 0.0177 - mean_squared_error: 0.0177 - acc: 0.9405 - val_loss: 0.0200 - val_mean_squared_error: 0.0200 - val_acc: 0.9322

Epoch 00093: val_loss did not improve from 0.01958
Epoch 94/100
 - 647s - loss: 0.0176 - mean_squared_error: 0.0176 - acc: 0.9405 - val_loss: 0.0200 - val_mean_squared_error: 0.0200 - val_acc: 0.9327

Epoch 00094: val_loss did not improve from 0.01958
Epoch 95/100
 - 646s - loss: 0.0176 - mean_squared_error: 0.0176 - acc: 0.9407 - val_loss: 0.0202 - val_mean_squared_error: 0.0202 - val_acc: 0.9314

Epoch 00095: val_loss did not improve from 0.01958
Epoch 96/100
 - 648s - loss: 0.0176 - mean_squared_error: 0.0176 - acc: 0.9408 - val_loss: 0.0195 - val_mean_squared_error: 0.0195 - val_acc: 0.9335

Epoch 00096: val_loss improved from 0.01958 to 0.01952, saving model to cnn8_f32k5_f32k3_lr001.96-0.02.hdf5
Epoch 97/100
 - 654s - loss: 0.0176 - mean_squared_error: 0.0176 - acc: 0.9410 - val_loss: 0.0200 - val_mean_squared_error: 0.0200 - val_acc: 0.9321

Epoch 00097: val_loss did not improve from 0.01952
Epoch 98/100
 - 647s - loss: 0.0175 - mean_squared_error: 0.0175 - acc: 0.9407 - val_loss: 0.0196 - val_mean_squared_error: 0.0196 - val_acc: 0.9335

Epoch 00098: val_loss did not improve from 0.01952
Epoch 99/100
 - 648s - loss: 0.0175 - mean_squared_error: 0.0175 - acc: 0.9412 - val_loss: 0.0195 - val_mean_squared_error: 0.0195 - val_acc: 0.9341

Epoch 00099: val_loss improved from 0.01952 to 0.01949, saving model to cnn8_f32k5_f32k3_lr001.99-0.02.hdf5
Epoch 100/100
 - 650s - loss: 0.0175 - mean_squared_error: 0.0175 - acc: 0.9411 - val_loss: 0.0200 - val_mean_squared_error: 0.0200 - val_acc: 0.9319
Using TensorFlow backend.

Epoch 00100: val_loss did not improve from 0.01949
