2018-10-15 22:53:01.647479: I tensorflow/core/platform/cpu_feature_guard.cc:141] Your CPU supports instructions that this TensorFlow binary was not compiled to use: AVX2 FMA
6cnn
making model
creating graph
loading json
prepping data
training model
Train on 800000 samples, validate on 200000 samples
Epoch 1/100
 - 533s - loss: 0.1459 - mean_squared_error: 0.1459 - acc: 0.3543 - val_loss: 0.1339 - val_mean_squared_error: 0.1339 - val_acc: 0.4372

Epoch 00001: val_loss improved from inf to 0.13388, saving model to cnn6_f32k5_f32k3_lr001.01-0.13.hdf5
Epoch 2/100
 - 531s - loss: 0.1261 - mean_squared_error: 0.1261 - acc: 0.4822 - val_loss: 0.1225 - val_mean_squared_error: 0.1225 - val_acc: 0.5027

Epoch 00002: val_loss improved from 0.13388 to 0.12249, saving model to cnn6_f32k5_f32k3_lr001.02-0.12.hdf5
Epoch 3/100
 - 532s - loss: 0.1198 - mean_squared_error: 0.1198 - acc: 0.5160 - val_loss: 0.1171 - val_mean_squared_error: 0.1171 - val_acc: 0.5311

Epoch 00003: val_loss improved from 0.12249 to 0.11708, saving model to cnn6_f32k5_f32k3_lr001.03-0.12.hdf5
Epoch 4/100
 - 529s - loss: 0.1138 - mean_squared_error: 0.1138 - acc: 0.5482 - val_loss: 0.1091 - val_mean_squared_error: 0.1091 - val_acc: 0.5740

Epoch 00004: val_loss improved from 0.11708 to 0.10907, saving model to cnn6_f32k5_f32k3_lr001.04-0.11.hdf5
Epoch 5/100
 - 525s - loss: 0.1009 - mean_squared_error: 0.1009 - acc: 0.6141 - val_loss: 0.0915 - val_mean_squared_error: 0.0915 - val_acc: 0.6591

Epoch 00005: val_loss improved from 0.10907 to 0.09149, saving model to cnn6_f32k5_f32k3_lr001.05-0.09.hdf5
Epoch 6/100
 - 532s - loss: 0.0840 - mean_squared_error: 0.0840 - acc: 0.6931 - val_loss: 0.0750 - val_mean_squared_error: 0.0750 - val_acc: 0.7337

Epoch 00006: val_loss improved from 0.09149 to 0.07495, saving model to cnn6_f32k5_f32k3_lr001.06-0.07.hdf5
Epoch 7/100
 - 523s - loss: 0.0673 - mean_squared_error: 0.0673 - acc: 0.7666 - val_loss: 0.0601 - val_mean_squared_error: 0.0601 - val_acc: 0.7943

Epoch 00007: val_loss improved from 0.07495 to 0.06013, saving model to cnn6_f32k5_f32k3_lr001.07-0.06.hdf5
Epoch 8/100
 - 522s - loss: 0.0561 - mean_squared_error: 0.0561 - acc: 0.8084 - val_loss: 0.0516 - val_mean_squared_error: 0.0516 - val_acc: 0.8259

Epoch 00008: val_loss improved from 0.06013 to 0.05158, saving model to cnn6_f32k5_f32k3_lr001.08-0.05.hdf5
Epoch 9/100
 - 521s - loss: 0.0487 - mean_squared_error: 0.0487 - acc: 0.8359 - val_loss: 0.0453 - val_mean_squared_error: 0.0453 - val_acc: 0.8496

Epoch 00009: val_loss improved from 0.05158 to 0.04525, saving model to cnn6_f32k5_f32k3_lr001.09-0.05.hdf5
Epoch 10/100
 - 520s - loss: 0.0433 - mean_squared_error: 0.0433 - acc: 0.8549 - val_loss: 0.0408 - val_mean_squared_error: 0.0408 - val_acc: 0.8638

Epoch 00010: val_loss improved from 0.04525 to 0.04077, saving model to cnn6_f32k5_f32k3_lr001.10-0.04.hdf5
Epoch 11/100
 - 520s - loss: 0.0393 - mean_squared_error: 0.0393 - acc: 0.8679 - val_loss: 0.0374 - val_mean_squared_error: 0.0374 - val_acc: 0.8742

Epoch 00011: val_loss improved from 0.04077 to 0.03737, saving model to cnn6_f32k5_f32k3_lr001.11-0.04.hdf5
Epoch 12/100
 - 522s - loss: 0.0363 - mean_squared_error: 0.0363 - acc: 0.8777 - val_loss: 0.0352 - val_mean_squared_error: 0.0352 - val_acc: 0.8802

Epoch 00012: val_loss improved from 0.03737 to 0.03522, saving model to cnn6_f32k5_f32k3_lr001.12-0.04.hdf5
Epoch 13/100
 - 520s - loss: 0.0341 - mean_squared_error: 0.0341 - acc: 0.8849 - val_loss: 0.0333 - val_mean_squared_error: 0.0333 - val_acc: 0.8871

Epoch 00013: val_loss improved from 0.03522 to 0.03334, saving model to cnn6_f32k5_f32k3_lr001.13-0.03.hdf5
Epoch 14/100
 - 527s - loss: 0.0324 - mean_squared_error: 0.0324 - acc: 0.8898 - val_loss: 0.0320 - val_mean_squared_error: 0.0320 - val_acc: 0.8913

Epoch 00014: val_loss improved from 0.03334 to 0.03195, saving model to cnn6_f32k5_f32k3_lr001.14-0.03.hdf5
Epoch 15/100
 - 521s - loss: 0.0311 - mean_squared_error: 0.0311 - acc: 0.8941 - val_loss: 0.0306 - val_mean_squared_error: 0.0306 - val_acc: 0.8949

Epoch 00015: val_loss improved from 0.03195 to 0.03056, saving model to cnn6_f32k5_f32k3_lr001.15-0.03.hdf5
Epoch 16/100
 - 521s - loss: 0.0299 - mean_squared_error: 0.0299 - acc: 0.8974 - val_loss: 0.0294 - val_mean_squared_error: 0.0294 - val_acc: 0.8991

Epoch 00016: val_loss improved from 0.03056 to 0.02937, saving model to cnn6_f32k5_f32k3_lr001.16-0.03.hdf5
Epoch 17/100
 - 521s - loss: 0.0290 - mean_squared_error: 0.0290 - acc: 0.9002 - val_loss: 0.0294 - val_mean_squared_error: 0.0294 - val_acc: 0.8980

Epoch 00017: val_loss improved from 0.02937 to 0.02935, saving model to cnn6_f32k5_f32k3_lr001.17-0.03.hdf5
Epoch 18/100
 - 520s - loss: 0.0281 - mean_squared_error: 0.0281 - acc: 0.9031 - val_loss: 0.0277 - val_mean_squared_error: 0.0277 - val_acc: 0.9035

Epoch 00018: val_loss improved from 0.02935 to 0.02773, saving model to cnn6_f32k5_f32k3_lr001.18-0.03.hdf5
Epoch 19/100
 - 522s - loss: 0.0273 - mean_squared_error: 0.0273 - acc: 0.9052 - val_loss: 0.0273 - val_mean_squared_error: 0.0273 - val_acc: 0.9046

Epoch 00019: val_loss improved from 0.02773 to 0.02727, saving model to cnn6_f32k5_f32k3_lr001.19-0.03.hdf5
Epoch 20/100
 - 521s - loss: 0.0267 - mean_squared_error: 0.0267 - acc: 0.9070 - val_loss: 0.0268 - val_mean_squared_error: 0.0268 - val_acc: 0.9059

Epoch 00020: val_loss improved from 0.02727 to 0.02680, saving model to cnn6_f32k5_f32k3_lr001.20-0.03.hdf5
Epoch 21/100
 - 521s - loss: 0.0262 - mean_squared_error: 0.0262 - acc: 0.9086 - val_loss: 0.0261 - val_mean_squared_error: 0.0261 - val_acc: 0.9085

Epoch 00021: val_loss improved from 0.02680 to 0.02606, saving model to cnn6_f32k5_f32k3_lr001.21-0.03.hdf5
Epoch 22/100
 - 521s - loss: 0.0257 - mean_squared_error: 0.0257 - acc: 0.9099 - val_loss: 0.0260 - val_mean_squared_error: 0.0260 - val_acc: 0.9083

Epoch 00022: val_loss improved from 0.02606 to 0.02601, saving model to cnn6_f32k5_f32k3_lr001.22-0.03.hdf5
Epoch 23/100
 - 520s - loss: 0.0253 - mean_squared_error: 0.0253 - acc: 0.9111 - val_loss: 0.0257 - val_mean_squared_error: 0.0257 - val_acc: 0.9097

Epoch 00023: val_loss improved from 0.02601 to 0.02574, saving model to cnn6_f32k5_f32k3_lr001.23-0.03.hdf5
Epoch 24/100
 - 521s - loss: 0.0249 - mean_squared_error: 0.0249 - acc: 0.9120 - val_loss: 0.0250 - val_mean_squared_error: 0.0250 - val_acc: 0.9113

Epoch 00024: val_loss improved from 0.02574 to 0.02502, saving model to cnn6_f32k5_f32k3_lr001.24-0.03.hdf5
Epoch 25/100
 - 521s - loss: 0.0246 - mean_squared_error: 0.0246 - acc: 0.9125 - val_loss: 0.0248 - val_mean_squared_error: 0.0248 - val_acc: 0.9114

Epoch 00025: val_loss improved from 0.02502 to 0.02484, saving model to cnn6_f32k5_f32k3_lr001.25-0.02.hdf5
Epoch 26/100
 - 522s - loss: 0.0244 - mean_squared_error: 0.0244 - acc: 0.9135 - val_loss: 0.0247 - val_mean_squared_error: 0.0247 - val_acc: 0.9117

Epoch 00026: val_loss improved from 0.02484 to 0.02474, saving model to cnn6_f32k5_f32k3_lr001.26-0.02.hdf5
Epoch 27/100
 - 519s - loss: 0.0241 - mean_squared_error: 0.0241 - acc: 0.9139 - val_loss: 0.0244 - val_mean_squared_error: 0.0244 - val_acc: 0.9122

Epoch 00027: val_loss improved from 0.02474 to 0.02440, saving model to cnn6_f32k5_f32k3_lr001.27-0.02.hdf5
Epoch 28/100
 - 520s - loss: 0.0239 - mean_squared_error: 0.0239 - acc: 0.9146 - val_loss: 0.0243 - val_mean_squared_error: 0.0243 - val_acc: 0.9122

Epoch 00028: val_loss improved from 0.02440 to 0.02433, saving model to cnn6_f32k5_f32k3_lr001.28-0.02.hdf5
Epoch 29/100
 - 522s - loss: 0.0237 - mean_squared_error: 0.0237 - acc: 0.9152 - val_loss: 0.0240 - val_mean_squared_error: 0.0240 - val_acc: 0.9134

Epoch 00029: val_loss improved from 0.02433 to 0.02400, saving model to cnn6_f32k5_f32k3_lr001.29-0.02.hdf5
Epoch 30/100
 - 522s - loss: 0.0235 - mean_squared_error: 0.0235 - acc: 0.9157 - val_loss: 0.0238 - val_mean_squared_error: 0.0238 - val_acc: 0.9136

Epoch 00030: val_loss improved from 0.02400 to 0.02385, saving model to cnn6_f32k5_f32k3_lr001.30-0.02.hdf5
Epoch 31/100
 - 523s - loss: 0.0233 - mean_squared_error: 0.0233 - acc: 0.9161 - val_loss: 0.0238 - val_mean_squared_error: 0.0238 - val_acc: 0.9138

Epoch 00031: val_loss improved from 0.02385 to 0.02384, saving model to cnn6_f32k5_f32k3_lr001.31-0.02.hdf5
Epoch 32/100
 - 520s - loss: 0.0232 - mean_squared_error: 0.0232 - acc: 0.9166 - val_loss: 0.0240 - val_mean_squared_error: 0.0240 - val_acc: 0.9135

Epoch 00032: val_loss did not improve from 0.02384
Epoch 33/100
 - 518s - loss: 0.0231 - mean_squared_error: 0.0231 - acc: 0.9165 - val_loss: 0.0236 - val_mean_squared_error: 0.0236 - val_acc: 0.9134

Epoch 00033: val_loss improved from 0.02384 to 0.02359, saving model to cnn6_f32k5_f32k3_lr001.33-0.02.hdf5
Epoch 34/100
 - 516s - loss: 0.0229 - mean_squared_error: 0.0229 - acc: 0.9173 - val_loss: 0.0237 - val_mean_squared_error: 0.0237 - val_acc: 0.9133

Epoch 00034: val_loss did not improve from 0.02359
Epoch 35/100
 - 539s - loss: 0.0228 - mean_squared_error: 0.0228 - acc: 0.9172 - val_loss: 0.0233 - val_mean_squared_error: 0.0233 - val_acc: 0.9149

Epoch 00035: val_loss improved from 0.02359 to 0.02334, saving model to cnn6_f32k5_f32k3_lr001.35-0.02.hdf5
Epoch 36/100
 - 542s - loss: 0.0227 - mean_squared_error: 0.0227 - acc: 0.9178 - val_loss: 0.0236 - val_mean_squared_error: 0.0236 - val_acc: 0.9133

Epoch 00036: val_loss did not improve from 0.02334
Epoch 37/100
 - 543s - loss: 0.0226 - mean_squared_error: 0.0226 - acc: 0.9180 - val_loss: 0.0232 - val_mean_squared_error: 0.0232 - val_acc: 0.9148

Epoch 00037: val_loss improved from 0.02334 to 0.02323, saving model to cnn6_f32k5_f32k3_lr001.37-0.02.hdf5
Epoch 38/100
 - 542s - loss: 0.0225 - mean_squared_error: 0.0225 - acc: 0.9183 - val_loss: 0.0232 - val_mean_squared_error: 0.0232 - val_acc: 0.9145

Epoch 00038: val_loss improved from 0.02323 to 0.02318, saving model to cnn6_f32k5_f32k3_lr001.38-0.02.hdf5
Epoch 39/100
 - 544s - loss: 0.0224 - mean_squared_error: 0.0224 - acc: 0.9187 - val_loss: 0.0232 - val_mean_squared_error: 0.0232 - val_acc: 0.9141

Epoch 00039: val_loss improved from 0.02318 to 0.02317, saving model to cnn6_f32k5_f32k3_lr001.39-0.02.hdf5
Epoch 40/100
 - 542s - loss: 0.0223 - mean_squared_error: 0.0223 - acc: 0.9186 - val_loss: 0.0230 - val_mean_squared_error: 0.0230 - val_acc: 0.9156

Epoch 00040: val_loss improved from 0.02317 to 0.02298, saving model to cnn6_f32k5_f32k3_lr001.40-0.02.hdf5
Epoch 41/100
 - 541s - loss: 0.0222 - mean_squared_error: 0.0222 - acc: 0.9190 - val_loss: 0.0231 - val_mean_squared_error: 0.0231 - val_acc: 0.9147

Epoch 00041: val_loss did not improve from 0.02298
Epoch 42/100
 - 541s - loss: 0.0221 - mean_squared_error: 0.0221 - acc: 0.9191 - val_loss: 0.0231 - val_mean_squared_error: 0.0231 - val_acc: 0.9153

Epoch 00042: val_loss did not improve from 0.02298
Epoch 43/100
 - 536s - loss: 0.0221 - mean_squared_error: 0.0221 - acc: 0.9194 - val_loss: 0.0228 - val_mean_squared_error: 0.0228 - val_acc: 0.9155

Epoch 00043: val_loss improved from 0.02298 to 0.02278, saving model to cnn6_f32k5_f32k3_lr001.43-0.02.hdf5
Epoch 44/100
 - 540s - loss: 0.0220 - mean_squared_error: 0.0220 - acc: 0.9197 - val_loss: 0.0229 - val_mean_squared_error: 0.0229 - val_acc: 0.9154

Epoch 00044: val_loss did not improve from 0.02278
Epoch 45/100
 - 539s - loss: 0.0219 - mean_squared_error: 0.0219 - acc: 0.9198 - val_loss: 0.0229 - val_mean_squared_error: 0.0229 - val_acc: 0.9156

Epoch 00045: val_loss did not improve from 0.02278
Epoch 46/100
 - 539s - loss: 0.0219 - mean_squared_error: 0.0219 - acc: 0.9200 - val_loss: 0.0228 - val_mean_squared_error: 0.0228 - val_acc: 0.9155

Epoch 00046: val_loss did not improve from 0.02278
Epoch 47/100
 - 538s - loss: 0.0218 - mean_squared_error: 0.0218 - acc: 0.9202 - val_loss: 0.0228 - val_mean_squared_error: 0.0228 - val_acc: 0.9162

Epoch 00047: val_loss improved from 0.02278 to 0.02276, saving model to cnn6_f32k5_f32k3_lr001.47-0.02.hdf5
Epoch 48/100
 - 538s - loss: 0.0217 - mean_squared_error: 0.0217 - acc: 0.9204 - val_loss: 0.0228 - val_mean_squared_error: 0.0228 - val_acc: 0.9160

Epoch 00048: val_loss improved from 0.02276 to 0.02275, saving model to cnn6_f32k5_f32k3_lr001.48-0.02.hdf5
Epoch 49/100
 - 537s - loss: 0.0216 - mean_squared_error: 0.0216 - acc: 0.9205 - val_loss: 0.0228 - val_mean_squared_error: 0.0228 - val_acc: 0.9147

Epoch 00049: val_loss did not improve from 0.02275
Epoch 50/100
 - 537s - loss: 0.0216 - mean_squared_error: 0.0216 - acc: 0.9208 - val_loss: 0.0225 - val_mean_squared_error: 0.0225 - val_acc: 0.9166

Epoch 00050: val_loss improved from 0.02275 to 0.02252, saving model to cnn6_f32k5_f32k3_lr001.50-0.02.hdf5
Epoch 51/100
 - 539s - loss: 0.0216 - mean_squared_error: 0.0216 - acc: 0.9207 - val_loss: 0.0225 - val_mean_squared_error: 0.0225 - val_acc: 0.9164

Epoch 00051: val_loss improved from 0.02252 to 0.02249, saving model to cnn6_f32k5_f32k3_lr001.51-0.02.hdf5
Epoch 52/100
 - 538s - loss: 0.0215 - mean_squared_error: 0.0215 - acc: 0.9211 - val_loss: 0.0226 - val_mean_squared_error: 0.0226 - val_acc: 0.9167

Epoch 00052: val_loss did not improve from 0.02249
Epoch 53/100
 - 539s - loss: 0.0214 - mean_squared_error: 0.0214 - acc: 0.9210 - val_loss: 0.0224 - val_mean_squared_error: 0.0224 - val_acc: 0.9165

Epoch 00053: val_loss improved from 0.02249 to 0.02239, saving model to cnn6_f32k5_f32k3_lr001.53-0.02.hdf5
Epoch 54/100
 - 538s - loss: 0.0214 - mean_squared_error: 0.0214 - acc: 0.9213 - val_loss: 0.0225 - val_mean_squared_error: 0.0225 - val_acc: 0.9160

Epoch 00054: val_loss did not improve from 0.02239
Epoch 55/100
 - 540s - loss: 0.0213 - mean_squared_error: 0.0213 - acc: 0.9218 - val_loss: 0.0224 - val_mean_squared_error: 0.0224 - val_acc: 0.9163

Epoch 00055: val_loss improved from 0.02239 to 0.02236, saving model to cnn6_f32k5_f32k3_lr001.55-0.02.hdf5
Epoch 56/100
 - 538s - loss: 0.0213 - mean_squared_error: 0.0213 - acc: 0.9216 - val_loss: 0.0224 - val_mean_squared_error: 0.0224 - val_acc: 0.9163

Epoch 00056: val_loss did not improve from 0.02236
Epoch 57/100
 - 538s - loss: 0.0212 - mean_squared_error: 0.0212 - acc: 0.9218 - val_loss: 0.0225 - val_mean_squared_error: 0.0225 - val_acc: 0.9161

Epoch 00057: val_loss did not improve from 0.02236
Epoch 58/100
 - 535s - loss: 0.0212 - mean_squared_error: 0.0212 - acc: 0.9219 - val_loss: 0.0225 - val_mean_squared_error: 0.0225 - val_acc: 0.9162

Epoch 00058: val_loss did not improve from 0.02236
Epoch 59/100
 - 540s - loss: 0.0212 - mean_squared_error: 0.0212 - acc: 0.9218 - val_loss: 0.0222 - val_mean_squared_error: 0.0222 - val_acc: 0.9161

Epoch 00059: val_loss improved from 0.02236 to 0.02224, saving model to cnn6_f32k5_f32k3_lr001.59-0.02.hdf5
Epoch 60/100
 - 539s - loss: 0.0211 - mean_squared_error: 0.0211 - acc: 0.9222 - val_loss: 0.0220 - val_mean_squared_error: 0.0220 - val_acc: 0.9172

Epoch 00060: val_loss improved from 0.02224 to 0.02198, saving model to cnn6_f32k5_f32k3_lr001.60-0.02.hdf5
Epoch 61/100
 - 536s - loss: 0.0211 - mean_squared_error: 0.0211 - acc: 0.9223 - val_loss: 0.0227 - val_mean_squared_error: 0.0227 - val_acc: 0.9145

Epoch 00061: val_loss did not improve from 0.02198
Epoch 62/100
 - 538s - loss: 0.0210 - mean_squared_error: 0.0210 - acc: 0.9222 - val_loss: 0.0223 - val_mean_squared_error: 0.0223 - val_acc: 0.9169

Epoch 00062: val_loss did not improve from 0.02198
Epoch 63/100
 - 538s - loss: 0.0210 - mean_squared_error: 0.0210 - acc: 0.9222 - val_loss: 0.0221 - val_mean_squared_error: 0.0221 - val_acc: 0.9174

Epoch 00063: val_loss did not improve from 0.02198
Epoch 64/100
 - 537s - loss: 0.0210 - mean_squared_error: 0.0210 - acc: 0.9227 - val_loss: 0.0222 - val_mean_squared_error: 0.0222 - val_acc: 0.9168

Epoch 00064: val_loss did not improve from 0.02198
Epoch 65/100
 - 535s - loss: 0.0209 - mean_squared_error: 0.0209 - acc: 0.9224 - val_loss: 0.0223 - val_mean_squared_error: 0.0223 - val_acc: 0.9168

Epoch 00065: val_loss did not improve from 0.02198
Epoch 66/100
 - 536s - loss: 0.0209 - mean_squared_error: 0.0209 - acc: 0.9227 - val_loss: 0.0220 - val_mean_squared_error: 0.0220 - val_acc: 0.9174

Epoch 00066: val_loss did not improve from 0.02198
Epoch 67/100
 - 536s - loss: 0.0209 - mean_squared_error: 0.0209 - acc: 0.9227 - val_loss: 0.0223 - val_mean_squared_error: 0.0223 - val_acc: 0.9172

Epoch 00067: val_loss did not improve from 0.02198
Epoch 68/100
 - 535s - loss: 0.0208 - mean_squared_error: 0.0208 - acc: 0.9229 - val_loss: 0.0223 - val_mean_squared_error: 0.0223 - val_acc: 0.9171

Epoch 00068: val_loss did not improve from 0.02198
Epoch 69/100
 - 535s - loss: 0.0208 - mean_squared_error: 0.0208 - acc: 0.9231 - val_loss: 0.0220 - val_mean_squared_error: 0.0220 - val_acc: 0.9176

Epoch 00069: val_loss did not improve from 0.02198
Epoch 70/100
 - 537s - loss: 0.0208 - mean_squared_error: 0.0208 - acc: 0.9232 - val_loss: 0.0220 - val_mean_squared_error: 0.0220 - val_acc: 0.9174

Epoch 00070: val_loss did not improve from 0.02198
Epoch 71/100
 - 536s - loss: 0.0207 - mean_squared_error: 0.0207 - acc: 0.9232 - val_loss: 0.0220 - val_mean_squared_error: 0.0220 - val_acc: 0.9175

Epoch 00071: val_loss did not improve from 0.02198
Epoch 72/100
 - 538s - loss: 0.0207 - mean_squared_error: 0.0207 - acc: 0.9232 - val_loss: 0.0219 - val_mean_squared_error: 0.0219 - val_acc: 0.9179

Epoch 00072: val_loss improved from 0.02198 to 0.02194, saving model to cnn6_f32k5_f32k3_lr001.72-0.02.hdf5
Epoch 73/100
 - 523s - loss: 0.0207 - mean_squared_error: 0.0207 - acc: 0.9234 - val_loss: 0.0227 - val_mean_squared_error: 0.0227 - val_acc: 0.9151

Epoch 00073: val_loss did not improve from 0.02194
Epoch 74/100
 - 555s - loss: 0.0206 - mean_squared_error: 0.0206 - acc: 0.9235 - val_loss: 0.0219 - val_mean_squared_error: 0.0219 - val_acc: 0.9177

Epoch 00074: val_loss improved from 0.02194 to 0.02193, saving model to cnn6_f32k5_f32k3_lr001.74-0.02.hdf5
Epoch 75/100
 - 589s - loss: 0.0206 - mean_squared_error: 0.0206 - acc: 0.9236 - val_loss: 0.0221 - val_mean_squared_error: 0.0221 - val_acc: 0.9179

Epoch 00075: val_loss did not improve from 0.02193
Epoch 76/100
 - 595s - loss: 0.0206 - mean_squared_error: 0.0206 - acc: 0.9235 - val_loss: 0.0219 - val_mean_squared_error: 0.0219 - val_acc: 0.9173

Epoch 00076: val_loss did not improve from 0.02193
Epoch 77/100
 - 598s - loss: 0.0206 - mean_squared_error: 0.0206 - acc: 0.9235 - val_loss: 0.0218 - val_mean_squared_error: 0.0218 - val_acc: 0.9180

Epoch 00077: val_loss improved from 0.02193 to 0.02183, saving model to cnn6_f32k5_f32k3_lr001.77-0.02.hdf5
Epoch 78/100
 - 593s - loss: 0.0205 - mean_squared_error: 0.0205 - acc: 0.9239 - val_loss: 0.0219 - val_mean_squared_error: 0.0219 - val_acc: 0.9175

Epoch 00078: val_loss did not improve from 0.02183
Epoch 79/100
 - 594s - loss: 0.0205 - mean_squared_error: 0.0205 - acc: 0.9238 - val_loss: 0.0219 - val_mean_squared_error: 0.0219 - val_acc: 0.9172

Epoch 00079: val_loss did not improve from 0.02183
Epoch 80/100
 - 594s - loss: 0.0205 - mean_squared_error: 0.0205 - acc: 0.9241 - val_loss: 0.0219 - val_mean_squared_error: 0.0219 - val_acc: 0.9176

Epoch 00080: val_loss did not improve from 0.02183
Epoch 81/100
 - 594s - loss: 0.0205 - mean_squared_error: 0.0205 - acc: 0.9241 - val_loss: 0.0222 - val_mean_squared_error: 0.0222 - val_acc: 0.9169

Epoch 00081: val_loss did not improve from 0.02183
Epoch 82/100
 - 594s - loss: 0.0204 - mean_squared_error: 0.0204 - acc: 0.9240 - val_loss: 0.0223 - val_mean_squared_error: 0.0223 - val_acc: 0.9172

Epoch 00082: val_loss did not improve from 0.02183
Epoch 83/100
 - 595s - loss: 0.0204 - mean_squared_error: 0.0204 - acc: 0.9242 - val_loss: 0.0220 - val_mean_squared_error: 0.0220 - val_acc: 0.9173

Epoch 00083: val_loss did not improve from 0.02183
Epoch 84/100
 - 596s - loss: 0.0204 - mean_squared_error: 0.0204 - acc: 0.9244 - val_loss: 0.0220 - val_mean_squared_error: 0.0220 - val_acc: 0.9178

Epoch 00084: val_loss did not improve from 0.02183
Epoch 85/100
 - 593s - loss: 0.0204 - mean_squared_error: 0.0204 - acc: 0.9243 - val_loss: 0.0218 - val_mean_squared_error: 0.0218 - val_acc: 0.9177

Epoch 00085: val_loss improved from 0.02183 to 0.02178, saving model to cnn6_f32k5_f32k3_lr001.85-0.02.hdf5
Epoch 86/100
 - 595s - loss: 0.0204 - mean_squared_error: 0.0204 - acc: 0.9243 - val_loss: 0.0218 - val_mean_squared_error: 0.0218 - val_acc: 0.9180

Epoch 00086: val_loss improved from 0.02178 to 0.02178, saving model to cnn6_f32k5_f32k3_lr001.86-0.02.hdf5
Epoch 87/100
 - 594s - loss: 0.0203 - mean_squared_error: 0.0203 - acc: 0.9245 - val_loss: 0.0222 - val_mean_squared_error: 0.0222 - val_acc: 0.9180

Epoch 00087: val_loss did not improve from 0.02178
Epoch 88/100
 - 594s - loss: 0.0203 - mean_squared_error: 0.0203 - acc: 0.9245 - val_loss: 0.0220 - val_mean_squared_error: 0.0220 - val_acc: 0.9178

Epoch 00088: val_loss did not improve from 0.02178
Epoch 89/100
 - 594s - loss: 0.0203 - mean_squared_error: 0.0203 - acc: 0.9245 - val_loss: 0.0219 - val_mean_squared_error: 0.0219 - val_acc: 0.9174

Epoch 00089: val_loss did not improve from 0.02178
Epoch 90/100
 - 594s - loss: 0.0203 - mean_squared_error: 0.0203 - acc: 0.9247 - val_loss: 0.0218 - val_mean_squared_error: 0.0218 - val_acc: 0.9177

Epoch 00090: val_loss did not improve from 0.02178
Epoch 91/100
 - 594s - loss: 0.0203 - mean_squared_error: 0.0203 - acc: 0.9245 - val_loss: 0.0222 - val_mean_squared_error: 0.0222 - val_acc: 0.9172

Epoch 00091: val_loss did not improve from 0.02178
Epoch 92/100
 - 597s - loss: 0.0202 - mean_squared_error: 0.0202 - acc: 0.9247 - val_loss: 0.0216 - val_mean_squared_error: 0.0216 - val_acc: 0.9182

Epoch 00092: val_loss improved from 0.02178 to 0.02165, saving model to cnn6_f32k5_f32k3_lr001.92-0.02.hdf5
Epoch 93/100
 - 595s - loss: 0.0202 - mean_squared_error: 0.0202 - acc: 0.9247 - val_loss: 0.0221 - val_mean_squared_error: 0.0221 - val_acc: 0.9170

Epoch 00093: val_loss did not improve from 0.02165
Epoch 94/100
 - 593s - loss: 0.0202 - mean_squared_error: 0.0202 - acc: 0.9247 - val_loss: 0.0219 - val_mean_squared_error: 0.0219 - val_acc: 0.9184

Epoch 00094: val_loss did not improve from 0.02165
Epoch 95/100
 - 546s - loss: 0.0202 - mean_squared_error: 0.0202 - acc: 0.9249 - val_loss: 0.0219 - val_mean_squared_error: 0.0219 - val_acc: 0.9175

Epoch 00095: val_loss did not improve from 0.02165
Epoch 96/100
 - 535s - loss: 0.0202 - mean_squared_error: 0.0202 - acc: 0.9247 - val_loss: 0.0217 - val_mean_squared_error: 0.0217 - val_acc: 0.9179

Epoch 00096: val_loss did not improve from 0.02165
Epoch 97/100
 - 535s - loss: 0.0201 - mean_squared_error: 0.0201 - acc: 0.9250 - val_loss: 0.0218 - val_mean_squared_error: 0.0218 - val_acc: 0.9171

Epoch 00097: val_loss did not improve from 0.02165
Epoch 98/100
 - 535s - loss: 0.0202 - mean_squared_error: 0.0202 - acc: 0.9249 - val_loss: 0.0218 - val_mean_squared_error: 0.0218 - val_acc: 0.9180

Epoch 00098: val_loss did not improve from 0.02165
Epoch 99/100
 - 538s - loss: 0.0201 - mean_squared_error: 0.0201 - acc: 0.9253 - val_loss: 0.0223 - val_mean_squared_error: 0.0223 - val_acc: 0.9167

Epoch 00099: val_loss did not improve from 0.02165
Epoch 100/100
 - 537s - loss: 0.0201 - mean_squared_error: 0.0201 - acc: 0.9252 - val_loss: 0.0216 - val_mean_squared_error: 0.0216 - val_acc: 0.9184
Using TensorFlow backend.

Epoch 00100: val_loss improved from 0.02165 to 0.02156, saving model to cnn6_f32k5_f32k3_lr001.100-0.02.hdf5
