2018-10-15 22:55:33.625108: I tensorflow/core/platform/cpu_feature_guard.cc:141] Your CPU supports instructions that this TensorFlow binary was not compiled to use: AVX2 FMA
12cnn
making model
creating graph
loading json
prepping data
training model
Train on 800000 samples, validate on 200000 samples
Epoch 1/100
 - 1122s - loss: 0.1486 - mean_squared_error: 0.1486 - acc: 0.3175 - val_loss: 0.1399 - val_mean_squared_error: 0.1399 - val_acc: 0.3967

Epoch 00001: val_loss improved from inf to 0.13989, saving model to cnn12_f32k5_f32k3_lr001.01-0.14.hdf5
Epoch 2/100
 - 1127s - loss: 0.1336 - mean_squared_error: 0.1336 - acc: 0.4405 - val_loss: 0.1311 - val_mean_squared_error: 0.1311 - val_acc: 0.4539

Epoch 00002: val_loss improved from 0.13989 to 0.13108, saving model to cnn12_f32k5_f32k3_lr001.02-0.13.hdf5
Epoch 3/100
 - 1124s - loss: 0.1295 - mean_squared_error: 0.1295 - acc: 0.4649 - val_loss: 0.1272 - val_mean_squared_error: 0.1272 - val_acc: 0.4810

Epoch 00003: val_loss improved from 0.13108 to 0.12718, saving model to cnn12_f32k5_f32k3_lr001.03-0.13.hdf5
Epoch 4/100
 - 1129s - loss: 0.1201 - mean_squared_error: 0.1201 - acc: 0.5226 - val_loss: 0.1066 - val_mean_squared_error: 0.1066 - val_acc: 0.5932

Epoch 00004: val_loss improved from 0.12718 to 0.10660, saving model to cnn12_f32k5_f32k3_lr001.04-0.11.hdf5
Epoch 5/100
 - 1129s - loss: 0.0896 - mean_squared_error: 0.0896 - acc: 0.6712 - val_loss: 0.0759 - val_mean_squared_error: 0.0759 - val_acc: 0.7294

Epoch 00005: val_loss improved from 0.10660 to 0.07594, saving model to cnn12_f32k5_f32k3_lr001.05-0.08.hdf5
Epoch 6/100
 - 1132s - loss: 0.0666 - mean_squared_error: 0.0666 - acc: 0.7674 - val_loss: 0.0585 - val_mean_squared_error: 0.0585 - val_acc: 0.7976

Epoch 00006: val_loss improved from 0.07594 to 0.05855, saving model to cnn12_f32k5_f32k3_lr001.06-0.06.hdf5
Epoch 7/100
 - 1132s - loss: 0.0525 - mean_squared_error: 0.0525 - acc: 0.8201 - val_loss: 0.0478 - val_mean_squared_error: 0.0478 - val_acc: 0.8369

Epoch 00007: val_loss improved from 0.05855 to 0.04781, saving model to cnn12_f32k5_f32k3_lr001.07-0.05.hdf5
Epoch 8/100
 - 1131s - loss: 0.0439 - mean_squared_error: 0.0439 - acc: 0.8510 - val_loss: 0.0412 - val_mean_squared_error: 0.0412 - val_acc: 0.8607

Epoch 00008: val_loss improved from 0.04781 to 0.04116, saving model to cnn12_f32k5_f32k3_lr001.08-0.04.hdf5
Epoch 9/100
 - 1130s - loss: 0.0383 - mean_squared_error: 0.0383 - acc: 0.8711 - val_loss: 0.0372 - val_mean_squared_error: 0.0372 - val_acc: 0.8736

Epoch 00009: val_loss improved from 0.04116 to 0.03720, saving model to cnn12_f32k5_f32k3_lr001.09-0.04.hdf5
Epoch 10/100
 - 1134s - loss: 0.0344 - mean_squared_error: 0.0344 - acc: 0.8846 - val_loss: 0.0348 - val_mean_squared_error: 0.0348 - val_acc: 0.8833

Epoch 00010: val_loss improved from 0.03720 to 0.03483, saving model to cnn12_f32k5_f32k3_lr001.10-0.03.hdf5
Epoch 11/100
 - 1132s - loss: 0.0316 - mean_squared_error: 0.0316 - acc: 0.8946 - val_loss: 0.0322 - val_mean_squared_error: 0.0322 - val_acc: 0.8931

Epoch 00011: val_loss improved from 0.03483 to 0.03216, saving model to cnn12_f32k5_f32k3_lr001.11-0.03.hdf5
Epoch 12/100
 - 1134s - loss: 0.0295 - mean_squared_error: 0.0295 - acc: 0.9013 - val_loss: 0.0300 - val_mean_squared_error: 0.0300 - val_acc: 0.8998

Epoch 00012: val_loss improved from 0.03216 to 0.02998, saving model to cnn12_f32k5_f32k3_lr001.12-0.03.hdf5
Epoch 13/100
 - 1132s - loss: 0.0280 - mean_squared_error: 0.0280 - acc: 0.9071 - val_loss: 0.0285 - val_mean_squared_error: 0.0285 - val_acc: 0.9043

Epoch 00013: val_loss improved from 0.02998 to 0.02851, saving model to cnn12_f32k5_f32k3_lr001.13-0.03.hdf5
Epoch 14/100
 - 1132s - loss: 0.0268 - mean_squared_error: 0.0268 - acc: 0.9109 - val_loss: 0.0276 - val_mean_squared_error: 0.0276 - val_acc: 0.9072

Epoch 00014: val_loss improved from 0.02851 to 0.02762, saving model to cnn12_f32k5_f32k3_lr001.14-0.03.hdf5
Epoch 15/100
 - 1130s - loss: 0.0258 - mean_squared_error: 0.0258 - acc: 0.9143 - val_loss: 0.0265 - val_mean_squared_error: 0.0265 - val_acc: 0.9120

Epoch 00015: val_loss improved from 0.02762 to 0.02652, saving model to cnn12_f32k5_f32k3_lr001.15-0.03.hdf5
Epoch 16/100
 - 1132s - loss: 0.0249 - mean_squared_error: 0.0249 - acc: 0.9175 - val_loss: 0.0258 - val_mean_squared_error: 0.0258 - val_acc: 0.9138

Epoch 00016: val_loss improved from 0.02652 to 0.02576, saving model to cnn12_f32k5_f32k3_lr001.16-0.03.hdf5
Epoch 17/100
 - 1127s - loss: 0.0242 - mean_squared_error: 0.0242 - acc: 0.9198 - val_loss: 0.0266 - val_mean_squared_error: 0.0266 - val_acc: 0.9104

Epoch 00017: val_loss did not improve from 0.02576
Epoch 18/100
 - 1104s - loss: 0.0235 - mean_squared_error: 0.0235 - acc: 0.9222 - val_loss: 0.0251 - val_mean_squared_error: 0.0251 - val_acc: 0.9164

Epoch 00018: val_loss improved from 0.02576 to 0.02514, saving model to cnn12_f32k5_f32k3_lr001.18-0.03.hdf5
Epoch 19/100
 - 1107s - loss: 0.0230 - mean_squared_error: 0.0230 - acc: 0.9240 - val_loss: 0.0249 - val_mean_squared_error: 0.0249 - val_acc: 0.9165

Epoch 00019: val_loss improved from 0.02514 to 0.02489, saving model to cnn12_f32k5_f32k3_lr001.19-0.02.hdf5
Epoch 20/100
 - 1108s - loss: 0.0225 - mean_squared_error: 0.0225 - acc: 0.9257 - val_loss: 0.0251 - val_mean_squared_error: 0.0251 - val_acc: 0.9169

Epoch 00020: val_loss did not improve from 0.02489
Epoch 21/100
 - 1106s - loss: 0.0221 - mean_squared_error: 0.0221 - acc: 0.9270 - val_loss: 0.0240 - val_mean_squared_error: 0.0240 - val_acc: 0.9199

Epoch 00021: val_loss improved from 0.02489 to 0.02405, saving model to cnn12_f32k5_f32k3_lr001.21-0.02.hdf5
Epoch 22/100
 - 1100s - loss: 0.0217 - mean_squared_error: 0.0217 - acc: 0.9285 - val_loss: 0.0243 - val_mean_squared_error: 0.0243 - val_acc: 0.9187

Epoch 00022: val_loss did not improve from 0.02405
Epoch 23/100
 - 1102s - loss: 0.0214 - mean_squared_error: 0.0214 - acc: 0.9294 - val_loss: 0.0229 - val_mean_squared_error: 0.0229 - val_acc: 0.9241

Epoch 00023: val_loss improved from 0.02405 to 0.02288, saving model to cnn12_f32k5_f32k3_lr001.23-0.02.hdf5
Epoch 24/100
 - 1101s - loss: 0.0211 - mean_squared_error: 0.0211 - acc: 0.9304 - val_loss: 0.0238 - val_mean_squared_error: 0.0238 - val_acc: 0.9204

Epoch 00024: val_loss did not improve from 0.02288
Epoch 25/100
 - 1102s - loss: 0.0207 - mean_squared_error: 0.0207 - acc: 0.9316 - val_loss: 0.0226 - val_mean_squared_error: 0.0226 - val_acc: 0.9247

Epoch 00025: val_loss improved from 0.02288 to 0.02256, saving model to cnn12_f32k5_f32k3_lr001.25-0.02.hdf5
Epoch 26/100
 - 1104s - loss: 0.0205 - mean_squared_error: 0.0205 - acc: 0.9325 - val_loss: 0.0239 - val_mean_squared_error: 0.0239 - val_acc: 0.9200

Epoch 00026: val_loss did not improve from 0.02256
Epoch 27/100
 - 1101s - loss: 0.0202 - mean_squared_error: 0.0202 - acc: 0.9333 - val_loss: 0.0223 - val_mean_squared_error: 0.0223 - val_acc: 0.9261

Epoch 00027: val_loss improved from 0.02256 to 0.02229, saving model to cnn12_f32k5_f32k3_lr001.27-0.02.hdf5
Epoch 28/100
 - 1101s - loss: 0.0200 - mean_squared_error: 0.0200 - acc: 0.9339 - val_loss: 0.0226 - val_mean_squared_error: 0.0226 - val_acc: 0.9249

Epoch 00028: val_loss did not improve from 0.02229
Epoch 29/100
 - 1098s - loss: 0.0198 - mean_squared_error: 0.0198 - acc: 0.9348 - val_loss: 0.0224 - val_mean_squared_error: 0.0224 - val_acc: 0.9261

Epoch 00029: val_loss did not improve from 0.02229
Epoch 30/100
 - 1100s - loss: 0.0196 - mean_squared_error: 0.0196 - acc: 0.9355 - val_loss: 0.0219 - val_mean_squared_error: 0.0219 - val_acc: 0.9275

Epoch 00030: val_loss improved from 0.02229 to 0.02186, saving model to cnn12_f32k5_f32k3_lr001.30-0.02.hdf5
Epoch 31/100
 - 1102s - loss: 0.0194 - mean_squared_error: 0.0194 - acc: 0.9361 - val_loss: 0.0219 - val_mean_squared_error: 0.0219 - val_acc: 0.9271

Epoch 00031: val_loss did not improve from 0.02186
Epoch 32/100
 - 1103s - loss: 0.0192 - mean_squared_error: 0.0192 - acc: 0.9367 - val_loss: 0.0219 - val_mean_squared_error: 0.0219 - val_acc: 0.9276

Epoch 00032: val_loss did not improve from 0.02186
Epoch 33/100
 - 1101s - loss: 0.0191 - mean_squared_error: 0.0191 - acc: 0.9371 - val_loss: 0.0219 - val_mean_squared_error: 0.0219 - val_acc: 0.9277

Epoch 00033: val_loss did not improve from 0.02186
Epoch 34/100
 - 1102s - loss: 0.0189 - mean_squared_error: 0.0189 - acc: 0.9378 - val_loss: 0.0219 - val_mean_squared_error: 0.0219 - val_acc: 0.9277

Epoch 00034: val_loss did not improve from 0.02186
Epoch 35/100
 - 1103s - loss: 0.0188 - mean_squared_error: 0.0188 - acc: 0.9382 - val_loss: 0.0214 - val_mean_squared_error: 0.0214 - val_acc: 0.9289

Epoch 00035: val_loss improved from 0.02186 to 0.02140, saving model to cnn12_f32k5_f32k3_lr001.35-0.02.hdf5
Epoch 36/100
 - 1105s - loss: 0.0186 - mean_squared_error: 0.0186 - acc: 0.9390 - val_loss: 0.0216 - val_mean_squared_error: 0.0216 - val_acc: 0.9281

Epoch 00036: val_loss did not improve from 0.02140
Epoch 37/100
 - 1102s - loss: 0.0185 - mean_squared_error: 0.0185 - acc: 0.9393 - val_loss: 0.0224 - val_mean_squared_error: 0.0224 - val_acc: 0.9254

Epoch 00037: val_loss did not improve from 0.02140
Epoch 38/100
 - 1106s - loss: 0.0184 - mean_squared_error: 0.0184 - acc: 0.9398 - val_loss: 0.0215 - val_mean_squared_error: 0.0215 - val_acc: 0.9292

Epoch 00038: val_loss did not improve from 0.02140
Epoch 39/100
 - 1105s - loss: 0.0183 - mean_squared_error: 0.0183 - acc: 0.9402 - val_loss: 0.0216 - val_mean_squared_error: 0.0216 - val_acc: 0.9282

Epoch 00039: val_loss did not improve from 0.02140
Epoch 40/100
 - 1103s - loss: 0.0181 - mean_squared_error: 0.0181 - acc: 0.9406 - val_loss: 0.0214 - val_mean_squared_error: 0.0214 - val_acc: 0.9287

Epoch 00040: val_loss did not improve from 0.02140
Epoch 41/100
 - 1103s - loss: 0.0181 - mean_squared_error: 0.0181 - acc: 0.9410 - val_loss: 0.0213 - val_mean_squared_error: 0.0213 - val_acc: 0.9291

Epoch 00041: val_loss improved from 0.02140 to 0.02133, saving model to cnn12_f32k5_f32k3_lr001.41-0.02.hdf5
Epoch 42/100
 - 1106s - loss: 0.0179 - mean_squared_error: 0.0179 - acc: 0.9414 - val_loss: 0.0209 - val_mean_squared_error: 0.0209 - val_acc: 0.9308

Epoch 00042: val_loss improved from 0.02133 to 0.02090, saving model to cnn12_f32k5_f32k3_lr001.42-0.02.hdf5
Epoch 43/100
 - 1106s - loss: 0.0178 - mean_squared_error: 0.0178 - acc: 0.9417 - val_loss: 0.0214 - val_mean_squared_error: 0.0214 - val_acc: 0.9294

Epoch 00043: val_loss did not improve from 0.02090
Epoch 44/100
 - 1106s - loss: 0.0177 - mean_squared_error: 0.0177 - acc: 0.9421 - val_loss: 0.0215 - val_mean_squared_error: 0.0215 - val_acc: 0.9289

Epoch 00044: val_loss did not improve from 0.02090
Epoch 45/100
 - 1102s - loss: 0.0176 - mean_squared_error: 0.0176 - acc: 0.9425 - val_loss: 0.0213 - val_mean_squared_error: 0.0213 - val_acc: 0.9293

Epoch 00045: val_loss did not improve from 0.02090
Epoch 46/100
 - 1102s - loss: 0.0175 - mean_squared_error: 0.0175 - acc: 0.9429 - val_loss: 0.0209 - val_mean_squared_error: 0.0209 - val_acc: 0.9310

Epoch 00046: val_loss improved from 0.02090 to 0.02086, saving model to cnn12_f32k5_f32k3_lr001.46-0.02.hdf5
Epoch 47/100
 - 1103s - loss: 0.0174 - mean_squared_error: 0.0174 - acc: 0.9432 - val_loss: 0.0215 - val_mean_squared_error: 0.0215 - val_acc: 0.9283

Epoch 00047: val_loss did not improve from 0.02086
Epoch 48/100
 - 1104s - loss: 0.0174 - mean_squared_error: 0.0174 - acc: 0.9436 - val_loss: 0.0220 - val_mean_squared_error: 0.0220 - val_acc: 0.9271

Epoch 00048: val_loss did not improve from 0.02086
Epoch 49/100
 - 1107s - loss: 0.0173 - mean_squared_error: 0.0173 - acc: 0.9440 - val_loss: 0.0214 - val_mean_squared_error: 0.0214 - val_acc: 0.9296

Epoch 00049: val_loss did not improve from 0.02086
Epoch 50/100
 - 1113s - loss: 0.0172 - mean_squared_error: 0.0172 - acc: 0.9440 - val_loss: 0.0205 - val_mean_squared_error: 0.0205 - val_acc: 0.9323

Epoch 00050: val_loss improved from 0.02086 to 0.02053, saving model to cnn12_f32k5_f32k3_lr001.50-0.02.hdf5
Epoch 51/100
 - 1108s - loss: 0.0171 - mean_squared_error: 0.0171 - acc: 0.9444 - val_loss: 0.0213 - val_mean_squared_error: 0.0213 - val_acc: 0.9293

Epoch 00051: val_loss did not improve from 0.02053
Epoch 52/100
 - 1096s - loss: 0.0170 - mean_squared_error: 0.0170 - acc: 0.9447 - val_loss: 0.0208 - val_mean_squared_error: 0.0208 - val_acc: 0.9310

Epoch 00052: val_loss did not improve from 0.02053
Epoch 53/100
 - 1098s - loss: 0.0169 - mean_squared_error: 0.0169 - acc: 0.9449 - val_loss: 0.0208 - val_mean_squared_error: 0.0208 - val_acc: 0.9307

Epoch 00053: val_loss did not improve from 0.02053
Epoch 54/100
 - 1099s - loss: 0.0169 - mean_squared_error: 0.0169 - acc: 0.9450 - val_loss: 0.0206 - val_mean_squared_error: 0.0206 - val_acc: 0.9320

Epoch 00054: val_loss did not improve from 0.02053
Epoch 55/100
 - 1095s - loss: 0.0168 - mean_squared_error: 0.0168 - acc: 0.9453 - val_loss: 0.0211 - val_mean_squared_error: 0.0211 - val_acc: 0.9305

Epoch 00055: val_loss did not improve from 0.02053
Epoch 56/100
 - 1096s - loss: 0.0167 - mean_squared_error: 0.0167 - acc: 0.9459 - val_loss: 0.0208 - val_mean_squared_error: 0.0208 - val_acc: 0.9314

Epoch 00056: val_loss did not improve from 0.02053
Epoch 57/100
 - 1097s - loss: 0.0167 - mean_squared_error: 0.0167 - acc: 0.9457 - val_loss: 0.0207 - val_mean_squared_error: 0.0207 - val_acc: 0.9311

Epoch 00057: val_loss did not improve from 0.02053
Epoch 58/100
 - 1099s - loss: 0.0166 - mean_squared_error: 0.0166 - acc: 0.9461 - val_loss: 0.0205 - val_mean_squared_error: 0.0205 - val_acc: 0.9324

Epoch 00058: val_loss improved from 0.02053 to 0.02052, saving model to cnn12_f32k5_f32k3_lr001.58-0.02.hdf5
Epoch 59/100
 - 1097s - loss: 0.0166 - mean_squared_error: 0.0166 - acc: 0.9462 - val_loss: 0.0208 - val_mean_squared_error: 0.0208 - val_acc: 0.9317

Epoch 00059: val_loss did not improve from 0.02052
Epoch 60/100
 - 1099s - loss: 0.0165 - mean_squared_error: 0.0165 - acc: 0.9466 - val_loss: 0.0206 - val_mean_squared_error: 0.0206 - val_acc: 0.9316

Epoch 00060: val_loss did not improve from 0.02052
Epoch 61/100
 - 1095s - loss: 0.0164 - mean_squared_error: 0.0164 - acc: 0.9470 - val_loss: 0.0212 - val_mean_squared_error: 0.0212 - val_acc: 0.9298

Epoch 00061: val_loss did not improve from 0.02052
Epoch 62/100
 - 1105s - loss: 0.0163 - mean_squared_error: 0.0163 - acc: 0.9472 - val_loss: 0.0208 - val_mean_squared_error: 0.0208 - val_acc: 0.9317

Epoch 00062: val_loss did not improve from 0.02052
Epoch 63/100
 - 1087s - loss: 0.0163 - mean_squared_error: 0.0163 - acc: 0.9473 - val_loss: 0.0207 - val_mean_squared_error: 0.0207 - val_acc: 0.9319

Epoch 00063: val_loss did not improve from 0.02052
Epoch 64/100
 - 1095s - loss: 0.0162 - mean_squared_error: 0.0162 - acc: 0.9475 - val_loss: 0.0206 - val_mean_squared_error: 0.0206 - val_acc: 0.9318

Epoch 00064: val_loss did not improve from 0.02052
Epoch 65/100
 - 1080s - loss: 0.0161 - mean_squared_error: 0.0161 - acc: 0.9481 - val_loss: 0.0211 - val_mean_squared_error: 0.0211 - val_acc: 0.9308

Epoch 00065: val_loss did not improve from 0.02052
Epoch 66/100
 - 1064s - loss: 0.0161 - mean_squared_error: 0.0161 - acc: 0.9481 - val_loss: 0.0208 - val_mean_squared_error: 0.0208 - val_acc: 0.9314

Epoch 00066: val_loss did not improve from 0.02052
Epoch 67/100
 - 1058s - loss: 0.0160 - mean_squared_error: 0.0160 - acc: 0.9482 - val_loss: 0.0204 - val_mean_squared_error: 0.0204 - val_acc: 0.9333

Epoch 00067: val_loss improved from 0.02052 to 0.02040, saving model to cnn12_f32k5_f32k3_lr001.67-0.02.hdf5
Epoch 68/100
 - 1056s - loss: 0.0159 - mean_squared_error: 0.0159 - acc: 0.9486 - val_loss: 0.0203 - val_mean_squared_error: 0.0203 - val_acc: 0.9331

Epoch 00068: val_loss improved from 0.02040 to 0.02029, saving model to cnn12_f32k5_f32k3_lr001.68-0.02.hdf5
Epoch 69/100
 - 1059s - loss: 0.0159 - mean_squared_error: 0.0159 - acc: 0.9484 - val_loss: 0.0203 - val_mean_squared_error: 0.0203 - val_acc: 0.9336

Epoch 00069: val_loss improved from 0.02029 to 0.02025, saving model to cnn12_f32k5_f32k3_lr001.69-0.02.hdf5
Epoch 70/100
 - 1069s - loss: 0.0158 - mean_squared_error: 0.0158 - acc: 0.9489 - val_loss: 0.0208 - val_mean_squared_error: 0.0208 - val_acc: 0.9315

Epoch 00070: val_loss did not improve from 0.02025
Epoch 71/100
 - 1084s - loss: 0.0158 - mean_squared_error: 0.0158 - acc: 0.9490 - val_loss: 0.0202 - val_mean_squared_error: 0.0202 - val_acc: 0.9339

Epoch 00071: val_loss improved from 0.02025 to 0.02016, saving model to cnn12_f32k5_f32k3_lr001.71-0.02.hdf5
Epoch 72/100
 - 1105s - loss: 0.0158 - mean_squared_error: 0.0158 - acc: 0.9492 - val_loss: 0.0205 - val_mean_squared_error: 0.0205 - val_acc: 0.9328

Epoch 00072: val_loss did not improve from 0.02016
Epoch 73/100
 - 1105s - loss: 0.0157 - mean_squared_error: 0.0157 - acc: 0.9494 - val_loss: 0.0203 - val_mean_squared_error: 0.0203 - val_acc: 0.9335

Epoch 00073: val_loss did not improve from 0.02016
Epoch 74/100
 - 1104s - loss: 0.0156 - mean_squared_error: 0.0156 - acc: 0.9497 - val_loss: 0.0205 - val_mean_squared_error: 0.0205 - val_acc: 0.9329

Epoch 00074: val_loss did not improve from 0.02016
Epoch 75/100
 - 1105s - loss: 0.0156 - mean_squared_error: 0.0156 - acc: 0.9500 - val_loss: 0.0203 - val_mean_squared_error: 0.0203 - val_acc: 0.9337

Epoch 00075: val_loss did not improve from 0.02016
Epoch 76/100
 - 1070s - loss: 0.0155 - mean_squared_error: 0.0155 - acc: 0.9500 - val_loss: 0.0205 - val_mean_squared_error: 0.0205 - val_acc: 0.9330

Epoch 00076: val_loss did not improve from 0.02016
Epoch 77/100
 - 1064s - loss: 0.0155 - mean_squared_error: 0.0155 - acc: 0.9501 - val_loss: 0.0208 - val_mean_squared_error: 0.0208 - val_acc: 0.9322

Epoch 00077: val_loss did not improve from 0.02016
Epoch 78/100
 - 1071s - loss: 0.0154 - mean_squared_error: 0.0154 - acc: 0.9503 - val_loss: 0.0205 - val_mean_squared_error: 0.0205 - val_acc: 0.9328

Epoch 00078: val_loss did not improve from 0.02016
Epoch 79/100
 - 1072s - loss: 0.0154 - mean_squared_error: 0.0154 - acc: 0.9506 - val_loss: 0.0206 - val_mean_squared_error: 0.0206 - val_acc: 0.9326

Epoch 00079: val_loss did not improve from 0.02016
Epoch 80/100
 - 1053s - loss: 0.0153 - mean_squared_error: 0.0153 - acc: 0.9508 - val_loss: 0.0204 - val_mean_squared_error: 0.0204 - val_acc: 0.9334

Epoch 00080: val_loss did not improve from 0.02016
Epoch 81/100
 - 1053s - loss: 0.0153 - mean_squared_error: 0.0153 - acc: 0.9509 - val_loss: 0.0207 - val_mean_squared_error: 0.0207 - val_acc: 0.9323

Epoch 00081: val_loss did not improve from 0.02016
Epoch 82/100
 - 1053s - loss: 0.0152 - mean_squared_error: 0.0152 - acc: 0.9513 - val_loss: 0.0206 - val_mean_squared_error: 0.0206 - val_acc: 0.9327

Epoch 00082: val_loss did not improve from 0.02016
Epoch 83/100
 - 1054s - loss: 0.0152 - mean_squared_error: 0.0152 - acc: 0.9514 - val_loss: 0.0207 - val_mean_squared_error: 0.0207 - val_acc: 0.9325

Epoch 00083: val_loss did not improve from 0.02016
Epoch 84/100
 - 1050s - loss: 0.0152 - mean_squared_error: 0.0152 - acc: 0.9513 - val_loss: 0.0206 - val_mean_squared_error: 0.0206 - val_acc: 0.9327

Epoch 00084: val_loss did not improve from 0.02016
Epoch 85/100
 - 1050s - loss: 0.0151 - mean_squared_error: 0.0151 - acc: 0.9518 - val_loss: 0.0208 - val_mean_squared_error: 0.0208 - val_acc: 0.9325

Epoch 00085: val_loss did not improve from 0.02016
Epoch 86/100
 - 1052s - loss: 0.0151 - mean_squared_error: 0.0151 - acc: 0.9518 - val_loss: 0.0202 - val_mean_squared_error: 0.0202 - val_acc: 0.9347

Epoch 00086: val_loss did not improve from 0.02016
Epoch 87/100
 - 1051s - loss: 0.0150 - mean_squared_error: 0.0150 - acc: 0.9518 - val_loss: 0.0204 - val_mean_squared_error: 0.0204 - val_acc: 0.9334

Epoch 00087: val_loss did not improve from 0.02016
Epoch 88/100
 - 1049s - loss: 0.0150 - mean_squared_error: 0.0150 - acc: 0.9520 - val_loss: 0.0206 - val_mean_squared_error: 0.0206 - val_acc: 0.9333

Epoch 00088: val_loss did not improve from 0.02016
Epoch 89/100
 - 1050s - loss: 0.0149 - mean_squared_error: 0.0149 - acc: 0.9523 - val_loss: 0.0209 - val_mean_squared_error: 0.0209 - val_acc: 0.9322

Epoch 00089: val_loss did not improve from 0.02016
Epoch 90/100
 - 1051s - loss: 0.0149 - mean_squared_error: 0.0149 - acc: 0.9521 - val_loss: 0.0205 - val_mean_squared_error: 0.0205 - val_acc: 0.9333

Epoch 00090: val_loss did not improve from 0.02016
Epoch 91/100
 - 1047s - loss: 0.0148 - mean_squared_error: 0.0148 - acc: 0.9528 - val_loss: 0.0205 - val_mean_squared_error: 0.0205 - val_acc: 0.9335

Epoch 00091: val_loss did not improve from 0.02016
Epoch 92/100
 - 1045s - loss: 0.0148 - mean_squared_error: 0.0148 - acc: 0.9529 - val_loss: 0.0205 - val_mean_squared_error: 0.0205 - val_acc: 0.9331

Epoch 00092: val_loss did not improve from 0.02016
Epoch 93/100
 - 1046s - loss: 0.0147 - mean_squared_error: 0.0147 - acc: 0.9529 - val_loss: 0.0208 - val_mean_squared_error: 0.0208 - val_acc: 0.9324

Epoch 00093: val_loss did not improve from 0.02016
Epoch 94/100
 - 1045s - loss: 0.0147 - mean_squared_error: 0.0147 - acc: 0.9531 - val_loss: 0.0205 - val_mean_squared_error: 0.0205 - val_acc: 0.9330

Epoch 00094: val_loss did not improve from 0.02016
Epoch 95/100
 - 1047s - loss: 0.0147 - mean_squared_error: 0.0147 - acc: 0.9532 - val_loss: 0.0206 - val_mean_squared_error: 0.0206 - val_acc: 0.9332

Epoch 00095: val_loss did not improve from 0.02016
Epoch 96/100
 - 1045s - loss: 0.0146 - mean_squared_error: 0.0146 - acc: 0.9536 - val_loss: 0.0208 - val_mean_squared_error: 0.0208 - val_acc: 0.9334

Epoch 00096: val_loss did not improve from 0.02016
Epoch 97/100
 - 1044s - loss: 0.0146 - mean_squared_error: 0.0146 - acc: 0.9535 - val_loss: 0.0205 - val_mean_squared_error: 0.0205 - val_acc: 0.9336

Epoch 00097: val_loss did not improve from 0.02016
Epoch 98/100
 - 1044s - loss: 0.0146 - mean_squared_error: 0.0146 - acc: 0.9536 - val_loss: 0.0207 - val_mean_squared_error: 0.0207 - val_acc: 0.9332

Epoch 00098: val_loss did not improve from 0.02016
Epoch 99/100
 - 1046s - loss: 0.0145 - mean_squared_error: 0.0145 - acc: 0.9535 - val_loss: 0.0208 - val_mean_squared_error: 0.0208 - val_acc: 0.9330

Epoch 00099: val_loss did not improve from 0.02016
Epoch 100/100
 - 1045s - loss: 0.0145 - mean_squared_error: 0.0145 - acc: 0.9538 - val_loss: 0.0209 - val_mean_squared_error: 0.0209 - val_acc: 0.9324
Using TensorFlow backend.

Epoch 00100: val_loss did not improve from 0.02016
